<?xml version="1.0" encoding="UTF-8" ?>
<testsuites>
  <testsuite errors="0" failures="0" hostname="Pargueluni" id="0" name="HybridServerSecondReleaseTestSuite" package="es.uvigo.esei.dai.hybridserver" skipped="0" tests="236" time="39.48" timestamp="2023-01-22T21:28:59">
      <properties>
[...]
</properties>

      <testcase classname="es.uvigo.esei.dai.hybridserver.week1.WelcomePageTest" name="testMultipleWelcome" time="0.383" />

      <testcase classname="es.uvigo.esei.dai.hybridserver.week1.WelcomePageTest" name="testWelcome" time="0.002" />

      <testcase classname="es.uvigo.esei.dai.hybridserver.week1.HTTPBadRequestsTest" name="test[Missing method]" time="0.0" />

      <testcase classname="es.uvigo.esei.dai.hybridserver.week1.HTTPBadRequestsTest" name="test[Missing resource]" time="0.0" />

      <testcase classname="es.uvigo.esei.dai.hybridserver.week1.HTTPBadRequestsTest" name="test[Missing version]" time="0.0" />

      <testcase classname="es.uvigo.esei.dai.hybridserver.week1.HTTPBadRequestsTest" name="test[Missing first line]" time="0.0" />

      <testcase classname="es.uvigo.esei.dai.hybridserver.week1.HTTPBadRequestsTest" name="test[Invalid header]" time="0.001" />

      <testcase classname="es.uvigo.esei.dai.hybridserver.week1.HTTPRequestGETRootTest" name="testGetResourceChain" time="0.0" />

      <testcase classname="es.uvigo.esei.dai.hybridserver.week1.HTTPRequestGETRootTest" name="testToString" time="0.0" />

      <testcase classname="es.uvigo.esei.dai.hybridserver.week1.HTTPRequestGETRootTest" name="testGetHttpVersion" time="0.0" />

      <testcase classname="es.uvigo.esei.dai.hybridserver.week1.HTTPRequestGETRootTest" name="testGetHeaderParameters" time="0.001" />

      <testcase classname="es.uvigo.esei.dai.hybridserver.week1.HTTPRequestGETRootTest" name="testGetResourceName" time="0.001" />

      <testcase classname="es.uvigo.esei.dai.hybridserver.week1.HTTPRequestGETRootTest" name="testGetResourcePath" time="0.0" />

      <testcase classname="es.uvigo.esei.dai.hybridserver.week1.HTTPRequestGETRootTest" name="testGetContent" time="0.0" />

      <testcase classname="es.uvigo.esei.dai.hybridserver.week1.HTTPRequestGETRootTest" name="testGetMethod" time="0.0" />

      <testcase classname="es.uvigo.esei.dai.hybridserver.week1.HTTPRequestGETRootTest" name="testGetContentLength" time="0.0" />

      <testcase classname="es.uvigo.esei.dai.hybridserver.week1.HTTPRequestGETRootTest" name="testGetResourceParameters" time="0.0" />

      <testcase classname="es.uvigo.esei.dai.hybridserver.week1.HTTPRequestGETResourceTest" name="testGetResourceChain" time="0.0" />

      <testcase classname="es.uvigo.esei.dai.hybridserver.week1.HTTPRequestGETResourceTest" name="testToString" time="0.001" />

      <testcase classname="es.uvigo.esei.dai.hybridserver.week1.HTTPRequestGETResourceTest" name="testGetHttpVersion" time="0.0" />

      <testcase classname="es.uvigo.esei.dai.hybridserver.week1.HTTPRequestGETResourceTest" name="testGetHeaderParameters" time="0.0" />

      <testcase classname="es.uvigo.esei.dai.hybridserver.week1.HTTPRequestGETResourceTest" name="testGetResourceName" time="0.001" />

      <testcase classname="es.uvigo.esei.dai.hybridserver.week1.HTTPRequestGETResourceTest" name="testGetResourcePath" time="0.0" />

      <testcase classname="es.uvigo.esei.dai.hybridserver.week1.HTTPRequestGETResourceTest" name="testGetContent" time="0.0" />

      <testcase classname="es.uvigo.esei.dai.hybridserver.week1.HTTPRequestGETResourceTest" name="testGetMethod" time="0.0" />

      <testcase classname="es.uvigo.esei.dai.hybridserver.week1.HTTPRequestGETResourceTest" name="testGetContentLength" time="0.0" />

      <testcase classname="es.uvigo.esei.dai.hybridserver.week1.HTTPRequestGETResourceTest" name="testGetResourceParameters" time="0.0" />

      <testcase classname="es.uvigo.esei.dai.hybridserver.week1.HTTPRequestGETResourcesTest" name="testGetResourceChain" time="0.0" />

      <testcase classname="es.uvigo.esei.dai.hybridserver.week1.HTTPRequestGETResourcesTest" name="testToString" time="0.0" />

      <testcase classname="es.uvigo.esei.dai.hybridserver.week1.HTTPRequestGETResourcesTest" name="testGetHttpVersion" time="0.0" />

      <testcase classname="es.uvigo.esei.dai.hybridserver.week1.HTTPRequestGETResourcesTest" name="testGetHeaderParameters" time="0.0" />

      <testcase classname="es.uvigo.esei.dai.hybridserver.week1.HTTPRequestGETResourcesTest" name="testGetResourceName" time="0.0" />

      <testcase classname="es.uvigo.esei.dai.hybridserver.week1.HTTPRequestGETResourcesTest" name="testGetResourcePath" time="0.0" />

      <testcase classname="es.uvigo.esei.dai.hybridserver.week1.HTTPRequestGETResourcesTest" name="testGetContent" time="0.0" />

      <testcase classname="es.uvigo.esei.dai.hybridserver.week1.HTTPRequestGETResourcesTest" name="testGetMethod" time="0.0" />

      <testcase classname="es.uvigo.esei.dai.hybridserver.week1.HTTPRequestGETResourcesTest" name="testGetContentLength" time="0.0" />

      <testcase classname="es.uvigo.esei.dai.hybridserver.week1.HTTPRequestGETResourcesTest" name="testGetResourceParameters" time="0.0" />

      <testcase classname="es.uvigo.esei.dai.hybridserver.week1.HTTPRequestGETParametersTest" name="testGetResourceChain" time="0.001" />

      <testcase classname="es.uvigo.esei.dai.hybridserver.week1.HTTPRequestGETParametersTest" name="testToString" time="0.0" />

      <testcase classname="es.uvigo.esei.dai.hybridserver.week1.HTTPRequestGETParametersTest" name="testGetHttpVersion" time="0.0" />

      <testcase classname="es.uvigo.esei.dai.hybridserver.week1.HTTPRequestGETParametersTest" name="testGetHeaderParameters" time="0.0" />

      <testcase classname="es.uvigo.esei.dai.hybridserver.week1.HTTPRequestGETParametersTest" name="testGetResourceName" time="0.0" />

      <testcase classname="es.uvigo.esei.dai.hybridserver.week1.HTTPRequestGETParametersTest" name="testGetResourcePath" time="0.0" />

      <testcase classname="es.uvigo.esei.dai.hybridserver.week1.HTTPRequestGETParametersTest" name="testGetContent" time="0.0" />

      <testcase classname="es.uvigo.esei.dai.hybridserver.week1.HTTPRequestGETParametersTest" name="testGetMethod" time="0.0" />

      <testcase classname="es.uvigo.esei.dai.hybridserver.week1.HTTPRequestGETParametersTest" name="testGetContentLength" time="0.0" />

      <testcase classname="es.uvigo.esei.dai.hybridserver.week1.HTTPRequestGETParametersTest" name="testGetResourceParameters" time="0.001" />

      <testcase classname="es.uvigo.esei.dai.hybridserver.week1.HTTPRequestPOSTOneParameterTest" name="testGetResourceChain" time="0.0" />

      <testcase classname="es.uvigo.esei.dai.hybridserver.week1.HTTPRequestPOSTOneParameterTest" name="testToString" time="0.0" />

      <testcase classname="es.uvigo.esei.dai.hybridserver.week1.HTTPRequestPOSTOneParameterTest" name="testGetHttpVersion" time="0.0" />

      <testcase classname="es.uvigo.esei.dai.hybridserver.week1.HTTPRequestPOSTOneParameterTest" name="testGetHeaderParameters" time="0.0" />

      <testcase classname="es.uvigo.esei.dai.hybridserver.week1.HTTPRequestPOSTOneParameterTest" name="testGetResourceName" time="0.001" />

      <testcase classname="es.uvigo.esei.dai.hybridserver.week1.HTTPRequestPOSTOneParameterTest" name="testGetResourcePath" time="0.0" />

      <testcase classname="es.uvigo.esei.dai.hybridserver.week1.HTTPRequestPOSTOneParameterTest" name="testGetContent" time="0.0" />

      <testcase classname="es.uvigo.esei.dai.hybridserver.week1.HTTPRequestPOSTOneParameterTest" name="testGetMethod" time="0.0" />

      <testcase classname="es.uvigo.esei.dai.hybridserver.week1.HTTPRequestPOSTOneParameterTest" name="testGetContentLength" time="0.0" />

      <testcase classname="es.uvigo.esei.dai.hybridserver.week1.HTTPRequestPOSTOneParameterTest" name="testGetResourceParameters" time="0.0" />

      <testcase classname="es.uvigo.esei.dai.hybridserver.week1.HTTPRequestPOSTMultipleParametersTest" name="testGetResourceChain" time="0.0" />

      <testcase classname="es.uvigo.esei.dai.hybridserver.week1.HTTPRequestPOSTMultipleParametersTest" name="testToString" time="0.0" />

      <testcase classname="es.uvigo.esei.dai.hybridserver.week1.HTTPRequestPOSTMultipleParametersTest" name="testGetHttpVersion" time="0.0" />

      <testcase classname="es.uvigo.esei.dai.hybridserver.week1.HTTPRequestPOSTMultipleParametersTest" name="testGetHeaderParameters" time="0.0" />

      <testcase classname="es.uvigo.esei.dai.hybridserver.week1.HTTPRequestPOSTMultipleParametersTest" name="testGetResourceName" time="0.0" />

      <testcase classname="es.uvigo.esei.dai.hybridserver.week1.HTTPRequestPOSTMultipleParametersTest" name="testGetResourcePath" time="0.0" />

      <testcase classname="es.uvigo.esei.dai.hybridserver.week1.HTTPRequestPOSTMultipleParametersTest" name="testGetContent" time="0.0" />

      <testcase classname="es.uvigo.esei.dai.hybridserver.week1.HTTPRequestPOSTMultipleParametersTest" name="testGetMethod" time="0.0" />

      <testcase classname="es.uvigo.esei.dai.hybridserver.week1.HTTPRequestPOSTMultipleParametersTest" name="testGetContentLength" time="0.0" />

      <testcase classname="es.uvigo.esei.dai.hybridserver.week1.HTTPRequestPOSTMultipleParametersTest" name="testGetResourceParameters" time="0.0" />

      <testcase classname="es.uvigo.esei.dai.hybridserver.week1.HTTPRequestPOSTEncodedTest" name="testGetResourceChain" time="0.0" />

      <testcase classname="es.uvigo.esei.dai.hybridserver.week1.HTTPRequestPOSTEncodedTest" name="testToString" time="0.0" />

      <testcase classname="es.uvigo.esei.dai.hybridserver.week1.HTTPRequestPOSTEncodedTest" name="testGetHttpVersion" time="0.0" />

      <testcase classname="es.uvigo.esei.dai.hybridserver.week1.HTTPRequestPOSTEncodedTest" name="testGetHeaderParameters" time="0.0" />

      <testcase classname="es.uvigo.esei.dai.hybridserver.week1.HTTPRequestPOSTEncodedTest" name="testGetResourceName" time="0.0" />

      <testcase classname="es.uvigo.esei.dai.hybridserver.week1.HTTPRequestPOSTEncodedTest" name="testGetResourcePath" time="0.0" />

      <testcase classname="es.uvigo.esei.dai.hybridserver.week1.HTTPRequestPOSTEncodedTest" name="testGetContent" time="0.0" />

      <testcase classname="es.uvigo.esei.dai.hybridserver.week1.HTTPRequestPOSTEncodedTest" name="testGetMethod" time="0.0" />

      <testcase classname="es.uvigo.esei.dai.hybridserver.week1.HTTPRequestPOSTEncodedTest" name="testGetContentLength" time="0.0" />

      <testcase classname="es.uvigo.esei.dai.hybridserver.week1.HTTPRequestPOSTEncodedTest" name="testGetResourceParameters" time="0.0" />

      <testcase classname="es.uvigo.esei.dai.hybridserver.week1.HTTPResponseNoContentTest" name="testPrint" time="0.0" />

      <testcase classname="es.uvigo.esei.dai.hybridserver.week1.HTTPResponseNoContentWithHeadersTest" name="testPrint" time="0.0" />

      <testcase classname="es.uvigo.esei.dai.hybridserver.week1.HTTPResponseTest" name="testPrint" time="0.0" />

      <testcase classname="es.uvigo.esei.dai.hybridserver.week1.HTTPResponseWithHeadersTest" name="testPrint" time="0.001" />

      <testcase classname="es.uvigo.esei.dai.hybridserver.week3.CustomPortTest" name="testMultipleWelcome[0]" time="0.013" />

      <testcase classname="es.uvigo.esei.dai.hybridserver.week3.CustomPortTest" name="testWelcome[0]" time="0.001" />

      <testcase classname="es.uvigo.esei.dai.hybridserver.week3.CustomPortTest" name="testMultipleWelcome[1]" time="0.009" />

      <testcase classname="es.uvigo.esei.dai.hybridserver.week3.CustomPortTest" name="testWelcome[1]" time="0.001" />

      <testcase classname="es.uvigo.esei.dai.hybridserver.week3.CustomPortTest" name="testMultipleWelcome[2]" time="0.008" />

      <testcase classname="es.uvigo.esei.dai.hybridserver.week3.CustomPortTest" name="testWelcome[2]" time="0.002" />

      <testcase classname="es.uvigo.esei.dai.hybridserver.week3.CustomPortTest" name="testMultipleWelcome[3]" time="0.008" />

      <testcase classname="es.uvigo.esei.dai.hybridserver.week3.CustomPortTest" name="testWelcome[3]" time="0.001" />

      <testcase classname="es.uvigo.esei.dai.hybridserver.week3.CustomPortTest" name="testMultipleWelcome[4]" time="0.008" />

      <testcase classname="es.uvigo.esei.dai.hybridserver.week3.CustomPortTest" name="testWelcome[4]" time="0.001" />

      <testcase classname="es.uvigo.esei.dai.hybridserver.week3.CustomPortTest" name="testMultipleWelcome[5]" time="0.008" />

      <testcase classname="es.uvigo.esei.dai.hybridserver.week3.CustomPortTest" name="testWelcome[5]" time="0.001" />

      <testcase classname="es.uvigo.esei.dai.hybridserver.week3.CustomPortTest" name="testMultipleWelcome[6]" time="0.008" />

      <testcase classname="es.uvigo.esei.dai.hybridserver.week3.CustomPortTest" name="testWelcome[6]" time="0.001" />

      <testcase classname="es.uvigo.esei.dai.hybridserver.week3.CustomPortTest" name="testMultipleWelcome[7]" time="0.008" />

      <testcase classname="es.uvigo.esei.dai.hybridserver.week3.CustomPortTest" name="testWelcome[7]" time="0.003" />

      <testcase classname="es.uvigo.esei.dai.hybridserver.week3.CustomPortTest" name="testMultipleWelcome[8]" time="0.007" />

      <testcase classname="es.uvigo.esei.dai.hybridserver.week3.CustomPortTest" name="testWelcome[8]" time="0.002" />

      <testcase classname="es.uvigo.esei.dai.hybridserver.week3.CustomPortTest" name="testMultipleWelcome[9]" time="0.01" />

      <testcase classname="es.uvigo.esei.dai.hybridserver.week3.CustomPortTest" name="testWelcome[9]" time="0.002" />

      <testcase classname="es.uvigo.esei.dai.hybridserver.week3.ClientRequestsWithDatabaseTest" name="testPostInvalidContent" time="0.194" />

      <testcase classname="es.uvigo.esei.dai.hybridserver.week3.ClientRequestsWithDatabaseTest" name="testPost" time="0.031" />

      <testcase classname="es.uvigo.esei.dai.hybridserver.week3.ClientRequestsWithDatabaseTest" name="testGetInvalidResource" time="0.017" />

      <testcase classname="es.uvigo.esei.dai.hybridserver.week3.ClientRequestsWithDatabaseTest" name="testGetInvalidHtmlPage" time="0.019" />

      <testcase classname="es.uvigo.esei.dai.hybridserver.week3.ClientRequestsWithDatabaseTest" name="testGetHtmlList" time="0.018" />

      <testcase classname="es.uvigo.esei.dai.hybridserver.week3.ClientRequestsWithDatabaseTest" name="testDelete" time="0.024" />

      <testcase classname="es.uvigo.esei.dai.hybridserver.week3.ClientRequestsWithDatabaseTest" name="testDeleteNonexistentPage" time="0.018" />

      <testcase classname="es.uvigo.esei.dai.hybridserver.week7.HTMLClientRequestsWithDatabaseTest" name="testGet" time="0.047" />

      <testcase classname="es.uvigo.esei.dai.hybridserver.week7.HTMLClientRequestsWithDatabaseTest" name="testPost" time="0.04" />

      <testcase classname="es.uvigo.esei.dai.hybridserver.week7.HTMLClientRequestsWithDatabaseTest" name="testGetList" time="0.029" />

      <testcase classname="es.uvigo.esei.dai.hybridserver.week7.HTMLClientRequestsWithDatabaseTest" name="testDelete" time="0.032" />

      <testcase classname="es.uvigo.esei.dai.hybridserver.week7.HTMLClientRequestsWithDatabaseTest" name="testDeleteNonexistentPage" time="0.029" />

      <testcase classname="es.uvigo.esei.dai.hybridserver.week7.HTMLClientRequestsWithDatabaseTest" name="testGetInvalidPage" time="0.029" />

      <testcase classname="es.uvigo.esei.dai.hybridserver.week7.XMLClientRequestsWithDatabaseTest" name="testGet" time="0.03" />

      <testcase classname="es.uvigo.esei.dai.hybridserver.week7.XMLClientRequestsWithDatabaseTest" name="testPost" time="0.03" />

      <testcase classname="es.uvigo.esei.dai.hybridserver.week7.XMLClientRequestsWithDatabaseTest" name="testGetList" time="0.028" />

      <testcase classname="es.uvigo.esei.dai.hybridserver.week7.XMLClientRequestsWithDatabaseTest" name="testDelete" time="0.031" />

      <testcase classname="es.uvigo.esei.dai.hybridserver.week7.XMLClientRequestsWithDatabaseTest" name="testDeleteNonexistentPage" time="0.028" />

      <testcase classname="es.uvigo.esei.dai.hybridserver.week7.XMLClientRequestsWithDatabaseTest" name="testGetInvalidPage" time="0.029" />

      <testcase classname="es.uvigo.esei.dai.hybridserver.week7.XSDClientRequestsWithDatabaseTest" name="testGet" time="0.034" />

      <testcase classname="es.uvigo.esei.dai.hybridserver.week7.XSDClientRequestsWithDatabaseTest" name="testPost" time="0.033" />

      <testcase classname="es.uvigo.esei.dai.hybridserver.week7.XSDClientRequestsWithDatabaseTest" name="testGetList" time="0.028" />

      <testcase classname="es.uvigo.esei.dai.hybridserver.week7.XSDClientRequestsWithDatabaseTest" name="testDelete" time="0.031" />

      <testcase classname="es.uvigo.esei.dai.hybridserver.week7.XSDClientRequestsWithDatabaseTest" name="testDeleteNonexistentPage" time="0.029" />

      <testcase classname="es.uvigo.esei.dai.hybridserver.week7.XSDClientRequestsWithDatabaseTest" name="testGetInvalidPage" time="0.028" />

      <testcase classname="es.uvigo.esei.dai.hybridserver.week7.XSLTClientRequestsWithDatabaseTest" name="testPostWithBadXSD" time="0.027" />

      <testcase classname="es.uvigo.esei.dai.hybridserver.week7.XSLTClientRequestsWithDatabaseTest" name="testPost" time="0.031" />

      <testcase classname="es.uvigo.esei.dai.hybridserver.week7.XSLTClientRequestsWithDatabaseTest" name="testPostWithoutXSD" time="0.027" />

      <testcase classname="es.uvigo.esei.dai.hybridserver.week7.XSLTClientRequestsWithDatabaseTest" name="testGet" time="0.03" />

      <testcase classname="es.uvigo.esei.dai.hybridserver.week7.XSLTClientRequestsWithDatabaseTest" name="testGetList" time="0.026" />

      <testcase classname="es.uvigo.esei.dai.hybridserver.week7.XSLTClientRequestsWithDatabaseTest" name="testDelete" time="0.03" />

      <testcase classname="es.uvigo.esei.dai.hybridserver.week7.XSLTClientRequestsWithDatabaseTest" name="testDeleteNonexistentPage" time="0.026" />

      <testcase classname="es.uvigo.esei.dai.hybridserver.week7.XSLTClientRequestsWithDatabaseTest" name="testGetInvalidPage" time="0.028" />

      <testcase classname="es.uvigo.esei.dai.hybridserver.week9.ConvertedXMLTest" name="testInvalidXSLT" time="0.066" />

      <testcase classname="es.uvigo.esei.dai.hybridserver.week9.ConvertedXMLTest" name="testSimpleGet" time="0.03" />

      <testcase classname="es.uvigo.esei.dai.hybridserver.week9.ConvertedXMLTest" name="testInexistantXSLT" time="0.036" />

      <testcase classname="es.uvigo.esei.dai.hybridserver.week9.ConvertedXMLTest" name="testConvertedGet" time="0.127" />

      <testcase classname="es.uvigo.esei.dai.hybridserver.week9.InvalidXMLConfigurationLoaderTest" name="testLoad[Missing http parameter]" time="0.003" />

      <testcase classname="es.uvigo.esei.dai.hybridserver.week9.InvalidXMLConfigurationLoaderTest" name="testLoad[Missing database configuration]" time="0.002" />

      <testcase classname="es.uvigo.esei.dai.hybridserver.week9.InvalidXMLConfigurationLoaderTest" name="testLoad[Invalid http port number]" time="0.002" />

      <testcase classname="es.uvigo.esei.dai.hybridserver.week9.InvalidXMLConfigurationLoaderTest" name="testLoad[Invalid number of clients]" time="0.002" />

      <testcase classname="es.uvigo.esei.dai.hybridserver.week9.InvalidXMLConfigurationLoaderTest" name="testLoad[Missing attributes in server]" time="0.002" />

      <testcase classname="es.uvigo.esei.dai.hybridserver.week9.XMLConfigurationLoaderTest" name="testLoad" time="0.002" />

      <testcase classname="es.uvigo.esei.dai.hybridserver.week11.WelcomeAndListsMultipleServersTestCase" name="testHtmlList[Hybrid Server 1]" time="0.393" />

      <testcase classname="es.uvigo.esei.dai.hybridserver.week11.WelcomeAndListsMultipleServersTestCase" name="testWelcome[Hybrid Server 1]" time="0.169" />

      <testcase classname="es.uvigo.esei.dai.hybridserver.week11.WelcomeAndListsMultipleServersTestCase" name="testXsltList[Hybrid Server 1]" time="0.223" />

      <testcase classname="es.uvigo.esei.dai.hybridserver.week11.WelcomeAndListsMultipleServersTestCase" name="testXmlList[Hybrid Server 1]" time="0.244" />

      <testcase classname="es.uvigo.esei.dai.hybridserver.week11.WelcomeAndListsMultipleServersTestCase" name="testXsdList[Hybrid Server 1]" time="0.242" />

      <testcase classname="es.uvigo.esei.dai.hybridserver.week11.WelcomeAndListsMultipleServersTestCase" name="testHtmlList[Hybrid Server 2]" time="0.22" />

      <testcase classname="es.uvigo.esei.dai.hybridserver.week11.WelcomeAndListsMultipleServersTestCase" name="testWelcome[Hybrid Server 2]" time="0.158" />

      <testcase classname="es.uvigo.esei.dai.hybridserver.week11.WelcomeAndListsMultipleServersTestCase" name="testXsltList[Hybrid Server 2]" time="0.224" />

      <testcase classname="es.uvigo.esei.dai.hybridserver.week11.WelcomeAndListsMultipleServersTestCase" name="testXmlList[Hybrid Server 2]" time="0.225" />

      <testcase classname="es.uvigo.esei.dai.hybridserver.week11.WelcomeAndListsMultipleServersTestCase" name="testXsdList[Hybrid Server 2]" time="0.243" />

      <testcase classname="es.uvigo.esei.dai.hybridserver.week11.WelcomeAndListsMultipleServersTestCase" name="testHtmlList[Hybrid Server 3]" time="0.217" />

      <testcase classname="es.uvigo.esei.dai.hybridserver.week11.WelcomeAndListsMultipleServersTestCase" name="testWelcome[Hybrid Server 3]" time="0.151" />

      <testcase classname="es.uvigo.esei.dai.hybridserver.week11.WelcomeAndListsMultipleServersTestCase" name="testXsltList[Hybrid Server 3]" time="0.23" />

      <testcase classname="es.uvigo.esei.dai.hybridserver.week11.WelcomeAndListsMultipleServersTestCase" name="testXmlList[Hybrid Server 3]" time="0.223" />

      <testcase classname="es.uvigo.esei.dai.hybridserver.week11.WelcomeAndListsMultipleServersTestCase" name="testXsdList[Hybrid Server 3]" time="0.207" />

      <testcase classname="es.uvigo.esei.dai.hybridserver.week11.WelcomeAndListsMultipleServersTestCase" name="testHtmlList[Hybrid Server 4]" time="0.212" />

      <testcase classname="es.uvigo.esei.dai.hybridserver.week11.WelcomeAndListsMultipleServersTestCase" name="testWelcome[Hybrid Server 4]" time="0.147" />

      <testcase classname="es.uvigo.esei.dai.hybridserver.week11.WelcomeAndListsMultipleServersTestCase" name="testXsltList[Hybrid Server 4]" time="0.215" />

      <testcase classname="es.uvigo.esei.dai.hybridserver.week11.WelcomeAndListsMultipleServersTestCase" name="testXmlList[Hybrid Server 4]" time="0.215" />

      <testcase classname="es.uvigo.esei.dai.hybridserver.week11.WelcomeAndListsMultipleServersTestCase" name="testXsdList[Hybrid Server 4]" time="0.211" />

      <testcase classname="es.uvigo.esei.dai.hybridserver.week11.HtmlMultipleServersTestCase" name="testGetLocales[Hybrid Server 1]" time="0.17" />

      <testcase classname="es.uvigo.esei.dai.hybridserver.week11.HtmlMultipleServersTestCase" name="testGetRemotes[Hybrid Server 1]" time="0.736" />

      <testcase classname="es.uvigo.esei.dai.hybridserver.week11.HtmlMultipleServersTestCase" name="testInvalid[Hybrid Server 1]" time="0.707" />

      <testcase classname="es.uvigo.esei.dai.hybridserver.week11.HtmlMultipleServersTestCase" name="testGetLocales[Hybrid Server 2]" time="0.159" />

      <testcase classname="es.uvigo.esei.dai.hybridserver.week11.HtmlMultipleServersTestCase" name="testGetRemotes[Hybrid Server 2]" time="0.662" />

      <testcase classname="es.uvigo.esei.dai.hybridserver.week11.HtmlMultipleServersTestCase" name="testInvalid[Hybrid Server 2]" time="0.67" />

      <testcase classname="es.uvigo.esei.dai.hybridserver.week11.HtmlMultipleServersTestCase" name="testGetLocales[Hybrid Server 3]" time="0.153" />

      <testcase classname="es.uvigo.esei.dai.hybridserver.week11.HtmlMultipleServersTestCase" name="testGetRemotes[Hybrid Server 3]" time="0.659" />

      <testcase classname="es.uvigo.esei.dai.hybridserver.week11.HtmlMultipleServersTestCase" name="testInvalid[Hybrid Server 3]" time="0.655" />

      <testcase classname="es.uvigo.esei.dai.hybridserver.week11.HtmlMultipleServersTestCase" name="testGetLocales[Hybrid Server 4]" time="0.152" />

      <testcase classname="es.uvigo.esei.dai.hybridserver.week11.HtmlMultipleServersTestCase" name="testGetRemotes[Hybrid Server 4]" time="0.637" />

      <testcase classname="es.uvigo.esei.dai.hybridserver.week11.HtmlMultipleServersTestCase" name="testInvalid[Hybrid Server 4]" time="0.62" />

      <testcase classname="es.uvigo.esei.dai.hybridserver.week11.XmlMultipleServersTestCase" name="testGetLocales[Hybrid Server 1]" time="0.148" />

      <testcase classname="es.uvigo.esei.dai.hybridserver.week11.XmlMultipleServersTestCase" name="testGetRemotes[Hybrid Server 1]" time="0.356" />

      <testcase classname="es.uvigo.esei.dai.hybridserver.week11.XmlMultipleServersTestCase" name="testInvalid[Hybrid Server 1]" time="0.633" />

      <testcase classname="es.uvigo.esei.dai.hybridserver.week11.XmlMultipleServersTestCase" name="testGetLocales[Hybrid Server 2]" time="0.141" />

      <testcase classname="es.uvigo.esei.dai.hybridserver.week11.XmlMultipleServersTestCase" name="testGetRemotes[Hybrid Server 2]" time="0.335" />

      <testcase classname="es.uvigo.esei.dai.hybridserver.week11.XmlMultipleServersTestCase" name="testInvalid[Hybrid Server 2]" time="0.614" />

      <testcase classname="es.uvigo.esei.dai.hybridserver.week11.XmlMultipleServersTestCase" name="testGetLocales[Hybrid Server 3]" time="0.143" />

      <testcase classname="es.uvigo.esei.dai.hybridserver.week11.XmlMultipleServersTestCase" name="testGetRemotes[Hybrid Server 3]" time="0.358" />

      <testcase classname="es.uvigo.esei.dai.hybridserver.week11.XmlMultipleServersTestCase" name="testInvalid[Hybrid Server 3]" time="0.62" />

      <testcase classname="es.uvigo.esei.dai.hybridserver.week11.XmlMultipleServersTestCase" name="testGetLocales[Hybrid Server 4]" time="0.137" />

      <testcase classname="es.uvigo.esei.dai.hybridserver.week11.XmlMultipleServersTestCase" name="testGetRemotes[Hybrid Server 4]" time="0.336" />

      <testcase classname="es.uvigo.esei.dai.hybridserver.week11.XmlMultipleServersTestCase" name="testInvalid[Hybrid Server 4]" time="0.596" />

      <testcase classname="es.uvigo.esei.dai.hybridserver.week11.XsdMultipleServersTestCase" name="testGetLocales[Hybrid Server 1]" time="0.139" />

      <testcase classname="es.uvigo.esei.dai.hybridserver.week11.XsdMultipleServersTestCase" name="testGetRemotes[Hybrid Server 1]" time="0.349" />

      <testcase classname="es.uvigo.esei.dai.hybridserver.week11.XsdMultipleServersTestCase" name="testInvalid[Hybrid Server 1]" time="0.631" />

      <testcase classname="es.uvigo.esei.dai.hybridserver.week11.XsdMultipleServersTestCase" name="testGetLocales[Hybrid Server 2]" time="0.143" />

      <testcase classname="es.uvigo.esei.dai.hybridserver.week11.XsdMultipleServersTestCase" name="testGetRemotes[Hybrid Server 2]" time="0.33" />

      <testcase classname="es.uvigo.esei.dai.hybridserver.week11.XsdMultipleServersTestCase" name="testInvalid[Hybrid Server 2]" time="0.605" />

      <testcase classname="es.uvigo.esei.dai.hybridserver.week11.XsdMultipleServersTestCase" name="testGetLocales[Hybrid Server 3]" time="0.146" />

      <testcase classname="es.uvigo.esei.dai.hybridserver.week11.XsdMultipleServersTestCase" name="testGetRemotes[Hybrid Server 3]" time="0.339" />

      <testcase classname="es.uvigo.esei.dai.hybridserver.week11.XsdMultipleServersTestCase" name="testInvalid[Hybrid Server 3]" time="0.629" />

      <testcase classname="es.uvigo.esei.dai.hybridserver.week11.XsdMultipleServersTestCase" name="testGetLocales[Hybrid Server 4]" time="0.153" />

      <testcase classname="es.uvigo.esei.dai.hybridserver.week11.XsdMultipleServersTestCase" name="testGetRemotes[Hybrid Server 4]" time="0.325" />

      <testcase classname="es.uvigo.esei.dai.hybridserver.week11.XsdMultipleServersTestCase" name="testInvalid[Hybrid Server 4]" time="0.592" />

      <testcase classname="es.uvigo.esei.dai.hybridserver.week11.XsltMultipleServersTestCase" name="testGetLocales[Hybrid Server 1]" time="0.142" />

      <testcase classname="es.uvigo.esei.dai.hybridserver.week11.XsltMultipleServersTestCase" name="testGetRemotes[Hybrid Server 1]" time="0.324" />

      <testcase classname="es.uvigo.esei.dai.hybridserver.week11.XsltMultipleServersTestCase" name="testInvalid[Hybrid Server 1]" time="0.597" />

      <testcase classname="es.uvigo.esei.dai.hybridserver.week11.XsltMultipleServersTestCase" name="testGetLocales[Hybrid Server 2]" time="0.14" />

      <testcase classname="es.uvigo.esei.dai.hybridserver.week11.XsltMultipleServersTestCase" name="testGetRemotes[Hybrid Server 2]" time="0.34" />

      <testcase classname="es.uvigo.esei.dai.hybridserver.week11.XsltMultipleServersTestCase" name="testInvalid[Hybrid Server 2]" time="0.645" />

      <testcase classname="es.uvigo.esei.dai.hybridserver.week11.XsltMultipleServersTestCase" name="testGetLocales[Hybrid Server 3]" time="0.145" />

      <testcase classname="es.uvigo.esei.dai.hybridserver.week11.XsltMultipleServersTestCase" name="testGetRemotes[Hybrid Server 3]" time="0.332" />

      <testcase classname="es.uvigo.esei.dai.hybridserver.week11.XsltMultipleServersTestCase" name="testInvalid[Hybrid Server 3]" time="0.598" />

      <testcase classname="es.uvigo.esei.dai.hybridserver.week11.XsltMultipleServersTestCase" name="testGetLocales[Hybrid Server 4]" time="0.142" />

      <testcase classname="es.uvigo.esei.dai.hybridserver.week11.XsltMultipleServersTestCase" name="testGetRemotes[Hybrid Server 4]" time="0.324" />

      <testcase classname="es.uvigo.esei.dai.hybridserver.week11.XsltMultipleServersTestCase" name="testInvalid[Hybrid Server 4]" time="0.596" />

      <testcase classname="es.uvigo.esei.dai.hybridserver.week11.TransformedMultipleServersTestCase" name="testBadXsltTransformations[Hybrid Server 1]" time="1.141" />

      <testcase classname="es.uvigo.esei.dai.hybridserver.week11.TransformedMultipleServersTestCase" name="testInvalidXsltTransformations[Hybrid Server 1]" time="0.429" />

      <testcase classname="es.uvigo.esei.dai.hybridserver.week11.TransformedMultipleServersTestCase" name="testBadXmlTransformations[Hybrid Server 1]" time="0.509" />

      <testcase classname="es.uvigo.esei.dai.hybridserver.week11.TransformedMultipleServersTestCase" name="testGetLocales[Hybrid Server 1]" time="0.162" />

      <testcase classname="es.uvigo.esei.dai.hybridserver.week11.TransformedMultipleServersTestCase" name="testCrossTransformations[Hybrid Server 1]" time="0.451" />

      <testcase classname="es.uvigo.esei.dai.hybridserver.week11.TransformedMultipleServersTestCase" name="testGetRemotes[Hybrid Server 1]" time="0.729" />

      <testcase classname="es.uvigo.esei.dai.hybridserver.week11.TransformedMultipleServersTestCase" name="testBadXsltTransformations[Hybrid Server 2]" time="1.096" />

      <testcase classname="es.uvigo.esei.dai.hybridserver.week11.TransformedMultipleServersTestCase" name="testInvalidXsltTransformations[Hybrid Server 2]" time="0.496" />

      <testcase classname="es.uvigo.esei.dai.hybridserver.week11.TransformedMultipleServersTestCase" name="testBadXmlTransformations[Hybrid Server 2]" time="0.539" />

      <testcase classname="es.uvigo.esei.dai.hybridserver.week11.TransformedMultipleServersTestCase" name="testGetLocales[Hybrid Server 2]" time="0.154" />

      <testcase classname="es.uvigo.esei.dai.hybridserver.week11.TransformedMultipleServersTestCase" name="testCrossTransformations[Hybrid Server 2]" time="0.443" />

      <testcase classname="es.uvigo.esei.dai.hybridserver.week11.TransformedMultipleServersTestCase" name="testGetRemotes[Hybrid Server 2]" time="0.747" />

      <testcase classname="es.uvigo.esei.dai.hybridserver.week11.TransformedMultipleServersTestCase" name="testBadXsltTransformations[Hybrid Server 3]" time="1.066" />

      <testcase classname="es.uvigo.esei.dai.hybridserver.week11.TransformedMultipleServersTestCase" name="testInvalidXsltTransformations[Hybrid Server 3]" time="0.44" />

      <testcase classname="es.uvigo.esei.dai.hybridserver.week11.TransformedMultipleServersTestCase" name="testBadXmlTransformations[Hybrid Server 3]" time="0.57" />

      <testcase classname="es.uvigo.esei.dai.hybridserver.week11.TransformedMultipleServersTestCase" name="testGetLocales[Hybrid Server 3]" time="0.159" />

      <testcase classname="es.uvigo.esei.dai.hybridserver.week11.TransformedMultipleServersTestCase" name="testCrossTransformations[Hybrid Server 3]" time="0.465" />

      <testcase classname="es.uvigo.esei.dai.hybridserver.week11.TransformedMultipleServersTestCase" name="testGetRemotes[Hybrid Server 3]" time="0.735" />

      <testcase classname="es.uvigo.esei.dai.hybridserver.week11.TransformedMultipleServersTestCase" name="testBadXsltTransformations[Hybrid Server 4]" time="1.097" />

      <testcase classname="es.uvigo.esei.dai.hybridserver.week11.TransformedMultipleServersTestCase" name="testInvalidXsltTransformations[Hybrid Server 4]" time="0.449" />

      <testcase classname="es.uvigo.esei.dai.hybridserver.week11.TransformedMultipleServersTestCase" name="testBadXmlTransformations[Hybrid Server 4]" time="0.54" />

      <testcase classname="es.uvigo.esei.dai.hybridserver.week11.TransformedMultipleServersTestCase" name="testGetLocales[Hybrid Server 4]" time="0.18" />

      <testcase classname="es.uvigo.esei.dai.hybridserver.week11.TransformedMultipleServersTestCase" name="testCrossTransformations[Hybrid Server 4]" time="0.601" />

      <testcase classname="es.uvigo.esei.dai.hybridserver.week11.TransformedMultipleServersTestCase" name="testGetRemotes[Hybrid Server 4]" time="0.827" />

      <system-out><![CDATA[constructor vacío
8888
HybridServer.Start: 
configuration.getHttpPort(): 8888
HybridServer.WaitingConnection 1: ServerSocket[addr=0.0.0.0/0.0.0.0,localport=8888]
HybridServer.SocketAccept: Socket[addr=/127.0.0.1,port=12916,localport=8888]
HybridServer.SocketAccept.Execute
HybridServer.WaitingConnection 2: ServerSocket[addr=0.0.0.0/0.0.0.0,localport=8888]
HybridServer.SocketAccept: Socket[addr=/127.0.0.1,port=12917,localport=8888]
HybridServer.SocketAccept.Execute
HybridServer.WaitingConnection 3: ServerSocket[addr=0.0.0.0/0.0.0.0,localport=8888]
HybridServer.SocketAccept: Socket[addr=/127.0.0.1,port=12918,localport=8888]
HybridServer.SocketAccept.Execute
HybridServer.WaitingConnection 4: ServerSocket[addr=0.0.0.0/0.0.0.0,localport=8888]
HybridServer.SocketAccept: Socket[addr=/127.0.0.1,port=12919,localport=8888]
HybridServer.SocketAccept.Execute
HybridServer.WaitingConnection 5: ServerSocket[addr=0.0.0.0/0.0.0.0,localport=8888]
HybridServer.SocketAccept: Socket[addr=/127.0.0.1,port=12920,localport=8888]
HybridServer.SocketAccept.Execute
HybridServer.WaitingConnection 6: ServerSocket[addr=0.0.0.0/0.0.0.0,localport=8888]
HybridServer.SocketAccept: Socket[addr=/127.0.0.1,port=12921,localport=8888]
HybridServer.SocketAccept.Execute
HybridServer.WaitingConnection 7: ServerSocket[addr=0.0.0.0/0.0.0.0,localport=8888]
HybridServer.SocketAccept: Socket[addr=/127.0.0.1,port=12922,localport=8888]
HybridServer.SocketAccept.Execute
HybridServer.WaitingConnection 8: ServerSocket[addr=0.0.0.0/0.0.0.0,localport=8888]
HybridServer.SocketAccept: Socket[addr=/127.0.0.1,port=12923,localport=8888]
HybridServer.SocketAccept.Execute
HybridServer.WaitingConnection 9: ServerSocket[addr=0.0.0.0/0.0.0.0,localport=8888]
HybridServer.SocketAccept: Socket[addr=/127.0.0.1,port=12924,localport=8888]
HybridServer.SocketAccept.Execute
HybridServer.WaitingConnection 10: ServerSocket[addr=0.0.0.0/0.0.0.0,localport=8888]
HybridServer.SocketAccept: Socket[addr=/127.0.0.1,port=12925,localport=8888]
HybridServer.SocketAccept.Execute
HybridServer.WaitingConnection 11: ServerSocket[addr=0.0.0.0/0.0.0.0,localport=8888]
HybridServer Stop
8888
HybridServer.SocketAccept: Socket[addr=/127.0.0.1,port=12926,localport=8888]
constructor vacío
8888
HybridServer.Start: 
configuration.getHttpPort(): 8888
HybridServer.WaitingConnection 12: ServerSocket[addr=0.0.0.0/0.0.0.0,localport=8888]
HybridServer.SocketAccept: Socket[addr=/127.0.0.1,port=12927,localport=8888]
HybridServer.SocketAccept.Execute
HybridServer.WaitingConnection 13: ServerSocket[addr=0.0.0.0/0.0.0.0,localport=8888]
HybridServer Stop
8888
HybridServer.SocketAccept: Socket[addr=/127.0.0.1,port=12928,localport=8888]
constructor properties
HybridServer.Start: 
configuration.getHttpPort(): 1234
HybridServer.WaitingConnection 14: ServerSocket[addr=0.0.0.0/0.0.0.0,localport=1234]
HybridServer.SocketAccept: Socket[addr=/127.0.0.1,port=12929,localport=1234]
HybridServer.SocketAccept.Execute
HybridServer.WaitingConnection 15: ServerSocket[addr=0.0.0.0/0.0.0.0,localport=1234]
HybridServer.SocketAccept: Socket[addr=/127.0.0.1,port=12930,localport=1234]
HybridServer.SocketAccept.Execute
HybridServer.WaitingConnection 16: ServerSocket[addr=0.0.0.0/0.0.0.0,localport=1234]
HybridServer.SocketAccept: Socket[addr=/127.0.0.1,port=12931,localport=1234]
HybridServer.SocketAccept.Execute
HybridServer.WaitingConnection 17: ServerSocket[addr=0.0.0.0/0.0.0.0,localport=1234]
HybridServer.SocketAccept: Socket[addr=/127.0.0.1,port=12932,localport=1234]
HybridServer.SocketAccept.Execute
HybridServer.WaitingConnection 18: ServerSocket[addr=0.0.0.0/0.0.0.0,localport=1234]
HybridServer.SocketAccept: Socket[addr=/127.0.0.1,port=12933,localport=1234]
HybridServer.SocketAccept.Execute
HybridServer.WaitingConnection 19: ServerSocket[addr=0.0.0.0/0.0.0.0,localport=1234]
HybridServer.SocketAccept: Socket[addr=/127.0.0.1,port=12934,localport=1234]
HybridServer.SocketAccept.Execute
HybridServer.WaitingConnection 20: ServerSocket[addr=0.0.0.0/0.0.0.0,localport=1234]
HybridServer.SocketAccept: Socket[addr=/127.0.0.1,port=12935,localport=1234]
HybridServer.SocketAccept.Execute
HybridServer.WaitingConnection 21: ServerSocket[addr=0.0.0.0/0.0.0.0,localport=1234]
HybridServer.SocketAccept: Socket[addr=/127.0.0.1,port=12936,localport=1234]
HybridServer.SocketAccept.Execute
HybridServer.WaitingConnection 22: ServerSocket[addr=0.0.0.0/0.0.0.0,localport=1234]
HybridServer.SocketAccept: Socket[addr=/127.0.0.1,port=12937,localport=1234]
HybridServer.SocketAccept.Execute
HybridServer.WaitingConnection 23: ServerSocket[addr=0.0.0.0/0.0.0.0,localport=1234]
HybridServer.SocketAccept: Socket[addr=/127.0.0.1,port=12938,localport=1234]
HybridServer.SocketAccept.Execute
HybridServer.WaitingConnection 24: ServerSocket[addr=0.0.0.0/0.0.0.0,localport=1234]
HybridServer Stop
1234
HybridServer.SocketAccept: Socket[addr=/127.0.0.1,port=12939,localport=1234]
constructor properties
HybridServer.Start: 
configuration.getHttpPort(): 1234
HybridServer.WaitingConnection 25: ServerSocket[addr=0.0.0.0/0.0.0.0,localport=1234]
HybridServer.SocketAccept: Socket[addr=/127.0.0.1,port=12940,localport=1234]
HybridServer.SocketAccept.Execute
HybridServer.WaitingConnection 26: ServerSocket[addr=0.0.0.0/0.0.0.0,localport=1234]
HybridServer Stop
1234
HybridServer.SocketAccept: Socket[addr=/127.0.0.1,port=12941,localport=1234]
constructor properties
HybridServer.Start: 
configuration.getHttpPort(): 4242
HybridServer.WaitingConnection 27: ServerSocket[addr=0.0.0.0/0.0.0.0,localport=4242]
HybridServer.SocketAccept: Socket[addr=/127.0.0.1,port=12942,localport=4242]
HybridServer.SocketAccept.Execute
HybridServer.WaitingConnection 28: ServerSocket[addr=0.0.0.0/0.0.0.0,localport=4242]
HybridServer.SocketAccept: Socket[addr=/127.0.0.1,port=12943,localport=4242]
HybridServer.SocketAccept.Execute
HybridServer.WaitingConnection 29: ServerSocket[addr=0.0.0.0/0.0.0.0,localport=4242]
HybridServer.SocketAccept: Socket[addr=/127.0.0.1,port=12944,localport=4242]
HybridServer.SocketAccept.Execute
HybridServer.WaitingConnection 30: ServerSocket[addr=0.0.0.0/0.0.0.0,localport=4242]
HybridServer.SocketAccept: Socket[addr=/127.0.0.1,port=12945,localport=4242]
HybridServer.SocketAccept.Execute
HybridServer.WaitingConnection 31: ServerSocket[addr=0.0.0.0/0.0.0.0,localport=4242]
HybridServer.SocketAccept: Socket[addr=/127.0.0.1,port=12946,localport=4242]
HybridServer.SocketAccept.Execute
HybridServer.WaitingConnection 32: ServerSocket[addr=0.0.0.0/0.0.0.0,localport=4242]
HybridServer.SocketAccept: Socket[addr=/127.0.0.1,port=12947,localport=4242]
HybridServer.SocketAccept.Execute
HybridServer.WaitingConnection 33: ServerSocket[addr=0.0.0.0/0.0.0.0,localport=4242]
HybridServer.SocketAccept: Socket[addr=/127.0.0.1,port=12948,localport=4242]
HybridServer.SocketAccept.Execute
HybridServer.WaitingConnection 34: ServerSocket[addr=0.0.0.0/0.0.0.0,localport=4242]
HybridServer.SocketAccept: Socket[addr=/127.0.0.1,port=12949,localport=4242]
HybridServer.SocketAccept.Execute
HybridServer.WaitingConnection 35: ServerSocket[addr=0.0.0.0/0.0.0.0,localport=4242]
HybridServer.SocketAccept: Socket[addr=/127.0.0.1,port=12950,localport=4242]
HybridServer.SocketAccept.Execute
HybridServer.WaitingConnection 36: ServerSocket[addr=0.0.0.0/0.0.0.0,localport=4242]
HybridServer.SocketAccept: Socket[addr=/127.0.0.1,port=12951,localport=4242]
HybridServer.SocketAccept.Execute
HybridServer.WaitingConnection 37: ServerSocket[addr=0.0.0.0/0.0.0.0,localport=4242]
HybridServer Stop
4242
HybridServer.SocketAccept: Socket[addr=/127.0.0.1,port=12952,localport=4242]
constructor properties
HybridServer.Start: 
configuration.getHttpPort(): 4242
HybridServer.WaitingConnection 38: ServerSocket[addr=0.0.0.0/0.0.0.0,localport=4242]
HybridServer.SocketAccept: Socket[addr=/127.0.0.1,port=12953,localport=4242]
HybridServer.SocketAccept.Execute
HybridServer.WaitingConnection 39: ServerSocket[addr=0.0.0.0/0.0.0.0,localport=4242]
HybridServer Stop
4242
HybridServer.SocketAccept: Socket[addr=/127.0.0.1,port=12954,localport=4242]
constructor properties
HybridServer.Start: 
configuration.getHttpPort(): 7315
HybridServer.WaitingConnection 40: ServerSocket[addr=0.0.0.0/0.0.0.0,localport=7315]
HybridServer.SocketAccept: Socket[addr=/127.0.0.1,port=12955,localport=7315]
HybridServer.SocketAccept.Execute
HybridServer.WaitingConnection 41: ServerSocket[addr=0.0.0.0/0.0.0.0,localport=7315]
HybridServer.SocketAccept: Socket[addr=/127.0.0.1,port=12956,localport=7315]
HybridServer.SocketAccept.Execute
HybridServer.WaitingConnection 42: ServerSocket[addr=0.0.0.0/0.0.0.0,localport=7315]
HybridServer.SocketAccept: Socket[addr=/127.0.0.1,port=12957,localport=7315]
HybridServer.SocketAccept.Execute
HybridServer.WaitingConnection 43: ServerSocket[addr=0.0.0.0/0.0.0.0,localport=7315]
HybridServer.SocketAccept: Socket[addr=/127.0.0.1,port=12958,localport=7315]
HybridServer.SocketAccept.Execute
HybridServer.WaitingConnection 44: ServerSocket[addr=0.0.0.0/0.0.0.0,localport=7315]
HybridServer.SocketAccept: Socket[addr=/127.0.0.1,port=12959,localport=7315]
HybridServer.SocketAccept.Execute
HybridServer.WaitingConnection 45: ServerSocket[addr=0.0.0.0/0.0.0.0,localport=7315]
HybridServer.SocketAccept: Socket[addr=/127.0.0.1,port=12960,localport=7315]
HybridServer.SocketAccept.Execute
HybridServer.WaitingConnection 46: ServerSocket[addr=0.0.0.0/0.0.0.0,localport=7315]
HybridServer.SocketAccept: Socket[addr=/127.0.0.1,port=12961,localport=7315]
HybridServer.SocketAccept.Execute
HybridServer.WaitingConnection 47: ServerSocket[addr=0.0.0.0/0.0.0.0,localport=7315]
HybridServer.SocketAccept: Socket[addr=/127.0.0.1,port=12962,localport=7315]
HybridServer.SocketAccept.Execute
HybridServer.WaitingConnection 48: ServerSocket[addr=0.0.0.0/0.0.0.0,localport=7315]
HybridServer.SocketAccept: Socket[addr=/127.0.0.1,port=12963,localport=7315]
HybridServer.SocketAccept.Execute
HybridServer.WaitingConnection 49: ServerSocket[addr=0.0.0.0/0.0.0.0,localport=7315]
HybridServer.SocketAccept: Socket[addr=/127.0.0.1,port=12964,localport=7315]
HybridServer.SocketAccept.Execute
HybridServer.WaitingConnection 50: ServerSocket[addr=0.0.0.0/0.0.0.0,localport=7315]
HybridServer Stop
7315
HybridServer.SocketAccept: Socket[addr=/127.0.0.1,port=12965,localport=7315]
constructor properties
HybridServer.Start: 
configuration.getHttpPort(): 7315
HybridServer.WaitingConnection 51: ServerSocket[addr=0.0.0.0/0.0.0.0,localport=7315]
HybridServer.SocketAccept: Socket[addr=/127.0.0.1,port=12966,localport=7315]
HybridServer.SocketAccept.Execute
HybridServer.WaitingConnection 52: ServerSocket[addr=0.0.0.0/0.0.0.0,localport=7315]
HybridServer Stop
7315
HybridServer.SocketAccept: Socket[addr=/127.0.0.1,port=12967,localport=7315]
constructor properties
HybridServer.Start: 
configuration.getHttpPort(): 8833
HybridServer.WaitingConnection 53: ServerSocket[addr=0.0.0.0/0.0.0.0,localport=8833]
HybridServer.SocketAccept: Socket[addr=/127.0.0.1,port=12968,localport=8833]
HybridServer.SocketAccept.Execute
HybridServer.WaitingConnection 54: ServerSocket[addr=0.0.0.0/0.0.0.0,localport=8833]
HybridServer.SocketAccept: Socket[addr=/127.0.0.1,port=12969,localport=8833]
HybridServer.SocketAccept.Execute
HybridServer.WaitingConnection 55: ServerSocket[addr=0.0.0.0/0.0.0.0,localport=8833]
HybridServer.SocketAccept: Socket[addr=/127.0.0.1,port=12970,localport=8833]
HybridServer.SocketAccept.Execute
HybridServer.WaitingConnection 56: ServerSocket[addr=0.0.0.0/0.0.0.0,localport=8833]
HybridServer.SocketAccept: Socket[addr=/127.0.0.1,port=12971,localport=8833]
HybridServer.SocketAccept.Execute
HybridServer.WaitingConnection 57: ServerSocket[addr=0.0.0.0/0.0.0.0,localport=8833]
HybridServer.SocketAccept: Socket[addr=/127.0.0.1,port=12972,localport=8833]
HybridServer.SocketAccept.Execute
HybridServer.WaitingConnection 58: ServerSocket[addr=0.0.0.0/0.0.0.0,localport=8833]
HybridServer.SocketAccept: Socket[addr=/127.0.0.1,port=12973,localport=8833]
HybridServer.SocketAccept.Execute
HybridServer.WaitingConnection 59: ServerSocket[addr=0.0.0.0/0.0.0.0,localport=8833]
HybridServer.SocketAccept: Socket[addr=/127.0.0.1,port=12974,localport=8833]
HybridServer.SocketAccept.Execute
HybridServer.WaitingConnection 60: ServerSocket[addr=0.0.0.0/0.0.0.0,localport=8833]
HybridServer.SocketAccept: Socket[addr=/127.0.0.1,port=12975,localport=8833]
HybridServer.SocketAccept.Execute
HybridServer.WaitingConnection 61: ServerSocket[addr=0.0.0.0/0.0.0.0,localport=8833]
HybridServer.SocketAccept: Socket[addr=/127.0.0.1,port=12976,localport=8833]
HybridServer.SocketAccept.Execute
HybridServer.WaitingConnection 62: ServerSocket[addr=0.0.0.0/0.0.0.0,localport=8833]
HybridServer.SocketAccept: Socket[addr=/127.0.0.1,port=12977,localport=8833]
HybridServer.SocketAccept.Execute
HybridServer.WaitingConnection 63: ServerSocket[addr=0.0.0.0/0.0.0.0,localport=8833]
HybridServer Stop
8833
HybridServer.SocketAccept: Socket[addr=/127.0.0.1,port=12978,localport=8833]
constructor properties
HybridServer.Start: 
configuration.getHttpPort(): 8833
HybridServer.WaitingConnection 64: ServerSocket[addr=0.0.0.0/0.0.0.0,localport=8833]
HybridServer.SocketAccept: Socket[addr=/127.0.0.1,port=12979,localport=8833]
HybridServer.SocketAccept.Execute
HybridServer.WaitingConnection 65: ServerSocket[addr=0.0.0.0/0.0.0.0,localport=8833]
HybridServer Stop
8833
HybridServer.SocketAccept: Socket[addr=/127.0.0.1,port=12980,localport=8833]
constructor properties
HybridServer.Start: 
configuration.getHttpPort(): 10201
HybridServer.WaitingConnection 66: ServerSocket[addr=0.0.0.0/0.0.0.0,localport=10201]
HybridServer.SocketAccept: Socket[addr=/127.0.0.1,port=12981,localport=10201]
HybridServer.SocketAccept.Execute
HybridServer.WaitingConnection 67: ServerSocket[addr=0.0.0.0/0.0.0.0,localport=10201]
HybridServer.SocketAccept: Socket[addr=/127.0.0.1,port=12982,localport=10201]
HybridServer.SocketAccept.Execute
HybridServer.WaitingConnection 68: ServerSocket[addr=0.0.0.0/0.0.0.0,localport=10201]
HybridServer.SocketAccept: Socket[addr=/127.0.0.1,port=12983,localport=10201]
HybridServer.SocketAccept.Execute
HybridServer.WaitingConnection 69: ServerSocket[addr=0.0.0.0/0.0.0.0,localport=10201]
HybridServer.SocketAccept: Socket[addr=/127.0.0.1,port=12984,localport=10201]
HybridServer.SocketAccept.Execute
HybridServer.WaitingConnection 70: ServerSocket[addr=0.0.0.0/0.0.0.0,localport=10201]
HybridServer.SocketAccept: Socket[addr=/127.0.0.1,port=12985,localport=10201]
HybridServer.SocketAccept.Execute
HybridServer.WaitingConnection 71: ServerSocket[addr=0.0.0.0/0.0.0.0,localport=10201]
HybridServer.SocketAccept: Socket[addr=/127.0.0.1,port=12986,localport=10201]
HybridServer.SocketAccept.Execute
HybridServer.WaitingConnection 72: ServerSocket[addr=0.0.0.0/0.0.0.0,localport=10201]
HybridServer.SocketAccept: Socket[addr=/127.0.0.1,port=12987,localport=10201]
HybridServer.SocketAccept.Execute
HybridServer.WaitingConnection 73: ServerSocket[addr=0.0.0.0/0.0.0.0,localport=10201]
HybridServer.SocketAccept: Socket[addr=/127.0.0.1,port=12988,localport=10201]
HybridServer.SocketAccept.Execute
HybridServer.WaitingConnection 74: ServerSocket[addr=0.0.0.0/0.0.0.0,localport=10201]
HybridServer.SocketAccept: Socket[addr=/127.0.0.1,port=12989,localport=10201]
HybridServer.SocketAccept.Execute
HybridServer.WaitingConnection 75: ServerSocket[addr=0.0.0.0/0.0.0.0,localport=10201]
HybridServer.SocketAccept: Socket[addr=/127.0.0.1,port=12990,localport=10201]
HybridServer.SocketAccept.Execute
HybridServer.WaitingConnection 76: ServerSocket[addr=0.0.0.0/0.0.0.0,localport=10201]
HybridServer Stop
10201
HybridServer.SocketAccept: Socket[addr=/127.0.0.1,port=12991,localport=10201]
constructor properties
HybridServer.Start: 
configuration.getHttpPort(): 10201
HybridServer.WaitingConnection 77: ServerSocket[addr=0.0.0.0/0.0.0.0,localport=10201]
HybridServer.SocketAccept: Socket[addr=/127.0.0.1,port=12992,localport=10201]
HybridServer.SocketAccept.Execute
HybridServer.WaitingConnection 78: ServerSocket[addr=0.0.0.0/0.0.0.0,localport=10201]
HybridServer Stop
10201
HybridServer.SocketAccept: Socket[addr=/127.0.0.1,port=12993,localport=10201]
constructor properties
HybridServer.Start: 
configuration.getHttpPort(): 21386
HybridServer.WaitingConnection 79: ServerSocket[addr=0.0.0.0/0.0.0.0,localport=21386]
HybridServer.SocketAccept: Socket[addr=/127.0.0.1,port=12994,localport=21386]
HybridServer.SocketAccept.Execute
HybridServer.WaitingConnection 80: ServerSocket[addr=0.0.0.0/0.0.0.0,localport=21386]
HybridServer.SocketAccept: Socket[addr=/127.0.0.1,port=12995,localport=21386]
HybridServer.SocketAccept.Execute
HybridServer.WaitingConnection 81: ServerSocket[addr=0.0.0.0/0.0.0.0,localport=21386]
HybridServer.SocketAccept: Socket[addr=/127.0.0.1,port=12996,localport=21386]
HybridServer.SocketAccept.Execute
HybridServer.WaitingConnection 82: ServerSocket[addr=0.0.0.0/0.0.0.0,localport=21386]
HybridServer.SocketAccept: Socket[addr=/127.0.0.1,port=12997,localport=21386]
HybridServer.SocketAccept.Execute
HybridServer.WaitingConnection 83: ServerSocket[addr=0.0.0.0/0.0.0.0,localport=21386]
HybridServer.SocketAccept: Socket[addr=/127.0.0.1,port=12998,localport=21386]
HybridServer.SocketAccept.Execute
HybridServer.WaitingConnection 84: ServerSocket[addr=0.0.0.0/0.0.0.0,localport=21386]
HybridServer.SocketAccept: Socket[addr=/127.0.0.1,port=12999,localport=21386]
HybridServer.SocketAccept.Execute
HybridServer.WaitingConnection 85: ServerSocket[addr=0.0.0.0/0.0.0.0,localport=21386]
HybridServer.SocketAccept: Socket[addr=/127.0.0.1,port=13000,localport=21386]
HybridServer.SocketAccept.Execute
HybridServer.WaitingConnection 86: ServerSocket[addr=0.0.0.0/0.0.0.0,localport=21386]
HybridServer.SocketAccept: Socket[addr=/127.0.0.1,port=13001,localport=21386]
HybridServer.SocketAccept.Execute
HybridServer.WaitingConnection 87: ServerSocket[addr=0.0.0.0/0.0.0.0,localport=21386]
HybridServer.SocketAccept: Socket[addr=/127.0.0.1,port=13002,localport=21386]
HybridServer.SocketAccept.Execute
HybridServer.WaitingConnection 88: ServerSocket[addr=0.0.0.0/0.0.0.0,localport=21386]
HybridServer.SocketAccept: Socket[addr=/127.0.0.1,port=13003,localport=21386]
HybridServer.SocketAccept.Execute
HybridServer.WaitingConnection 89: ServerSocket[addr=0.0.0.0/0.0.0.0,localport=21386]
HybridServer Stop
21386
HybridServer.SocketAccept: Socket[addr=/127.0.0.1,port=13004,localport=21386]
constructor properties
HybridServer.Start: 
configuration.getHttpPort(): 21386
HybridServer.WaitingConnection 90: ServerSocket[addr=0.0.0.0/0.0.0.0,localport=21386]
HybridServer.SocketAccept: Socket[addr=/127.0.0.1,port=13005,localport=21386]
HybridServer.SocketAccept.Execute
HybridServer.WaitingConnection 91: ServerSocket[addr=0.0.0.0/0.0.0.0,localport=21386]
HybridServer Stop
21386
HybridServer.SocketAccept: Socket[addr=/127.0.0.1,port=13006,localport=21386]
constructor properties
HybridServer.Start: 
configuration.getHttpPort(): 33217
HybridServer.WaitingConnection 92: ServerSocket[addr=0.0.0.0/0.0.0.0,localport=33217]
HybridServer.SocketAccept: Socket[addr=/127.0.0.1,port=13007,localport=33217]
HybridServer.SocketAccept.Execute
HybridServer.WaitingConnection 93: ServerSocket[addr=0.0.0.0/0.0.0.0,localport=33217]
HybridServer.SocketAccept: Socket[addr=/127.0.0.1,port=13008,localport=33217]
HybridServer.SocketAccept.Execute
HybridServer.WaitingConnection 94: ServerSocket[addr=0.0.0.0/0.0.0.0,localport=33217]
HybridServer.SocketAccept: Socket[addr=/127.0.0.1,port=13009,localport=33217]
HybridServer.SocketAccept.Execute
HybridServer.WaitingConnection 95: ServerSocket[addr=0.0.0.0/0.0.0.0,localport=33217]
HybridServer.SocketAccept: Socket[addr=/127.0.0.1,port=13010,localport=33217]
HybridServer.SocketAccept.Execute
HybridServer.WaitingConnection 96: ServerSocket[addr=0.0.0.0/0.0.0.0,localport=33217]
HybridServer.SocketAccept: Socket[addr=/127.0.0.1,port=13011,localport=33217]
HybridServer.SocketAccept.Execute
HybridServer.WaitingConnection 97: ServerSocket[addr=0.0.0.0/0.0.0.0,localport=33217]
HybridServer.SocketAccept: Socket[addr=/127.0.0.1,port=13012,localport=33217]
HybridServer.SocketAccept.Execute
HybridServer.WaitingConnection 98: ServerSocket[addr=0.0.0.0/0.0.0.0,localport=33217]
HybridServer.SocketAccept: Socket[addr=/127.0.0.1,port=13013,localport=33217]
HybridServer.SocketAccept.Execute
HybridServer.WaitingConnection 99: ServerSocket[addr=0.0.0.0/0.0.0.0,localport=33217]
HybridServer.SocketAccept: Socket[addr=/127.0.0.1,port=13014,localport=33217]
HybridServer.SocketAccept.Execute
HybridServer.WaitingConnection 100: ServerSocket[addr=0.0.0.0/0.0.0.0,localport=33217]
HybridServer.SocketAccept: Socket[addr=/127.0.0.1,port=13015,localport=33217]
HybridServer.SocketAccept.Execute
HybridServer.WaitingConnection 101: ServerSocket[addr=0.0.0.0/0.0.0.0,localport=33217]
HybridServer.SocketAccept: Socket[addr=/127.0.0.1,port=13016,localport=33217]
HybridServer.SocketAccept.Execute
HybridServer.WaitingConnection 102: ServerSocket[addr=0.0.0.0/0.0.0.0,localport=33217]
HybridServer Stop
33217
HybridServer.SocketAccept: Socket[addr=/127.0.0.1,port=13017,localport=33217]
constructor properties
HybridServer.Start: 
configuration.getHttpPort(): 33217
HybridServer.WaitingConnection 103: ServerSocket[addr=0.0.0.0/0.0.0.0,localport=33217]
HybridServer.SocketAccept: Socket[addr=/127.0.0.1,port=13018,localport=33217]
HybridServer.SocketAccept.Execute
HybridServer.WaitingConnection 104: ServerSocket[addr=0.0.0.0/0.0.0.0,localport=33217]
HybridServer Stop
33217
HybridServer.SocketAccept: Socket[addr=/127.0.0.1,port=13019,localport=33217]
constructor properties
HybridServer.Start: 
configuration.getHttpPort(): 45450
HybridServer.WaitingConnection 105: ServerSocket[addr=0.0.0.0/0.0.0.0,localport=45450]
HybridServer.SocketAccept: Socket[addr=/127.0.0.1,port=13020,localport=45450]
HybridServer.SocketAccept.Execute
HybridServer.WaitingConnection 106: ServerSocket[addr=0.0.0.0/0.0.0.0,localport=45450]
HybridServer.SocketAccept: Socket[addr=/127.0.0.1,port=13021,localport=45450]
HybridServer.SocketAccept.Execute
HybridServer.WaitingConnection 107: ServerSocket[addr=0.0.0.0/0.0.0.0,localport=45450]
HybridServer.SocketAccept: Socket[addr=/127.0.0.1,port=13022,localport=45450]
HybridServer.SocketAccept.Execute
HybridServer.WaitingConnection 108: ServerSocket[addr=0.0.0.0/0.0.0.0,localport=45450]
HybridServer.SocketAccept: Socket[addr=/127.0.0.1,port=13023,localport=45450]
HybridServer.SocketAccept.Execute
HybridServer.WaitingConnection 109: ServerSocket[addr=0.0.0.0/0.0.0.0,localport=45450]
HybridServer.SocketAccept: Socket[addr=/127.0.0.1,port=13024,localport=45450]
HybridServer.SocketAccept.Execute
HybridServer.WaitingConnection 110: ServerSocket[addr=0.0.0.0/0.0.0.0,localport=45450]
HybridServer.SocketAccept: Socket[addr=/127.0.0.1,port=13025,localport=45450]
HybridServer.SocketAccept.Execute
HybridServer.WaitingConnection 111: ServerSocket[addr=0.0.0.0/0.0.0.0,localport=45450]
HybridServer.SocketAccept: Socket[addr=/127.0.0.1,port=13026,localport=45450]
HybridServer.SocketAccept.Execute
HybridServer.WaitingConnection 112: ServerSocket[addr=0.0.0.0/0.0.0.0,localport=45450]
HybridServer.SocketAccept: Socket[addr=/127.0.0.1,port=13027,localport=45450]
HybridServer.SocketAccept.Execute
HybridServer.WaitingConnection 113: ServerSocket[addr=0.0.0.0/0.0.0.0,localport=45450]
HybridServer.SocketAccept: Socket[addr=/127.0.0.1,port=13028,localport=45450]
HybridServer.SocketAccept.Execute
HybridServer.WaitingConnection 114: ServerSocket[addr=0.0.0.0/0.0.0.0,localport=45450]
HybridServer.SocketAccept: Socket[addr=/127.0.0.1,port=13029,localport=45450]
HybridServer.SocketAccept.Execute
HybridServer.WaitingConnection 115: ServerSocket[addr=0.0.0.0/0.0.0.0,localport=45450]
HybridServer Stop
45450
HybridServer.SocketAccept: Socket[addr=/127.0.0.1,port=13030,localport=45450]
constructor properties
HybridServer.Start: 
configuration.getHttpPort(): 45450
HybridServer.WaitingConnection 116: ServerSocket[addr=0.0.0.0/0.0.0.0,localport=45450]
HybridServer.SocketAccept: Socket[addr=/127.0.0.1,port=13031,localport=45450]
HybridServer.SocketAccept.Execute
HybridServer.WaitingConnection 117: ServerSocket[addr=0.0.0.0/0.0.0.0,localport=45450]
HybridServer Stop
45450
HybridServer.SocketAccept: Socket[addr=/127.0.0.1,port=13032,localport=45450]
constructor properties
HybridServer.Start: 
configuration.getHttpPort(): 55881
HybridServer.WaitingConnection 118: ServerSocket[addr=0.0.0.0/0.0.0.0,localport=55881]
HybridServer.SocketAccept: Socket[addr=/127.0.0.1,port=13033,localport=55881]
HybridServer.SocketAccept.Execute
HybridServer.WaitingConnection 119: ServerSocket[addr=0.0.0.0/0.0.0.0,localport=55881]
HybridServer.SocketAccept: Socket[addr=/127.0.0.1,port=13034,localport=55881]
HybridServer.SocketAccept.Execute
HybridServer.WaitingConnection 120: ServerSocket[addr=0.0.0.0/0.0.0.0,localport=55881]
HybridServer.SocketAccept: Socket[addr=/127.0.0.1,port=13035,localport=55881]
HybridServer.SocketAccept.Execute
HybridServer.WaitingConnection 121: ServerSocket[addr=0.0.0.0/0.0.0.0,localport=55881]
HybridServer.SocketAccept: Socket[addr=/127.0.0.1,port=13036,localport=55881]
HybridServer.SocketAccept.Execute
HybridServer.WaitingConnection 122: ServerSocket[addr=0.0.0.0/0.0.0.0,localport=55881]
HybridServer.SocketAccept: Socket[addr=/127.0.0.1,port=13037,localport=55881]
HybridServer.SocketAccept.Execute
HybridServer.WaitingConnection 123: ServerSocket[addr=0.0.0.0/0.0.0.0,localport=55881]
HybridServer.SocketAccept: Socket[addr=/127.0.0.1,port=13038,localport=55881]
HybridServer.SocketAccept.Execute
HybridServer.WaitingConnection 124: ServerSocket[addr=0.0.0.0/0.0.0.0,localport=55881]
HybridServer.SocketAccept: Socket[addr=/127.0.0.1,port=13039,localport=55881]
HybridServer.SocketAccept.Execute
HybridServer.WaitingConnection 125: ServerSocket[addr=0.0.0.0/0.0.0.0,localport=55881]
HybridServer.SocketAccept: Socket[addr=/127.0.0.1,port=13040,localport=55881]
HybridServer.SocketAccept.Execute
HybridServer.WaitingConnection 126: ServerSocket[addr=0.0.0.0/0.0.0.0,localport=55881]
HybridServer.SocketAccept: Socket[addr=/127.0.0.1,port=13041,localport=55881]
HybridServer.SocketAccept.Execute
HybridServer.WaitingConnection 127: ServerSocket[addr=0.0.0.0/0.0.0.0,localport=55881]
HybridServer.SocketAccept: Socket[addr=/127.0.0.1,port=13042,localport=55881]
HybridServer.SocketAccept.Execute
HybridServer.WaitingConnection 128: ServerSocket[addr=0.0.0.0/0.0.0.0,localport=55881]
HybridServer Stop
55881
HybridServer.SocketAccept: Socket[addr=/127.0.0.1,port=13043,localport=55881]
constructor properties
HybridServer.Start: 
configuration.getHttpPort(): 55881
HybridServer.WaitingConnection 129: ServerSocket[addr=0.0.0.0/0.0.0.0,localport=55881]
HybridServer.SocketAccept: Socket[addr=/127.0.0.1,port=13044,localport=55881]
HybridServer.SocketAccept.Execute
HybridServer.WaitingConnection 130: ServerSocket[addr=0.0.0.0/0.0.0.0,localport=55881]
HybridServer Stop
55881
HybridServer.SocketAccept: Socket[addr=/127.0.0.1,port=13045,localport=55881]
constructor properties
HybridServer.Start: 
configuration.getHttpPort(): 60000
HybridServer.WaitingConnection 131: ServerSocket[addr=0.0.0.0/0.0.0.0,localport=60000]
HybridServer.SocketAccept: Socket[addr=/127.0.0.1,port=13046,localport=60000]
HybridServer.SocketAccept.Execute
HybridServer.WaitingConnection 132: ServerSocket[addr=0.0.0.0/0.0.0.0,localport=60000]
HybridServer.SocketAccept: Socket[addr=/127.0.0.1,port=13047,localport=60000]
HybridServer.SocketAccept.Execute
HybridServer.WaitingConnection 133: ServerSocket[addr=0.0.0.0/0.0.0.0,localport=60000]
HybridServer.SocketAccept: Socket[addr=/127.0.0.1,port=13048,localport=60000]
HybridServer.SocketAccept.Execute
HybridServer.WaitingConnection 134: ServerSocket[addr=0.0.0.0/0.0.0.0,localport=60000]
HybridServer.SocketAccept: Socket[addr=/127.0.0.1,port=13049,localport=60000]
HybridServer.SocketAccept.Execute
HybridServer.WaitingConnection 135: ServerSocket[addr=0.0.0.0/0.0.0.0,localport=60000]
HybridServer.SocketAccept: Socket[addr=/127.0.0.1,port=13050,localport=60000]
HybridServer.SocketAccept.Execute
HybridServer.WaitingConnection 136: ServerSocket[addr=0.0.0.0/0.0.0.0,localport=60000]
HybridServer.SocketAccept: Socket[addr=/127.0.0.1,port=13051,localport=60000]
HybridServer.SocketAccept.Execute
HybridServer.WaitingConnection 137: ServerSocket[addr=0.0.0.0/0.0.0.0,localport=60000]
HybridServer.SocketAccept: Socket[addr=/127.0.0.1,port=13052,localport=60000]
HybridServer.SocketAccept.Execute
HybridServer.WaitingConnection 138: ServerSocket[addr=0.0.0.0/0.0.0.0,localport=60000]
HybridServer.SocketAccept: Socket[addr=/127.0.0.1,port=13053,localport=60000]
HybridServer.SocketAccept.Execute
HybridServer.WaitingConnection 139: ServerSocket[addr=0.0.0.0/0.0.0.0,localport=60000]
HybridServer.SocketAccept: Socket[addr=/127.0.0.1,port=13054,localport=60000]
HybridServer.SocketAccept.Execute
HybridServer.WaitingConnection 140: ServerSocket[addr=0.0.0.0/0.0.0.0,localport=60000]
HybridServer.SocketAccept: Socket[addr=/127.0.0.1,port=13055,localport=60000]
HybridServer.SocketAccept.Execute
HybridServer.WaitingConnection 141: ServerSocket[addr=0.0.0.0/0.0.0.0,localport=60000]
HybridServer Stop
60000
HybridServer.SocketAccept: Socket[addr=/127.0.0.1,port=13056,localport=60000]
constructor properties
HybridServer.Start: 
configuration.getHttpPort(): 60000
HybridServer.WaitingConnection 142: ServerSocket[addr=0.0.0.0/0.0.0.0,localport=60000]
HybridServer.SocketAccept: Socket[addr=/127.0.0.1,port=13057,localport=60000]
HybridServer.SocketAccept.Execute
HybridServer.WaitingConnection 143: ServerSocket[addr=0.0.0.0/0.0.0.0,localport=60000]
HybridServer Stop
60000
HybridServer.SocketAccept: Socket[addr=/127.0.0.1,port=13058,localport=60000]
constructor properties
8888
HybridServer.Start: 
configuration.getHttpPort(): 8888
HybridServer.WaitingConnection 144: ServerSocket[addr=0.0.0.0/0.0.0.0,localport=8888]
HybridServer.SocketAccept: Socket[addr=/127.0.0.1,port=13061,localport=8888]
HybridServer.SocketAccept.Execute
HybridServer.WaitingConnection 145: ServerSocket[addr=0.0.0.0/0.0.0.0,localport=8888]
HybridServer Stop
8888
HybridServer.SocketAccept: Socket[addr=/127.0.0.1,port=13062,localport=8888]
constructor properties
8888
HybridServer.Start: 
configuration.getHttpPort(): 8888
HybridServer.WaitingConnection 146: ServerSocket[addr=0.0.0.0/0.0.0.0,localport=8888]
HybridServer.SocketAccept: Socket[addr=/127.0.0.1,port=13065,localport=8888]
HybridServer.SocketAccept.Execute
HybridServer.WaitingConnection 147: ServerSocket[addr=0.0.0.0/0.0.0.0,localport=8888]
HybridServer.SocketAccept: Socket[addr=/127.0.0.1,port=13067,localport=8888]
HybridServer.SocketAccept.Execute
HybridServer.WaitingConnection 148: ServerSocket[addr=0.0.0.0/0.0.0.0,localport=8888]
HybridServer Stop
8888
HybridServer.SocketAccept: Socket[addr=/127.0.0.1,port=13069,localport=8888]
constructor properties
8888
HybridServer.Start: 
configuration.getHttpPort(): 8888
HybridServer.WaitingConnection 149: ServerSocket[addr=0.0.0.0/0.0.0.0,localport=8888]
HybridServer.SocketAccept: Socket[addr=/127.0.0.1,port=13072,localport=8888]
HybridServer.SocketAccept.Execute
HybridServer.WaitingConnection 150: ServerSocket[addr=0.0.0.0/0.0.0.0,localport=8888]
HybridServer Stop
8888
HybridServer.SocketAccept: Socket[addr=/127.0.0.1,port=13073,localport=8888]
constructor properties
8888
HybridServer.Start: 
configuration.getHttpPort(): 8888
HybridServer.WaitingConnection 151: ServerSocket[addr=0.0.0.0/0.0.0.0,localport=8888]
HybridServer.SocketAccept: Socket[addr=/127.0.0.1,port=13076,localport=8888]
HybridServer.SocketAccept.Execute
HybridServer.WaitingConnection 152: ServerSocket[addr=0.0.0.0/0.0.0.0,localport=8888]
HybridServer Stop
8888
HybridServer.SocketAccept: Socket[addr=/127.0.0.1,port=13078,localport=8888]
constructor properties
8888
HybridServer.Start: 
configuration.getHttpPort(): 8888
HybridServer.WaitingConnection 153: ServerSocket[addr=0.0.0.0/0.0.0.0,localport=8888]
HybridServer.SocketAccept: Socket[addr=/127.0.0.1,port=13081,localport=8888]
HybridServer.SocketAccept.Execute
HybridServer.WaitingConnection 154: ServerSocket[addr=0.0.0.0/0.0.0.0,localport=8888]
HybridServer Stop
8888
HybridServer.SocketAccept: Socket[addr=/127.0.0.1,port=13083,localport=8888]
constructor properties
8888
HybridServer.Start: 
configuration.getHttpPort(): 8888
HybridServer.WaitingConnection 155: ServerSocket[addr=0.0.0.0/0.0.0.0,localport=8888]
HybridServer.SocketAccept: Socket[addr=/127.0.0.1,port=13086,localport=8888]
HybridServer.SocketAccept.Execute
HybridServer.WaitingConnection 156: ServerSocket[addr=0.0.0.0/0.0.0.0,localport=8888]
HybridServer.SocketAccept: Socket[addr=/127.0.0.1,port=13088,localport=8888]
HybridServer.SocketAccept.Execute
HybridServer.WaitingConnection 157: ServerSocket[addr=0.0.0.0/0.0.0.0,localport=8888]
HybridServer Stop
8888
HybridServer.SocketAccept: Socket[addr=/127.0.0.1,port=13090,localport=8888]
constructor properties
8888
HybridServer.Start: 
configuration.getHttpPort(): 8888
HybridServer.WaitingConnection 158: ServerSocket[addr=0.0.0.0/0.0.0.0,localport=8888]
HybridServer.SocketAccept: Socket[addr=/127.0.0.1,port=13093,localport=8888]
HybridServer.SocketAccept.Execute
HybridServer.WaitingConnection 159: ServerSocket[addr=0.0.0.0/0.0.0.0,localport=8888]
HybridServer Stop
8888
HybridServer.SocketAccept: Socket[addr=/127.0.0.1,port=13095,localport=8888]
constructor properties
8888
HybridServer.Start: 
configuration.getHttpPort(): 8888
HybridServer.WaitingConnection 160: ServerSocket[addr=0.0.0.0/0.0.0.0,localport=8888]
HybridServer.SocketAccept: Socket[addr=/127.0.0.1,port=13098,localport=8888]
HybridServer.SocketAccept.Execute
HybridServer.WaitingConnection 161: ServerSocket[addr=0.0.0.0/0.0.0.0,localport=8888]
HybridServer.SocketAccept: Socket[addr=/127.0.0.1,port=13100,localport=8888]
HybridServer.SocketAccept.Execute
HybridServer.WaitingConnection 162: ServerSocket[addr=0.0.0.0/0.0.0.0,localport=8888]
HybridServer.SocketAccept: Socket[addr=/127.0.0.1,port=13102,localport=8888]
HybridServer.SocketAccept.Execute
HybridServer.WaitingConnection 163: ServerSocket[addr=0.0.0.0/0.0.0.0,localport=8888]
HybridServer.SocketAccept: Socket[addr=/127.0.0.1,port=13104,localport=8888]
HybridServer.SocketAccept.Execute
HybridServer.WaitingConnection 164: ServerSocket[addr=0.0.0.0/0.0.0.0,localport=8888]
HybridServer.SocketAccept: Socket[addr=/127.0.0.1,port=13106,localport=8888]
HybridServer.SocketAccept.Execute
HybridServer.WaitingConnection 165: ServerSocket[addr=0.0.0.0/0.0.0.0,localport=8888]
HybridServer Stop
8888
HybridServer.SocketAccept: Socket[addr=/127.0.0.1,port=13108,localport=8888]
constructor properties
8888
HybridServer.Start: 
configuration.getHttpPort(): 8888
HybridServer.WaitingConnection 166: ServerSocket[addr=0.0.0.0/0.0.0.0,localport=8888]
HybridServer.SocketAccept: Socket[addr=/127.0.0.1,port=13111,localport=8888]
HybridServer.SocketAccept.Execute
HybridServer.WaitingConnection 167: ServerSocket[addr=0.0.0.0/0.0.0.0,localport=8888]
HybridServer.SocketAccept: Socket[addr=/127.0.0.1,port=13113,localport=8888]
HybridServer.SocketAccept.Execute
HybridServer.WaitingConnection 168: ServerSocket[addr=0.0.0.0/0.0.0.0,localport=8888]
HybridServer Stop
8888
HybridServer.SocketAccept: Socket[addr=/127.0.0.1,port=13115,localport=8888]
constructor properties
8888
HybridServer.Start: 
configuration.getHttpPort(): 8888
HybridServer.WaitingConnection 169: ServerSocket[addr=0.0.0.0/0.0.0.0,localport=8888]
HybridServer.SocketAccept: Socket[addr=/127.0.0.1,port=13118,localport=8888]
HybridServer.SocketAccept.Execute
HybridServer.WaitingConnection 170: ServerSocket[addr=0.0.0.0/0.0.0.0,localport=8888]
HybridServer Stop
8888
HybridServer.SocketAccept: Socket[addr=/127.0.0.1,port=13120,localport=8888]
constructor properties
8888
HybridServer.Start: 
configuration.getHttpPort(): 8888
HybridServer.WaitingConnection 171: ServerSocket[addr=0.0.0.0/0.0.0.0,localport=8888]
HybridServer.SocketAccept: Socket[addr=/127.0.0.1,port=13123,localport=8888]
HybridServer.SocketAccept.Execute
HybridServer.WaitingConnection 172: ServerSocket[addr=0.0.0.0/0.0.0.0,localport=8888]
HybridServer.SocketAccept: Socket[addr=/127.0.0.1,port=13125,localport=8888]
HybridServer.SocketAccept.Execute
HybridServer.WaitingConnection 173: ServerSocket[addr=0.0.0.0/0.0.0.0,localport=8888]
HybridServer Stop
8888
HybridServer.SocketAccept: Socket[addr=/127.0.0.1,port=13127,localport=8888]
constructor properties
8888
HybridServer.Start: 
configuration.getHttpPort(): 8888
HybridServer.WaitingConnection 174: ServerSocket[addr=0.0.0.0/0.0.0.0,localport=8888]
HybridServer.SocketAccept: Socket[addr=/127.0.0.1,port=13130,localport=8888]
HybridServer.SocketAccept.Execute
HybridServer.WaitingConnection 175: ServerSocket[addr=0.0.0.0/0.0.0.0,localport=8888]
HybridServer Stop
8888
HybridServer.SocketAccept: Socket[addr=/127.0.0.1,port=13132,localport=8888]
constructor properties
8888
HybridServer.Start: 
configuration.getHttpPort(): 8888
HybridServer.WaitingConnection 176: ServerSocket[addr=0.0.0.0/0.0.0.0,localport=8888]
HybridServer.SocketAccept: Socket[addr=/127.0.0.1,port=13135,localport=8888]
HybridServer.SocketAccept.Execute
HybridServer.WaitingConnection 177: ServerSocket[addr=0.0.0.0/0.0.0.0,localport=8888]
HybridServer Stop
8888
HybridServer.SocketAccept: Socket[addr=/127.0.0.1,port=13137,localport=8888]
constructor properties
8888
HybridServer.Start: 
configuration.getHttpPort(): 8888
HybridServer.WaitingConnection 178: ServerSocket[addr=0.0.0.0/0.0.0.0,localport=8888]
HybridServer.SocketAccept: Socket[addr=/127.0.0.1,port=13140,localport=8888]
HybridServer.SocketAccept.Execute
HybridServer.WaitingConnection 179: ServerSocket[addr=0.0.0.0/0.0.0.0,localport=8888]
HybridServer.SocketAccept: Socket[addr=/127.0.0.1,port=13142,localport=8888]
HybridServer.SocketAccept.Execute
HybridServer.WaitingConnection 180: ServerSocket[addr=0.0.0.0/0.0.0.0,localport=8888]
HybridServer Stop
8888
HybridServer.SocketAccept: Socket[addr=/127.0.0.1,port=13144,localport=8888]
constructor properties
8888
HybridServer.Start: 
configuration.getHttpPort(): 8888
HybridServer.WaitingConnection 181: ServerSocket[addr=0.0.0.0/0.0.0.0,localport=8888]
HybridServer.SocketAccept: Socket[addr=/127.0.0.1,port=13147,localport=8888]
HybridServer.SocketAccept.Execute
HybridServer.WaitingConnection 182: ServerSocket[addr=0.0.0.0/0.0.0.0,localport=8888]
HybridServer.SocketAccept: Socket[addr=/127.0.0.1,port=13149,localport=8888]
HybridServer.SocketAccept.Execute
HybridServer.WaitingConnection 183: ServerSocket[addr=0.0.0.0/0.0.0.0,localport=8888]
HybridServer Stop
8888
HybridServer.SocketAccept: Socket[addr=/127.0.0.1,port=13151,localport=8888]
constructor properties
8888
HybridServer.Start: 
configuration.getHttpPort(): 8888
HybridServer.WaitingConnection 184: ServerSocket[addr=0.0.0.0/0.0.0.0,localport=8888]
HybridServer.SocketAccept: Socket[addr=/127.0.0.1,port=13154,localport=8888]
HybridServer.SocketAccept.Execute
HybridServer.WaitingConnection 185: ServerSocket[addr=0.0.0.0/0.0.0.0,localport=8888]
HybridServer Stop
8888
HybridServer.SocketAccept: Socket[addr=/127.0.0.1,port=13156,localport=8888]
constructor properties
8888
HybridServer.Start: 
configuration.getHttpPort(): 8888
HybridServer.WaitingConnection 186: ServerSocket[addr=0.0.0.0/0.0.0.0,localport=8888]
HybridServer.SocketAccept: Socket[addr=/127.0.0.1,port=13159,localport=8888]
HybridServer.SocketAccept.Execute
HybridServer.WaitingConnection 187: ServerSocket[addr=0.0.0.0/0.0.0.0,localport=8888]
HybridServer.SocketAccept: Socket[addr=/127.0.0.1,port=13161,localport=8888]
HybridServer.SocketAccept.Execute
HybridServer.WaitingConnection 188: ServerSocket[addr=0.0.0.0/0.0.0.0,localport=8888]
HybridServer Stop
8888
HybridServer.SocketAccept: Socket[addr=/127.0.0.1,port=13163,localport=8888]
constructor properties
8888
HybridServer.Start: 
configuration.getHttpPort(): 8888
HybridServer.WaitingConnection 189: ServerSocket[addr=0.0.0.0/0.0.0.0,localport=8888]
HybridServer.SocketAccept: Socket[addr=/127.0.0.1,port=13166,localport=8888]
HybridServer.SocketAccept.Execute
HybridServer.WaitingConnection 190: ServerSocket[addr=0.0.0.0/0.0.0.0,localport=8888]
HybridServer Stop
8888
HybridServer.SocketAccept: Socket[addr=/127.0.0.1,port=13168,localport=8888]
constructor properties
8888
HybridServer.Start: 
configuration.getHttpPort(): 8888
HybridServer.WaitingConnection 191: ServerSocket[addr=0.0.0.0/0.0.0.0,localport=8888]
HybridServer.SocketAccept: Socket[addr=/127.0.0.1,port=13171,localport=8888]
HybridServer.SocketAccept.Execute
HybridServer.WaitingConnection 192: ServerSocket[addr=0.0.0.0/0.0.0.0,localport=8888]
HybridServer Stop
8888
HybridServer.SocketAccept: Socket[addr=/127.0.0.1,port=13173,localport=8888]
constructor properties
8888
HybridServer.Start: 
configuration.getHttpPort(): 8888
HybridServer.WaitingConnection 193: ServerSocket[addr=0.0.0.0/0.0.0.0,localport=8888]
HybridServer.SocketAccept: Socket[addr=/127.0.0.1,port=13176,localport=8888]
HybridServer.SocketAccept.Execute
HybridServer.WaitingConnection 194: ServerSocket[addr=0.0.0.0/0.0.0.0,localport=8888]
HybridServer.SocketAccept: Socket[addr=/127.0.0.1,port=13178,localport=8888]
HybridServer.SocketAccept.Execute
HybridServer.WaitingConnection 195: ServerSocket[addr=0.0.0.0/0.0.0.0,localport=8888]
HybridServer Stop
8888
HybridServer.SocketAccept: Socket[addr=/127.0.0.1,port=13180,localport=8888]
constructor properties
8888
HybridServer.Start: 
configuration.getHttpPort(): 8888
HybridServer.WaitingConnection 196: ServerSocket[addr=0.0.0.0/0.0.0.0,localport=8888]
HybridServer.SocketAccept: Socket[addr=/127.0.0.1,port=13183,localport=8888]
HybridServer.SocketAccept.Execute
HybridServer.WaitingConnection 197: ServerSocket[addr=0.0.0.0/0.0.0.0,localport=8888]
HybridServer.SocketAccept: Socket[addr=/127.0.0.1,port=13185,localport=8888]
HybridServer.SocketAccept.Execute
HybridServer.WaitingConnection 198: ServerSocket[addr=0.0.0.0/0.0.0.0,localport=8888]
HybridServer Stop
8888
HybridServer.SocketAccept: Socket[addr=/127.0.0.1,port=13187,localport=8888]
constructor properties
8888
HybridServer.Start: 
configuration.getHttpPort(): 8888
HybridServer.WaitingConnection 199: ServerSocket[addr=0.0.0.0/0.0.0.0,localport=8888]
HybridServer.SocketAccept: Socket[addr=/127.0.0.1,port=13190,localport=8888]
HybridServer.SocketAccept.Execute
HybridServer.WaitingConnection 200: ServerSocket[addr=0.0.0.0/0.0.0.0,localport=8888]
HybridServer Stop
8888
HybridServer.SocketAccept: Socket[addr=/127.0.0.1,port=13192,localport=8888]
constructor properties
8888
HybridServer.Start: 
configuration.getHttpPort(): 8888
HybridServer.WaitingConnection 201: ServerSocket[addr=0.0.0.0/0.0.0.0,localport=8888]
HybridServer.SocketAccept: Socket[addr=/127.0.0.1,port=13195,localport=8888]
HybridServer.SocketAccept.Execute
HybridServer.WaitingConnection 202: ServerSocket[addr=0.0.0.0/0.0.0.0,localport=8888]
HybridServer.SocketAccept: Socket[addr=/127.0.0.1,port=13197,localport=8888]
HybridServer.SocketAccept.Execute
HybridServer.WaitingConnection 203: ServerSocket[addr=0.0.0.0/0.0.0.0,localport=8888]
HybridServer Stop
8888
HybridServer.SocketAccept: Socket[addr=/127.0.0.1,port=13199,localport=8888]
constructor properties
8888
HybridServer.Start: 
configuration.getHttpPort(): 8888
HybridServer.WaitingConnection 204: ServerSocket[addr=0.0.0.0/0.0.0.0,localport=8888]
HybridServer.SocketAccept: Socket[addr=/127.0.0.1,port=13202,localport=8888]
HybridServer.SocketAccept.Execute
HybridServer.WaitingConnection 205: ServerSocket[addr=0.0.0.0/0.0.0.0,localport=8888]
HybridServer Stop
8888
HybridServer.SocketAccept: Socket[addr=/127.0.0.1,port=13204,localport=8888]
constructor properties
8888
HybridServer.Start: 
configuration.getHttpPort(): 8888
HybridServer.WaitingConnection 206: ServerSocket[addr=0.0.0.0/0.0.0.0,localport=8888]
HybridServer.SocketAccept: Socket[addr=/127.0.0.1,port=13207,localport=8888]
HybridServer.SocketAccept.Execute
HybridServer.WaitingConnection 207: ServerSocket[addr=0.0.0.0/0.0.0.0,localport=8888]
HybridServer Stop
8888
HybridServer.SocketAccept: Socket[addr=/127.0.0.1,port=13209,localport=8888]
constructor properties
8888
HybridServer.Start: 
configuration.getHttpPort(): 8888
HybridServer.WaitingConnection 208: ServerSocket[addr=0.0.0.0/0.0.0.0,localport=8888]
HybridServer.SocketAccept: Socket[addr=/127.0.0.1,port=13212,localport=8888]
HybridServer.SocketAccept.Execute
HybridServer.WaitingConnection 209: ServerSocket[addr=0.0.0.0/0.0.0.0,localport=8888]
HybridServer Stop
8888
HybridServer.SocketAccept: Socket[addr=/127.0.0.1,port=13214,localport=8888]
constructor properties
8888
HybridServer.Start: 
configuration.getHttpPort(): 8888
HybridServer.WaitingConnection 210: ServerSocket[addr=0.0.0.0/0.0.0.0,localport=8888]
HybridServer.SocketAccept: Socket[addr=/127.0.0.1,port=13217,localport=8888]
HybridServer.SocketAccept.Execute
HybridServer.WaitingConnection 211: ServerSocket[addr=0.0.0.0/0.0.0.0,localport=8888]
HybridServer.SocketAccept: Socket[addr=/127.0.0.1,port=13220,localport=8888]
HybridServer.SocketAccept.Execute
HybridServer.WaitingConnection 212: ServerSocket[addr=0.0.0.0/0.0.0.0,localport=8888]
HybridServer Stop
8888
HybridServer.SocketAccept: Socket[addr=/127.0.0.1,port=13222,localport=8888]
constructor properties
8888
HybridServer.Start: 
configuration.getHttpPort(): 8888
HybridServer.WaitingConnection 213: ServerSocket[addr=0.0.0.0/0.0.0.0,localport=8888]
HybridServer.SocketAccept: Socket[addr=/127.0.0.1,port=13225,localport=8888]
HybridServer.SocketAccept.Execute
HybridServer.WaitingConnection 214: ServerSocket[addr=0.0.0.0/0.0.0.0,localport=8888]
HybridServer Stop
8888
HybridServer.SocketAccept: Socket[addr=/127.0.0.1,port=13226,localport=8888]
constructor properties
8888
HybridServer.Start: 
configuration.getHttpPort(): 8888
HybridServer.WaitingConnection 215: ServerSocket[addr=0.0.0.0/0.0.0.0,localport=8888]
HybridServer.SocketAccept: Socket[addr=/127.0.0.1,port=13229,localport=8888]
HybridServer.SocketAccept.Execute
HybridServer.WaitingConnection 216: ServerSocket[addr=0.0.0.0/0.0.0.0,localport=8888]
[...]
HybridServer.SocketAccept.Execute
HybridServer.WaitingConnection 1021: ServerSocket[addr=0.0.0.0/0.0.0.0,localport=10003]
HybridServer.SocketAccept: Socket[addr=/127.0.0.1,port=17248,localport=10003]
HybridServer.SocketAccept.Execute
HybridServer.WaitingConnection 1022: ServerSocket[addr=0.0.0.0/0.0.0.0,localport=10003]
HybridServer.SocketAccept: Socket[addr=/127.0.0.1,port=17264,localport=10003]
HybridServer.SocketAccept.Execute
HybridServer.WaitingConnection 1023: ServerSocket[addr=0.0.0.0/0.0.0.0,localport=10003]
HybridServer.SocketAccept: Socket[addr=/127.0.0.1,port=17272,localport=10003]
HybridServer.SocketAccept.Execute
HybridServer.WaitingConnection 1024: ServerSocket[addr=0.0.0.0/0.0.0.0,localport=10003]
HybridServer Stop
10001
HybridServer.SocketAccept: Socket[addr=/127.0.0.1,port=17286,localport=10001]
HybridServer Stop
10002
HybridServer.SocketAccept: Socket[addr=/127.0.0.1,port=17287,localport=10002]
HybridServer Stop
10003
HybridServer.SocketAccept: Socket[addr=/127.0.0.1,port=17288,localport=10003]
HybridServer Stop
10004
HybridServer.SocketAccept: Socket[addr=/127.0.0.1,port=17289,localport=10004]
constructor configuration
HybridServer.Start: 
this.configuration.getWebServiceURL(): http://localhost:20001/hs
DAO INFO: jdbc:mysql://localhost:3306/hstestdb1 hsdb hsdbpass
configuration.getHttpPort(): 10001
constructor configuration
HybridServer.Start: 
this.configuration.getWebServiceURL(): http://localhost:20002/hs
DAO INFO: jdbc:mysql://localhost:3306/hstestdb2 hsdb hsdbpass
HybridServer.WaitingConnection 1025: ServerSocket[addr=0.0.0.0/0.0.0.0,localport=10001]
configuration.getHttpPort(): 10002
HybridServer.WaitingConnection 1026: ServerSocket[addr=0.0.0.0/0.0.0.0,localport=10002]
constructor configuration
HybridServer.Start: 
this.configuration.getWebServiceURL(): http://localhost:20003/hs
DAO INFO: jdbc:mysql://localhost:3306/hstestdb3 hsdb hsdbpass
configuration.getHttpPort(): 10003
HybridServer.WaitingConnection 1027: ServerSocket[addr=0.0.0.0/0.0.0.0,localport=10003]
constructor configuration
HybridServer.Start: 
this.configuration.getWebServiceURL(): http://localhost:20004/hs
DAO INFO: jdbc:mysql://localhost:3306/hstestdb4 hsdb hsdbpass
configuration.getHttpPort(): 10004
HybridServer.WaitingConnection 1028: ServerSocket[addr=0.0.0.0/0.0.0.0,localport=10004]
HybridServer.SocketAccept: Socket[addr=/127.0.0.1,port=17302,localport=10003]
HybridServer.SocketAccept.Execute
HybridServer.WaitingConnection 1029: ServerSocket[addr=0.0.0.0/0.0.0.0,localport=10003]
HybridServer.SocketAccept: Socket[addr=/127.0.0.1,port=17317,localport=10003]
HybridServer.SocketAccept.Execute
HybridServer.WaitingConnection 1030: ServerSocket[addr=0.0.0.0/0.0.0.0,localport=10003]
HybridServer.SocketAccept: Socket[addr=/127.0.0.1,port=17330,localport=10003]
HybridServer.SocketAccept.Execute
HybridServer.WaitingConnection 1031: ServerSocket[addr=0.0.0.0/0.0.0.0,localport=10003]
HybridServer.SocketAccept: Socket[addr=/127.0.0.1,port=17339,localport=10003]
HybridServer.SocketAccept.Execute
HybridServer.WaitingConnection 1032: ServerSocket[addr=0.0.0.0/0.0.0.0,localport=10003]
HybridServer.SocketAccept: Socket[addr=/127.0.0.1,port=17348,localport=10003]
HybridServer.SocketAccept.Execute
HybridServer.WaitingConnection 1033: ServerSocket[addr=0.0.0.0/0.0.0.0,localport=10003]
HybridServer.SocketAccept: Socket[addr=/127.0.0.1,port=17366,localport=10003]
HybridServer.SocketAccept.Execute
HybridServer.WaitingConnection 1034: ServerSocket[addr=0.0.0.0/0.0.0.0,localport=10003]
HybridServer Stop
10001
HybridServer.SocketAccept: Socket[addr=/127.0.0.1,port=17383,localport=10001]
HybridServer Stop
10002
HybridServer.SocketAccept: Socket[addr=/127.0.0.1,port=17384,localport=10002]
HybridServer Stop
10003
HybridServer.SocketAccept: Socket[addr=/127.0.0.1,port=17385,localport=10003]
HybridServer Stop
10004
HybridServer.SocketAccept: Socket[addr=/127.0.0.1,port=17386,localport=10004]
constructor configuration
HybridServer.Start: 
this.configuration.getWebServiceURL(): http://localhost:20001/hs
DAO INFO: jdbc:mysql://localhost:3306/hstestdb1 hsdb hsdbpass
configuration.getHttpPort(): 10001
HybridServer.WaitingConnection 1035: ServerSocket[addr=0.0.0.0/0.0.0.0,localport=10001]
constructor configuration
HybridServer.Start: 
this.configuration.getWebServiceURL(): http://localhost:20002/hs
DAO INFO: jdbc:mysql://localhost:3306/hstestdb2 hsdb hsdbpass
configuration.getHttpPort(): 10002
HybridServer.WaitingConnection 1036: ServerSocket[addr=0.0.0.0/0.0.0.0,localport=10002]
constructor configuration
HybridServer.Start: 
this.configuration.getWebServiceURL(): http://localhost:20003/hs
DAO INFO: jdbc:mysql://localhost:3306/hstestdb3 hsdb hsdbpass
configuration.getHttpPort(): 10003
HybridServer.WaitingConnection 1037: ServerSocket[addr=0.0.0.0/0.0.0.0,localport=10003]
constructor configuration
HybridServer.Start: 
this.configuration.getWebServiceURL(): http://localhost:20004/hs
DAO INFO: jdbc:mysql://localhost:3306/hstestdb4 hsdb hsdbpass
configuration.getHttpPort(): 10004
HybridServer.WaitingConnection 1038: ServerSocket[addr=0.0.0.0/0.0.0.0,localport=10004]
HybridServer.SocketAccept: Socket[addr=/127.0.0.1,port=17399,localport=10004]
HybridServer.SocketAccept.Execute
HybridServer.WaitingConnection 1039: ServerSocket[addr=0.0.0.0/0.0.0.0,localport=10004]
HybridServer.SocketAccept: Socket[addr=/127.0.0.1,port=17419,localport=10004]
HybridServer.SocketAccept.Execute
HybridServer.WaitingConnection 1040: ServerSocket[addr=0.0.0.0/0.0.0.0,localport=10004]
HybridServer.SocketAccept: Socket[addr=/127.0.0.1,port=17436,localport=10004]
HybridServer.SocketAccept.Execute
HybridServer.WaitingConnection 1041: ServerSocket[addr=0.0.0.0/0.0.0.0,localport=10004]
HybridServer.SocketAccept: Socket[addr=/127.0.0.1,port=17451,localport=10004]
HybridServer.SocketAccept.Execute
HybridServer.WaitingConnection 1042: ServerSocket[addr=0.0.0.0/0.0.0.0,localport=10004]
HybridServer.SocketAccept: Socket[addr=/127.0.0.1,port=17466,localport=10004]
HybridServer.SocketAccept.Execute
HybridServer.WaitingConnection 1043: ServerSocket[addr=0.0.0.0/0.0.0.0,localport=10004]
HybridServer.SocketAccept: Socket[addr=/127.0.0.1,port=17482,localport=10004]
HybridServer.SocketAccept.Execute
HybridServer.WaitingConnection 1044: ServerSocket[addr=0.0.0.0/0.0.0.0,localport=10004]
HybridServer.SocketAccept: Socket[addr=/127.0.0.1,port=17498,localport=10004]
HybridServer.SocketAccept.Execute
HybridServer.WaitingConnection 1045: ServerSocket[addr=0.0.0.0/0.0.0.0,localport=10004]
HybridServer.SocketAccept: Socket[addr=/127.0.0.1,port=17512,localport=10004]
HybridServer.SocketAccept.Execute
HybridServer.WaitingConnection 1046: ServerSocket[addr=0.0.0.0/0.0.0.0,localport=10004]
HybridServer Stop
10001
HybridServer.SocketAccept: Socket[addr=/127.0.0.1,port=17526,localport=10001]
HybridServer Stop
10002
HybridServer.SocketAccept: Socket[addr=/127.0.0.1,port=17527,localport=10002]
HybridServer Stop
10003
HybridServer.SocketAccept: Socket[addr=/127.0.0.1,port=17528,localport=10003]
HybridServer Stop
10004
HybridServer.SocketAccept: Socket[addr=/127.0.0.1,port=17529,localport=10004]
constructor configuration
HybridServer.Start: 
this.configuration.getWebServiceURL(): http://localhost:20001/hs
DAO INFO: jdbc:mysql://localhost:3306/hstestdb1 hsdb hsdbpass
configuration.getHttpPort(): 10001
constructor configuration
HybridServer.Start: 
this.configuration.getWebServiceURL(): http://localhost:20002/hs
DAO INFO: jdbc:mysql://localhost:3306/hstestdb2 hsdb hsdbpass
HybridServer.WaitingConnection 1047: ServerSocket[addr=0.0.0.0/0.0.0.0,localport=10001]
configuration.getHttpPort(): 10002
constructor configuration
HybridServer.Start: 
this.configuration.getWebServiceURL(): http://localhost:20003/hs
DAO INFO: jdbc:mysql://localhost:3306/hstestdb3 hsdb hsdbpass
HybridServer.WaitingConnection 1048: ServerSocket[addr=0.0.0.0/0.0.0.0,localport=10002]
configuration.getHttpPort(): 10003
constructor configuration
HybridServer.Start: 
this.configuration.getWebServiceURL(): http://localhost:20004/hs
DAO INFO: jdbc:mysql://localhost:3306/hstestdb4 hsdb hsdbpass
HybridServer.WaitingConnection 1049: ServerSocket[addr=0.0.0.0/0.0.0.0,localport=10003]
configuration.getHttpPort(): 10004
HybridServer.WaitingConnection 1050: ServerSocket[addr=0.0.0.0/0.0.0.0,localport=10004]
HybridServer.SocketAccept: Socket[addr=/127.0.0.1,port=17542,localport=10004]
HybridServer.SocketAccept.Execute
HybridServer.WaitingConnection 1051: ServerSocket[addr=0.0.0.0/0.0.0.0,localport=10004]
HybridServer.SocketAccept: Socket[addr=/127.0.0.1,port=17556,localport=10004]
HybridServer.SocketAccept.Execute
HybridServer.WaitingConnection 1052: ServerSocket[addr=0.0.0.0/0.0.0.0,localport=10004]
HybridServer.SocketAccept: Socket[addr=/127.0.0.1,port=17571,localport=10004]
HybridServer.SocketAccept.Execute
HybridServer.WaitingConnection 1053: ServerSocket[addr=0.0.0.0/0.0.0.0,localport=10004]
HybridServer.SocketAccept: Socket[addr=/127.0.0.1,port=17578,localport=10004]
HybridServer.SocketAccept.Execute
HybridServer.WaitingConnection 1054: ServerSocket[addr=0.0.0.0/0.0.0.0,localport=10004]
HybridServer Stop
10001
HybridServer.SocketAccept: Socket[addr=/127.0.0.1,port=17589,localport=10001]
HybridServer Stop
10002
HybridServer.SocketAccept: Socket[addr=/127.0.0.1,port=17590,localport=10002]
HybridServer Stop
10003
HybridServer.SocketAccept: Socket[addr=/127.0.0.1,port=17591,localport=10003]
HybridServer Stop
10004
HybridServer.SocketAccept: Socket[addr=/127.0.0.1,port=17592,localport=10004]
constructor configuration
HybridServer.Start: 
this.configuration.getWebServiceURL(): http://localhost:20001/hs
DAO INFO: jdbc:mysql://localhost:3306/hstestdb1 hsdb hsdbpass
configuration.getHttpPort(): 10001
constructor configuration
HybridServer.Start: 
this.configuration.getWebServiceURL(): http://localhost:20002/hs
DAO INFO: jdbc:mysql://localhost:3306/hstestdb2 hsdb hsdbpass
HybridServer.WaitingConnection 1055: ServerSocket[addr=0.0.0.0/0.0.0.0,localport=10001]
configuration.getHttpPort(): 10002
constructor configuration
HybridServer.Start: 
this.configuration.getWebServiceURL(): http://localhost:20003/hs
DAO INFO: jdbc:mysql://localhost:3306/hstestdb3 hsdb hsdbpass
HybridServer.WaitingConnection 1056: ServerSocket[addr=0.0.0.0/0.0.0.0,localport=10002]
configuration.getHttpPort(): 10003
constructor configuration
HybridServer.Start: 
this.configuration.getWebServiceURL(): http://localhost:20004/hs
DAO INFO: jdbc:mysql://localhost:3306/hstestdb4 hsdb hsdbpass
HybridServer.WaitingConnection 1057: ServerSocket[addr=0.0.0.0/0.0.0.0,localport=10003]
configuration.getHttpPort(): 10004
HybridServer.WaitingConnection 1058: ServerSocket[addr=0.0.0.0/0.0.0.0,localport=10004]
HybridServer.SocketAccept: Socket[addr=/127.0.0.1,port=17605,localport=10004]
HybridServer.SocketAccept.Execute
HybridServer.WaitingConnection 1059: ServerSocket[addr=0.0.0.0/0.0.0.0,localport=10004]
HybridServer.SocketAccept: Socket[addr=/127.0.0.1,port=17613,localport=10004]
HybridServer.SocketAccept.Execute
HybridServer.WaitingConnection 1060: ServerSocket[addr=0.0.0.0/0.0.0.0,localport=10004]
HybridServer.SocketAccept: Socket[addr=/127.0.0.1,port=17619,localport=10004]
HybridServer.SocketAccept.Execute
HybridServer.WaitingConnection 1061: ServerSocket[addr=0.0.0.0/0.0.0.0,localport=10004]
HybridServer.SocketAccept: Socket[addr=/127.0.0.1,port=17624,localport=10004]
HybridServer.SocketAccept.Execute
HybridServer.WaitingConnection 1062: ServerSocket[addr=0.0.0.0/0.0.0.0,localport=10004]
HybridServer.SocketAccept: Socket[addr=/127.0.0.1,port=17630,localport=10004]
HybridServer.SocketAccept.Execute
HybridServer.WaitingConnection 1063: ServerSocket[addr=0.0.0.0/0.0.0.0,localport=10004]
HybridServer.SocketAccept: Socket[addr=/127.0.0.1,port=17635,localport=10004]
HybridServer.SocketAccept.Execute
HybridServer.WaitingConnection 1064: ServerSocket[addr=0.0.0.0/0.0.0.0,localport=10004]
HybridServer.SocketAccept: Socket[addr=/127.0.0.1,port=17640,localport=10004]
HybridServer.SocketAccept.Execute
HybridServer.WaitingConnection 1065: ServerSocket[addr=0.0.0.0/0.0.0.0,localport=10004]
HybridServer.SocketAccept: Socket[addr=/127.0.0.1,port=17645,localport=10004]
HybridServer.SocketAccept.Execute
HybridServer.WaitingConnection 1066: ServerSocket[addr=0.0.0.0/0.0.0.0,localport=10004]
HybridServer Stop
10001
HybridServer.SocketAccept: Socket[addr=/127.0.0.1,port=17650,localport=10001]
HybridServer Stop
10002
HybridServer.SocketAccept: Socket[addr=/127.0.0.1,port=17651,localport=10002]
HybridServer Stop
10003
HybridServer.SocketAccept: Socket[addr=/127.0.0.1,port=17652,localport=10003]
HybridServer Stop
10004
HybridServer.SocketAccept: Socket[addr=/127.0.0.1,port=17653,localport=10004]
constructor configuration
HybridServer.Start: 
this.configuration.getWebServiceURL(): http://localhost:20001/hs
DAO INFO: jdbc:mysql://localhost:3306/hstestdb1 hsdb hsdbpass
configuration.getHttpPort(): 10001
HybridServer.WaitingConnection 1067: ServerSocket[addr=0.0.0.0/0.0.0.0,localport=10001]
constructor configuration
HybridServer.Start: 
this.configuration.getWebServiceURL(): http://localhost:20002/hs
DAO INFO: jdbc:mysql://localhost:3306/hstestdb2 hsdb hsdbpass
configuration.getHttpPort(): 10002
HybridServer.WaitingConnection 1068: ServerSocket[addr=0.0.0.0/0.0.0.0,localport=10002]
constructor configuration
HybridServer.Start: 
this.configuration.getWebServiceURL(): http://localhost:20003/hs
DAO INFO: jdbc:mysql://localhost:3306/hstestdb3 hsdb hsdbpass
configuration.getHttpPort(): 10003
constructor configuration
HybridServer.Start: 
this.configuration.getWebServiceURL(): http://localhost:20004/hs
DAO INFO: jdbc:mysql://localhost:3306/hstestdb4 hsdb hsdbpass
HybridServer.WaitingConnection 1069: ServerSocket[addr=0.0.0.0/0.0.0.0,localport=10003]
configuration.getHttpPort(): 10004
HybridServer.WaitingConnection 1070: ServerSocket[addr=0.0.0.0/0.0.0.0,localport=10004]
HybridServer.SocketAccept: Socket[addr=/127.0.0.1,port=17667,localport=10004]
HybridServer.SocketAccept.Execute
HybridServer.WaitingConnection 1071: ServerSocket[addr=0.0.0.0/0.0.0.0,localport=10004]
HybridServer.SocketAccept: Socket[addr=/127.0.0.1,port=17672,localport=10004]
HybridServer.SocketAccept.Execute
HybridServer.WaitingConnection 1072: ServerSocket[addr=0.0.0.0/0.0.0.0,localport=10004]
HybridServer Stop
10001
HybridServer.SocketAccept: Socket[addr=/127.0.0.1,port=17677,localport=10001]
HybridServer Stop
10002
HybridServer.SocketAccept: Socket[addr=/127.0.0.1,port=17678,localport=10002]
HybridServer Stop
10003
HybridServer.SocketAccept: Socket[addr=/127.0.0.1,port=17679,localport=10003]
HybridServer Stop
10004
HybridServer.SocketAccept: Socket[addr=/127.0.0.1,port=17680,localport=10004]
constructor configuration
HybridServer.Start: 
this.configuration.getWebServiceURL(): http://localhost:20001/hs
DAO INFO: jdbc:mysql://localhost:3306/hstestdb1 hsdb hsdbpass
configuration.getHttpPort(): 10001
HybridServer.WaitingConnection 1073: ServerSocket[addr=0.0.0.0/0.0.0.0,localport=10001]
constructor configuration
HybridServer.Start: 
this.configuration.getWebServiceURL(): http://localhost:20002/hs
DAO INFO: jdbc:mysql://localhost:3306/hstestdb2 hsdb hsdbpass
configuration.getHttpPort(): 10002
HybridServer.WaitingConnection 1074: ServerSocket[addr=0.0.0.0/0.0.0.0,localport=10002]
constructor configuration
HybridServer.Start: 
this.configuration.getWebServiceURL(): http://localhost:20003/hs
DAO INFO: jdbc:mysql://localhost:3306/hstestdb3 hsdb hsdbpass
configuration.getHttpPort(): 10003
HybridServer.WaitingConnection 1075: ServerSocket[addr=0.0.0.0/0.0.0.0,localport=10003]
constructor configuration
HybridServer.Start: 
this.configuration.getWebServiceURL(): http://localhost:20004/hs
DAO INFO: jdbc:mysql://localhost:3306/hstestdb4 hsdb hsdbpass
configuration.getHttpPort(): 10004
HybridServer.WaitingConnection 1076: ServerSocket[addr=0.0.0.0/0.0.0.0,localport=10004]
HybridServer.SocketAccept: Socket[addr=/127.0.0.1,port=17694,localport=10004]
HybridServer.SocketAccept.Execute
HybridServer.WaitingConnection 1077: ServerSocket[addr=0.0.0.0/0.0.0.0,localport=10004]
HybridServer.SocketAccept: Socket[addr=/127.0.0.1,port=17711,localport=10004]
HybridServer.SocketAccept.Execute
HybridServer.WaitingConnection 1078: ServerSocket[addr=0.0.0.0/0.0.0.0,localport=10004]
HybridServer.SocketAccept: Socket[addr=/127.0.0.1,port=17717,localport=10004]
HybridServer.SocketAccept.Execute
HybridServer.WaitingConnection 1079: ServerSocket[addr=0.0.0.0/0.0.0.0,localport=10004]
HybridServer.SocketAccept: Socket[addr=/127.0.0.1,port=17727,localport=10004]
HybridServer.SocketAccept.Execute
HybridServer.WaitingConnection 1080: ServerSocket[addr=0.0.0.0/0.0.0.0,localport=10004]
HybridServer Stop
10001
HybridServer.SocketAccept: Socket[addr=/127.0.0.1,port=17743,localport=10001]
HybridServer Stop
10002
HybridServer.SocketAccept: Socket[addr=/127.0.0.1,port=17744,localport=10002]
HybridServer Stop
10003
HybridServer.SocketAccept: Socket[addr=/127.0.0.1,port=17745,localport=10003]
HybridServer Stop
10004
HybridServer.SocketAccept: Socket[addr=/127.0.0.1,port=17746,localport=10004]
constructor configuration
HybridServer.Start: 
this.configuration.getWebServiceURL(): http://localhost:20001/hs
DAO INFO: jdbc:mysql://localhost:3306/hstestdb1 hsdb hsdbpass
configuration.getHttpPort(): 10001
HybridServer.WaitingConnection 1081: ServerSocket[addr=0.0.0.0/0.0.0.0,localport=10001]
constructor configuration
HybridServer.Start: 
this.configuration.getWebServiceURL(): http://localhost:20002/hs
DAO INFO: jdbc:mysql://localhost:3306/hstestdb2 hsdb hsdbpass
configuration.getHttpPort(): 10002
HybridServer.WaitingConnection 1082: ServerSocket[addr=0.0.0.0/0.0.0.0,localport=10002]
constructor configuration
HybridServer.Start: 
this.configuration.getWebServiceURL(): http://localhost:20003/hs
DAO INFO: jdbc:mysql://localhost:3306/hstestdb3 hsdb hsdbpass
configuration.getHttpPort(): 10003
constructor configuration
HybridServer.Start: 
this.configuration.getWebServiceURL(): http://localhost:20004/hs
DAO INFO: jdbc:mysql://localhost:3306/hstestdb4 hsdb hsdbpass
HybridServer.WaitingConnection 1083: ServerSocket[addr=0.0.0.0/0.0.0.0,localport=10003]
configuration.getHttpPort(): 10004
HybridServer.WaitingConnection 1084: ServerSocket[addr=0.0.0.0/0.0.0.0,localport=10004]
HybridServer.SocketAccept: Socket[addr=/127.0.0.1,port=17759,localport=10004]
HybridServer.SocketAccept.Execute
HybridServer.WaitingConnection 1085: ServerSocket[addr=0.0.0.0/0.0.0.0,localport=10004]
HybridServer.SocketAccept: Socket[addr=/127.0.0.1,port=17779,localport=10004]
HybridServer.SocketAccept.Execute
HybridServer.WaitingConnection 1086: ServerSocket[addr=0.0.0.0/0.0.0.0,localport=10004]
HybridServer.SocketAccept: Socket[addr=/127.0.0.1,port=17796,localport=10004]
HybridServer.SocketAccept.Execute
HybridServer.WaitingConnection 1087: ServerSocket[addr=0.0.0.0/0.0.0.0,localport=10004]
HybridServer.SocketAccept: Socket[addr=/127.0.0.1,port=17805,localport=10004]
HybridServer.SocketAccept.Execute
HybridServer.WaitingConnection 1088: ServerSocket[addr=0.0.0.0/0.0.0.0,localport=10004]
HybridServer.SocketAccept: Socket[addr=/127.0.0.1,port=17814,localport=10004]
HybridServer.SocketAccept.Execute
HybridServer.WaitingConnection 1089: ServerSocket[addr=0.0.0.0/0.0.0.0,localport=10004]
HybridServer.SocketAccept: Socket[addr=/127.0.0.1,port=17827,localport=10004]
HybridServer.SocketAccept.Execute
HybridServer.WaitingConnection 1090: ServerSocket[addr=0.0.0.0/0.0.0.0,localport=10004]
HybridServer Stop
10001
HybridServer.SocketAccept: Socket[addr=/127.0.0.1,port=17840,localport=10001]
HybridServer Stop
10002
HybridServer.SocketAccept: Socket[addr=/127.0.0.1,port=17841,localport=10002]
HybridServer Stop
10003
HybridServer.SocketAccept: Socket[addr=/127.0.0.1,port=17842,localport=10003]
HybridServer Stop
10004
HybridServer.SocketAccept: Socket[addr=/127.0.0.1,port=17843,localport=10004]
]]></system-out>

      <system-err><![CDATA[]]></system-err>

  </testsuite>
</testsuites>
