<?xml version="1.0" encoding="UTF-8" ?>
<testsuite errors="0" failures="0" hostname="Pargueluni" name="es.uvigo.esei.dai.hybridserver.HybridServerSecondReleaseTestSuite" skipped="0" tests="236" time="37.072" timestamp="2023-06-22T12:06:00">
  <properties>
[...]
</properties>
  <testcase classname="es.uvigo.esei.dai.hybridserver.week1.WelcomePageTest" name="testMultipleWelcome" time="0.338" />
  <testcase classname="es.uvigo.esei.dai.hybridserver.week1.WelcomePageTest" name="testWelcome" time="0.002" />
  <testcase classname="es.uvigo.esei.dai.hybridserver.week1.HTTPBadRequestsTest" name="test[Missing method]" time="0.0" />
  <testcase classname="es.uvigo.esei.dai.hybridserver.week1.HTTPBadRequestsTest" name="test[Missing resource]" time="0.0" />
  <testcase classname="es.uvigo.esei.dai.hybridserver.week1.HTTPBadRequestsTest" name="test[Missing version]" time="0.0" />
  <testcase classname="es.uvigo.esei.dai.hybridserver.week1.HTTPBadRequestsTest" name="test[Missing first line]" time="0.0" />
  <testcase classname="es.uvigo.esei.dai.hybridserver.week1.HTTPBadRequestsTest" name="test[Invalid header]" time="0.0" />
  <testcase classname="es.uvigo.esei.dai.hybridserver.week1.HTTPRequestGETRootTest" name="testGetResourceChain" time="0.001" />
  <testcase classname="es.uvigo.esei.dai.hybridserver.week1.HTTPRequestGETRootTest" name="testToString" time="0.0" />
  <testcase classname="es.uvigo.esei.dai.hybridserver.week1.HTTPRequestGETRootTest" name="testGetHttpVersion" time="0.0" />
  <testcase classname="es.uvigo.esei.dai.hybridserver.week1.HTTPRequestGETRootTest" name="testGetHeaderParameters" time="0.002" />
  <testcase classname="es.uvigo.esei.dai.hybridserver.week1.HTTPRequestGETRootTest" name="testGetResourceName" time="0.0" />
  <testcase classname="es.uvigo.esei.dai.hybridserver.week1.HTTPRequestGETRootTest" name="testGetResourcePath" time="0.001" />
  <testcase classname="es.uvigo.esei.dai.hybridserver.week1.HTTPRequestGETRootTest" name="testGetContent" time="0.0" />
  <testcase classname="es.uvigo.esei.dai.hybridserver.week1.HTTPRequestGETRootTest" name="testGetMethod" time="0.0" />
  <testcase classname="es.uvigo.esei.dai.hybridserver.week1.HTTPRequestGETRootTest" name="testGetContentLength" time="0.0" />
  <testcase classname="es.uvigo.esei.dai.hybridserver.week1.HTTPRequestGETRootTest" name="testGetResourceParameters" time="0.0" />
  <testcase classname="es.uvigo.esei.dai.hybridserver.week1.HTTPRequestGETResourceTest" name="testGetResourceChain" time="0.0" />
  <testcase classname="es.uvigo.esei.dai.hybridserver.week1.HTTPRequestGETResourceTest" name="testToString" time="0.0" />
  <testcase classname="es.uvigo.esei.dai.hybridserver.week1.HTTPRequestGETResourceTest" name="testGetHttpVersion" time="0.0" />
  <testcase classname="es.uvigo.esei.dai.hybridserver.week1.HTTPRequestGETResourceTest" name="testGetHeaderParameters" time="0.001" />
  <testcase classname="es.uvigo.esei.dai.hybridserver.week1.HTTPRequestGETResourceTest" name="testGetResourceName" time="0.0" />
  <testcase classname="es.uvigo.esei.dai.hybridserver.week1.HTTPRequestGETResourceTest" name="testGetResourcePath" time="0.001" />
  <testcase classname="es.uvigo.esei.dai.hybridserver.week1.HTTPRequestGETResourceTest" name="testGetContent" time="0.0" />
  <testcase classname="es.uvigo.esei.dai.hybridserver.week1.HTTPRequestGETResourceTest" name="testGetMethod" time="0.0" />
  <testcase classname="es.uvigo.esei.dai.hybridserver.week1.HTTPRequestGETResourceTest" name="testGetContentLength" time="0.0" />
  <testcase classname="es.uvigo.esei.dai.hybridserver.week1.HTTPRequestGETResourceTest" name="testGetResourceParameters" time="0.0" />
  <testcase classname="es.uvigo.esei.dai.hybridserver.week1.HTTPRequestGETResourcesTest" name="testGetResourceChain" time="0.0" />
  <testcase classname="es.uvigo.esei.dai.hybridserver.week1.HTTPRequestGETResourcesTest" name="testToString" time="0.0" />
  <testcase classname="es.uvigo.esei.dai.hybridserver.week1.HTTPRequestGETResourcesTest" name="testGetHttpVersion" time="0.001" />
  <testcase classname="es.uvigo.esei.dai.hybridserver.week1.HTTPRequestGETResourcesTest" name="testGetHeaderParameters" time="0.0" />
  <testcase classname="es.uvigo.esei.dai.hybridserver.week1.HTTPRequestGETResourcesTest" name="testGetResourceName" time="0.0" />
  <testcase classname="es.uvigo.esei.dai.hybridserver.week1.HTTPRequestGETResourcesTest" name="testGetResourcePath" time="0.0" />
  <testcase classname="es.uvigo.esei.dai.hybridserver.week1.HTTPRequestGETResourcesTest" name="testGetContent" time="0.0" />
  <testcase classname="es.uvigo.esei.dai.hybridserver.week1.HTTPRequestGETResourcesTest" name="testGetMethod" time="0.0" />
  <testcase classname="es.uvigo.esei.dai.hybridserver.week1.HTTPRequestGETResourcesTest" name="testGetContentLength" time="0.0" />
  <testcase classname="es.uvigo.esei.dai.hybridserver.week1.HTTPRequestGETResourcesTest" name="testGetResourceParameters" time="0.0" />
  <testcase classname="es.uvigo.esei.dai.hybridserver.week1.HTTPRequestGETParametersTest" name="testGetResourceChain" time="0.0" />
  <testcase classname="es.uvigo.esei.dai.hybridserver.week1.HTTPRequestGETParametersTest" name="testToString" time="0.001" />
  <testcase classname="es.uvigo.esei.dai.hybridserver.week1.HTTPRequestGETParametersTest" name="testGetHttpVersion" time="0.0" />
  <testcase classname="es.uvigo.esei.dai.hybridserver.week1.HTTPRequestGETParametersTest" name="testGetHeaderParameters" time="0.0" />
  <testcase classname="es.uvigo.esei.dai.hybridserver.week1.HTTPRequestGETParametersTest" name="testGetResourceName" time="0.0" />
  <testcase classname="es.uvigo.esei.dai.hybridserver.week1.HTTPRequestGETParametersTest" name="testGetResourcePath" time="0.001" />
  <testcase classname="es.uvigo.esei.dai.hybridserver.week1.HTTPRequestGETParametersTest" name="testGetContent" time="0.0" />
  <testcase classname="es.uvigo.esei.dai.hybridserver.week1.HTTPRequestGETParametersTest" name="testGetMethod" time="0.0" />
  <testcase classname="es.uvigo.esei.dai.hybridserver.week1.HTTPRequestGETParametersTest" name="testGetContentLength" time="0.0" />
  <testcase classname="es.uvigo.esei.dai.hybridserver.week1.HTTPRequestGETParametersTest" name="testGetResourceParameters" time="0.001" />
  <testcase classname="es.uvigo.esei.dai.hybridserver.week1.HTTPRequestPOSTOneParameterTest" name="testGetResourceChain" time="0.0" />
  <testcase classname="es.uvigo.esei.dai.hybridserver.week1.HTTPRequestPOSTOneParameterTest" name="testToString" time="0.0" />
  <testcase classname="es.uvigo.esei.dai.hybridserver.week1.HTTPRequestPOSTOneParameterTest" name="testGetHttpVersion" time="0.0" />
  <testcase classname="es.uvigo.esei.dai.hybridserver.week1.HTTPRequestPOSTOneParameterTest" name="testGetHeaderParameters" time="0.0" />
  <testcase classname="es.uvigo.esei.dai.hybridserver.week1.HTTPRequestPOSTOneParameterTest" name="testGetResourceName" time="0.0" />
  <testcase classname="es.uvigo.esei.dai.hybridserver.week1.HTTPRequestPOSTOneParameterTest" name="testGetResourcePath" time="0.0" />
  <testcase classname="es.uvigo.esei.dai.hybridserver.week1.HTTPRequestPOSTOneParameterTest" name="testGetContent" time="0.0" />
  <testcase classname="es.uvigo.esei.dai.hybridserver.week1.HTTPRequestPOSTOneParameterTest" name="testGetMethod" time="0.0" />
  <testcase classname="es.uvigo.esei.dai.hybridserver.week1.HTTPRequestPOSTOneParameterTest" name="testGetContentLength" time="0.0" />
  <testcase classname="es.uvigo.esei.dai.hybridserver.week1.HTTPRequestPOSTOneParameterTest" name="testGetResourceParameters" time="0.0" />
  <testcase classname="es.uvigo.esei.dai.hybridserver.week1.HTTPRequestPOSTMultipleParametersTest" name="testGetResourceChain" time="0.001" />
  <testcase classname="es.uvigo.esei.dai.hybridserver.week1.HTTPRequestPOSTMultipleParametersTest" name="testToString" time="0.0" />
  <testcase classname="es.uvigo.esei.dai.hybridserver.week1.HTTPRequestPOSTMultipleParametersTest" name="testGetHttpVersion" time="0.0" />
  <testcase classname="es.uvigo.esei.dai.hybridserver.week1.HTTPRequestPOSTMultipleParametersTest" name="testGetHeaderParameters" time="0.0" />
  <testcase classname="es.uvigo.esei.dai.hybridserver.week1.HTTPRequestPOSTMultipleParametersTest" name="testGetResourceName" time="0.0" />
  <testcase classname="es.uvigo.esei.dai.hybridserver.week1.HTTPRequestPOSTMultipleParametersTest" name="testGetResourcePath" time="0.001" />
  <testcase classname="es.uvigo.esei.dai.hybridserver.week1.HTTPRequestPOSTMultipleParametersTest" name="testGetContent" time="0.0" />
  <testcase classname="es.uvigo.esei.dai.hybridserver.week1.HTTPRequestPOSTMultipleParametersTest" name="testGetMethod" time="0.0" />
  <testcase classname="es.uvigo.esei.dai.hybridserver.week1.HTTPRequestPOSTMultipleParametersTest" name="testGetContentLength" time="0.0" />
  <testcase classname="es.uvigo.esei.dai.hybridserver.week1.HTTPRequestPOSTMultipleParametersTest" name="testGetResourceParameters" time="0.0" />
  <testcase classname="es.uvigo.esei.dai.hybridserver.week1.HTTPRequestPOSTEncodedTest" name="testGetResourceChain" time="0.0" />
  <testcase classname="es.uvigo.esei.dai.hybridserver.week1.HTTPRequestPOSTEncodedTest" name="testToString" time="0.0" />
  <testcase classname="es.uvigo.esei.dai.hybridserver.week1.HTTPRequestPOSTEncodedTest" name="testGetHttpVersion" time="0.0" />
  <testcase classname="es.uvigo.esei.dai.hybridserver.week1.HTTPRequestPOSTEncodedTest" name="testGetHeaderParameters" time="0.0" />
  <testcase classname="es.uvigo.esei.dai.hybridserver.week1.HTTPRequestPOSTEncodedTest" name="testGetResourceName" time="0.0" />
  <testcase classname="es.uvigo.esei.dai.hybridserver.week1.HTTPRequestPOSTEncodedTest" name="testGetResourcePath" time="0.0" />
  <testcase classname="es.uvigo.esei.dai.hybridserver.week1.HTTPRequestPOSTEncodedTest" name="testGetContent" time="0.0" />
  <testcase classname="es.uvigo.esei.dai.hybridserver.week1.HTTPRequestPOSTEncodedTest" name="testGetMethod" time="0.0" />
  <testcase classname="es.uvigo.esei.dai.hybridserver.week1.HTTPRequestPOSTEncodedTest" name="testGetContentLength" time="0.0" />
  <testcase classname="es.uvigo.esei.dai.hybridserver.week1.HTTPRequestPOSTEncodedTest" name="testGetResourceParameters" time="0.0" />
  <testcase classname="es.uvigo.esei.dai.hybridserver.week1.HTTPResponseNoContentTest" name="testPrint" time="0.0" />
  <testcase classname="es.uvigo.esei.dai.hybridserver.week1.HTTPResponseNoContentWithHeadersTest" name="testPrint" time="0.001" />
  <testcase classname="es.uvigo.esei.dai.hybridserver.week1.HTTPResponseTest" name="testPrint" time="0.0" />
  <testcase classname="es.uvigo.esei.dai.hybridserver.week1.HTTPResponseWithHeadersTest" name="testPrint" time="0.0" />
  <testcase classname="es.uvigo.esei.dai.hybridserver.week3.CustomPortTest" name="testMultipleWelcome[0]" time="0.016" />
  <testcase classname="es.uvigo.esei.dai.hybridserver.week3.CustomPortTest" name="testWelcome[0]" time="0.002" />
  <testcase classname="es.uvigo.esei.dai.hybridserver.week3.CustomPortTest" name="testMultipleWelcome[1]" time="0.011" />
  <testcase classname="es.uvigo.esei.dai.hybridserver.week3.CustomPortTest" name="testWelcome[1]" time="0.001" />
  <testcase classname="es.uvigo.esei.dai.hybridserver.week3.CustomPortTest" name="testMultipleWelcome[2]" time="0.01" />
  <testcase classname="es.uvigo.esei.dai.hybridserver.week3.CustomPortTest" name="testWelcome[2]" time="0.001" />
  <testcase classname="es.uvigo.esei.dai.hybridserver.week3.CustomPortTest" name="testMultipleWelcome[3]" time="0.01" />
  <testcase classname="es.uvigo.esei.dai.hybridserver.week3.CustomPortTest" name="testWelcome[3]" time="0.001" />
  <testcase classname="es.uvigo.esei.dai.hybridserver.week3.CustomPortTest" name="testMultipleWelcome[4]" time="0.01" />
  <testcase classname="es.uvigo.esei.dai.hybridserver.week3.CustomPortTest" name="testWelcome[4]" time="0.002" />
  <testcase classname="es.uvigo.esei.dai.hybridserver.week3.CustomPortTest" name="testMultipleWelcome[5]" time="0.009" />
  <testcase classname="es.uvigo.esei.dai.hybridserver.week3.CustomPortTest" name="testWelcome[5]" time="0.001" />
  <testcase classname="es.uvigo.esei.dai.hybridserver.week3.CustomPortTest" name="testMultipleWelcome[6]" time="0.009" />
  <testcase classname="es.uvigo.esei.dai.hybridserver.week3.CustomPortTest" name="testWelcome[6]" time="0.002" />
  <testcase classname="es.uvigo.esei.dai.hybridserver.week3.CustomPortTest" name="testMultipleWelcome[7]" time="0.01" />
  <testcase classname="es.uvigo.esei.dai.hybridserver.week3.CustomPortTest" name="testWelcome[7]" time="0.002" />
  <testcase classname="es.uvigo.esei.dai.hybridserver.week3.CustomPortTest" name="testMultipleWelcome[8]" time="0.011" />
  <testcase classname="es.uvigo.esei.dai.hybridserver.week3.CustomPortTest" name="testWelcome[8]" time="0.002" />
  <testcase classname="es.uvigo.esei.dai.hybridserver.week3.CustomPortTest" name="testMultipleWelcome[9]" time="0.011" />
  <testcase classname="es.uvigo.esei.dai.hybridserver.week3.CustomPortTest" name="testWelcome[9]" time="0.002" />
  <testcase classname="es.uvigo.esei.dai.hybridserver.week3.ClientRequestsWithDatabaseTest" name="testPostInvalidContent" time="0.275" />
  <testcase classname="es.uvigo.esei.dai.hybridserver.week3.ClientRequestsWithDatabaseTest" name="testPost" time="0.032" />
  <testcase classname="es.uvigo.esei.dai.hybridserver.week3.ClientRequestsWithDatabaseTest" name="testGetInvalidResource" time="0.021" />
  <testcase classname="es.uvigo.esei.dai.hybridserver.week3.ClientRequestsWithDatabaseTest" name="testGetInvalidHtmlPage" time="0.022" />
  <testcase classname="es.uvigo.esei.dai.hybridserver.week3.ClientRequestsWithDatabaseTest" name="testGetHtmlList" time="0.019" />
  <testcase classname="es.uvigo.esei.dai.hybridserver.week3.ClientRequestsWithDatabaseTest" name="testDelete" time="0.021" />
  <testcase classname="es.uvigo.esei.dai.hybridserver.week3.ClientRequestsWithDatabaseTest" name="testDeleteNonexistentPage" time="0.019" />
  <testcase classname="es.uvigo.esei.dai.hybridserver.week7.HTMLClientRequestsWithDatabaseTest" name="testGet" time="0.057" />
  <testcase classname="es.uvigo.esei.dai.hybridserver.week7.HTMLClientRequestsWithDatabaseTest" name="testPost" time="0.042" />
  <testcase classname="es.uvigo.esei.dai.hybridserver.week7.HTMLClientRequestsWithDatabaseTest" name="testGetList" time="0.03" />
  <testcase classname="es.uvigo.esei.dai.hybridserver.week7.HTMLClientRequestsWithDatabaseTest" name="testDelete" time="0.031" />
  <testcase classname="es.uvigo.esei.dai.hybridserver.week7.HTMLClientRequestsWithDatabaseTest" name="testDeleteNonexistentPage" time="0.032" />
  <testcase classname="es.uvigo.esei.dai.hybridserver.week7.HTMLClientRequestsWithDatabaseTest" name="testGetInvalidPage" time="0.029" />
  <testcase classname="es.uvigo.esei.dai.hybridserver.week7.XMLClientRequestsWithDatabaseTest" name="testGet" time="0.033" />
  <testcase classname="es.uvigo.esei.dai.hybridserver.week7.XMLClientRequestsWithDatabaseTest" name="testPost" time="0.034" />
  <testcase classname="es.uvigo.esei.dai.hybridserver.week7.XMLClientRequestsWithDatabaseTest" name="testGetList" time="0.034" />
  <testcase classname="es.uvigo.esei.dai.hybridserver.week7.XMLClientRequestsWithDatabaseTest" name="testDelete" time="0.029" />
  <testcase classname="es.uvigo.esei.dai.hybridserver.week7.XMLClientRequestsWithDatabaseTest" name="testDeleteNonexistentPage" time="0.027" />
  <testcase classname="es.uvigo.esei.dai.hybridserver.week7.XMLClientRequestsWithDatabaseTest" name="testGetInvalidPage" time="0.03" />
  <testcase classname="es.uvigo.esei.dai.hybridserver.week7.XSDClientRequestsWithDatabaseTest" name="testGet" time="0.03" />
  <testcase classname="es.uvigo.esei.dai.hybridserver.week7.XSDClientRequestsWithDatabaseTest" name="testPost" time="0.028" />
  <testcase classname="es.uvigo.esei.dai.hybridserver.week7.XSDClientRequestsWithDatabaseTest" name="testGetList" time="0.025" />
  <testcase classname="es.uvigo.esei.dai.hybridserver.week7.XSDClientRequestsWithDatabaseTest" name="testDelete" time="0.027" />
  <testcase classname="es.uvigo.esei.dai.hybridserver.week7.XSDClientRequestsWithDatabaseTest" name="testDeleteNonexistentPage" time="0.026" />
  <testcase classname="es.uvigo.esei.dai.hybridserver.week7.XSDClientRequestsWithDatabaseTest" name="testGetInvalidPage" time="0.026" />
  <testcase classname="es.uvigo.esei.dai.hybridserver.week7.XSLTClientRequestsWithDatabaseTest" name="testPostWithBadXSD" time="0.026" />
  <testcase classname="es.uvigo.esei.dai.hybridserver.week7.XSLTClientRequestsWithDatabaseTest" name="testPost" time="0.035" />
  <testcase classname="es.uvigo.esei.dai.hybridserver.week7.XSLTClientRequestsWithDatabaseTest" name="testPostWithoutXSD" time="0.025" />
  <testcase classname="es.uvigo.esei.dai.hybridserver.week7.XSLTClientRequestsWithDatabaseTest" name="testGet" time="0.031" />
  <testcase classname="es.uvigo.esei.dai.hybridserver.week7.XSLTClientRequestsWithDatabaseTest" name="testGetList" time="0.028" />
  <testcase classname="es.uvigo.esei.dai.hybridserver.week7.XSLTClientRequestsWithDatabaseTest" name="testDelete" time="0.028" />
  <testcase classname="es.uvigo.esei.dai.hybridserver.week7.XSLTClientRequestsWithDatabaseTest" name="testDeleteNonexistentPage" time="0.027" />
  <testcase classname="es.uvigo.esei.dai.hybridserver.week7.XSLTClientRequestsWithDatabaseTest" name="testGetInvalidPage" time="0.025" />
  <testcase classname="es.uvigo.esei.dai.hybridserver.week9.ConvertedXMLTest" name="testInvalidXSLT" time="0.068" />
  <testcase classname="es.uvigo.esei.dai.hybridserver.week9.ConvertedXMLTest" name="testSimpleGet" time="0.033" />
  <testcase classname="es.uvigo.esei.dai.hybridserver.week9.ConvertedXMLTest" name="testInexistantXSLT" time="0.038" />
  <testcase classname="es.uvigo.esei.dai.hybridserver.week9.ConvertedXMLTest" name="testConvertedGet" time="0.131" />
  <testcase classname="es.uvigo.esei.dai.hybridserver.week9.InvalidXMLConfigurationLoaderTest" name="testLoad[Missing http parameter]" time="0.003" />
  <testcase classname="es.uvigo.esei.dai.hybridserver.week9.InvalidXMLConfigurationLoaderTest" name="testLoad[Missing database configuration]" time="0.002" />
  <testcase classname="es.uvigo.esei.dai.hybridserver.week9.InvalidXMLConfigurationLoaderTest" name="testLoad[Invalid http port number]" time="0.002" />
  <testcase classname="es.uvigo.esei.dai.hybridserver.week9.InvalidXMLConfigurationLoaderTest" name="testLoad[Invalid number of clients]" time="0.002" />
  <testcase classname="es.uvigo.esei.dai.hybridserver.week9.InvalidXMLConfigurationLoaderTest" name="testLoad[Missing attributes in server]" time="0.001" />
  <testcase classname="es.uvigo.esei.dai.hybridserver.week9.XMLConfigurationLoaderTest" name="testLoad" time="0.004" />
  <testcase classname="es.uvigo.esei.dai.hybridserver.week11.WelcomeAndListsMultipleServersTestCase" name="testHtmlList[Hybrid Server 1]" time="0.335" />
  <testcase classname="es.uvigo.esei.dai.hybridserver.week11.WelcomeAndListsMultipleServersTestCase" name="testWelcome[Hybrid Server 1]" time="0.132" />
  <testcase classname="es.uvigo.esei.dai.hybridserver.week11.WelcomeAndListsMultipleServersTestCase" name="testXsltList[Hybrid Server 1]" time="0.207" />
  <testcase classname="es.uvigo.esei.dai.hybridserver.week11.WelcomeAndListsMultipleServersTestCase" name="testXmlList[Hybrid Server 1]" time="0.187" />
  <testcase classname="es.uvigo.esei.dai.hybridserver.week11.WelcomeAndListsMultipleServersTestCase" name="testXsdList[Hybrid Server 1]" time="0.194" />
  <testcase classname="es.uvigo.esei.dai.hybridserver.week11.WelcomeAndListsMultipleServersTestCase" name="testHtmlList[Hybrid Server 2]" time="0.181" />
  <testcase classname="es.uvigo.esei.dai.hybridserver.week11.WelcomeAndListsMultipleServersTestCase" name="testWelcome[Hybrid Server 2]" time="0.124" />
  <testcase classname="es.uvigo.esei.dai.hybridserver.week11.WelcomeAndListsMultipleServersTestCase" name="testXsltList[Hybrid Server 2]" time="0.17" />
  <testcase classname="es.uvigo.esei.dai.hybridserver.week11.WelcomeAndListsMultipleServersTestCase" name="testXmlList[Hybrid Server 2]" time="0.167" />
  <testcase classname="es.uvigo.esei.dai.hybridserver.week11.WelcomeAndListsMultipleServersTestCase" name="testXsdList[Hybrid Server 2]" time="0.19" />
  <testcase classname="es.uvigo.esei.dai.hybridserver.week11.WelcomeAndListsMultipleServersTestCase" name="testHtmlList[Hybrid Server 3]" time="0.175" />
  <testcase classname="es.uvigo.esei.dai.hybridserver.week11.WelcomeAndListsMultipleServersTestCase" name="testWelcome[Hybrid Server 3]" time="0.117" />
  <testcase classname="es.uvigo.esei.dai.hybridserver.week11.WelcomeAndListsMultipleServersTestCase" name="testXsltList[Hybrid Server 3]" time="0.18" />
  <testcase classname="es.uvigo.esei.dai.hybridserver.week11.WelcomeAndListsMultipleServersTestCase" name="testXmlList[Hybrid Server 3]" time="0.216" />
  <testcase classname="es.uvigo.esei.dai.hybridserver.week11.WelcomeAndListsMultipleServersTestCase" name="testXsdList[Hybrid Server 3]" time="0.18" />
  <testcase classname="es.uvigo.esei.dai.hybridserver.week11.WelcomeAndListsMultipleServersTestCase" name="testHtmlList[Hybrid Server 4]" time="0.177" />
  <testcase classname="es.uvigo.esei.dai.hybridserver.week11.WelcomeAndListsMultipleServersTestCase" name="testWelcome[Hybrid Server 4]" time="0.1" />
  <testcase classname="es.uvigo.esei.dai.hybridserver.week11.WelcomeAndListsMultipleServersTestCase" name="testXsltList[Hybrid Server 4]" time="0.155" />
  <testcase classname="es.uvigo.esei.dai.hybridserver.week11.WelcomeAndListsMultipleServersTestCase" name="testXmlList[Hybrid Server 4]" time="0.167" />
  <testcase classname="es.uvigo.esei.dai.hybridserver.week11.WelcomeAndListsMultipleServersTestCase" name="testXsdList[Hybrid Server 4]" time="0.17" />
  <testcase classname="es.uvigo.esei.dai.hybridserver.week11.HtmlMultipleServersTestCase" name="testGetLocales[Hybrid Server 1]" time="0.114" />
  <testcase classname="es.uvigo.esei.dai.hybridserver.week11.HtmlMultipleServersTestCase" name="testGetRemotes[Hybrid Server 1]" time="0.73" />
  <testcase classname="es.uvigo.esei.dai.hybridserver.week11.HtmlMultipleServersTestCase" name="testInvalid[Hybrid Server 1]" time="0.671" />
  <testcase classname="es.uvigo.esei.dai.hybridserver.week11.HtmlMultipleServersTestCase" name="testGetLocales[Hybrid Server 2]" time="0.109" />
  <testcase classname="es.uvigo.esei.dai.hybridserver.week11.HtmlMultipleServersTestCase" name="testGetRemotes[Hybrid Server 2]" time="0.647" />
  <testcase classname="es.uvigo.esei.dai.hybridserver.week11.HtmlMultipleServersTestCase" name="testInvalid[Hybrid Server 2]" time="0.649" />
  <testcase classname="es.uvigo.esei.dai.hybridserver.week11.HtmlMultipleServersTestCase" name="testGetLocales[Hybrid Server 3]" time="0.13" />
  <testcase classname="es.uvigo.esei.dai.hybridserver.week11.HtmlMultipleServersTestCase" name="testGetRemotes[Hybrid Server 3]" time="0.621" />
  <testcase classname="es.uvigo.esei.dai.hybridserver.week11.HtmlMultipleServersTestCase" name="testInvalid[Hybrid Server 3]" time="0.641" />
  <testcase classname="es.uvigo.esei.dai.hybridserver.week11.HtmlMultipleServersTestCase" name="testGetLocales[Hybrid Server 4]" time="0.114" />
  <testcase classname="es.uvigo.esei.dai.hybridserver.week11.HtmlMultipleServersTestCase" name="testGetRemotes[Hybrid Server 4]" time="0.625" />
  <testcase classname="es.uvigo.esei.dai.hybridserver.week11.HtmlMultipleServersTestCase" name="testInvalid[Hybrid Server 4]" time="0.614" />
  <testcase classname="es.uvigo.esei.dai.hybridserver.week11.XmlMultipleServersTestCase" name="testGetLocales[Hybrid Server 1]" time="0.1" />
  <testcase classname="es.uvigo.esei.dai.hybridserver.week11.XmlMultipleServersTestCase" name="testGetRemotes[Hybrid Server 1]" time="0.291" />
  <testcase classname="es.uvigo.esei.dai.hybridserver.week11.XmlMultipleServersTestCase" name="testInvalid[Hybrid Server 1]" time="0.612" />
  <testcase classname="es.uvigo.esei.dai.hybridserver.week11.XmlMultipleServersTestCase" name="testGetLocales[Hybrid Server 2]" time="0.105" />
  <testcase classname="es.uvigo.esei.dai.hybridserver.week11.XmlMultipleServersTestCase" name="testGetRemotes[Hybrid Server 2]" time="0.286" />
  <testcase classname="es.uvigo.esei.dai.hybridserver.week11.XmlMultipleServersTestCase" name="testInvalid[Hybrid Server 2]" time="0.584" />
  <testcase classname="es.uvigo.esei.dai.hybridserver.week11.XmlMultipleServersTestCase" name="testGetLocales[Hybrid Server 3]" time="0.103" />
  <testcase classname="es.uvigo.esei.dai.hybridserver.week11.XmlMultipleServersTestCase" name="testGetRemotes[Hybrid Server 3]" time="0.291" />
  <testcase classname="es.uvigo.esei.dai.hybridserver.week11.XmlMultipleServersTestCase" name="testInvalid[Hybrid Server 3]" time="0.601" />
  <testcase classname="es.uvigo.esei.dai.hybridserver.week11.XmlMultipleServersTestCase" name="testGetLocales[Hybrid Server 4]" time="0.108" />
  <testcase classname="es.uvigo.esei.dai.hybridserver.week11.XmlMultipleServersTestCase" name="testGetRemotes[Hybrid Server 4]" time="0.297" />
  <testcase classname="es.uvigo.esei.dai.hybridserver.week11.XmlMultipleServersTestCase" name="testInvalid[Hybrid Server 4]" time="0.582" />
  <testcase classname="es.uvigo.esei.dai.hybridserver.week11.XsdMultipleServersTestCase" name="testGetLocales[Hybrid Server 1]" time="0.106" />
  <testcase classname="es.uvigo.esei.dai.hybridserver.week11.XsdMultipleServersTestCase" name="testGetRemotes[Hybrid Server 1]" time="0.299" />
  <testcase classname="es.uvigo.esei.dai.hybridserver.week11.XsdMultipleServersTestCase" name="testInvalid[Hybrid Server 1]" time="0.581" />
  <testcase classname="es.uvigo.esei.dai.hybridserver.week11.XsdMultipleServersTestCase" name="testGetLocales[Hybrid Server 2]" time="0.109" />
  <testcase classname="es.uvigo.esei.dai.hybridserver.week11.XsdMultipleServersTestCase" name="testGetRemotes[Hybrid Server 2]" time="0.356" />
  <testcase classname="es.uvigo.esei.dai.hybridserver.week11.XsdMultipleServersTestCase" name="testInvalid[Hybrid Server 2]" time="0.611" />
  <testcase classname="es.uvigo.esei.dai.hybridserver.week11.XsdMultipleServersTestCase" name="testGetLocales[Hybrid Server 3]" time="0.101" />
  <testcase classname="es.uvigo.esei.dai.hybridserver.week11.XsdMultipleServersTestCase" name="testGetRemotes[Hybrid Server 3]" time="0.289" />
  <testcase classname="es.uvigo.esei.dai.hybridserver.week11.XsdMultipleServersTestCase" name="testInvalid[Hybrid Server 3]" time="0.584" />
  <testcase classname="es.uvigo.esei.dai.hybridserver.week11.XsdMultipleServersTestCase" name="testGetLocales[Hybrid Server 4]" time="0.115" />
  <testcase classname="es.uvigo.esei.dai.hybridserver.week11.XsdMultipleServersTestCase" name="testGetRemotes[Hybrid Server 4]" time="0.301" />
  <testcase classname="es.uvigo.esei.dai.hybridserver.week11.XsdMultipleServersTestCase" name="testInvalid[Hybrid Server 4]" time="0.639" />
  <testcase classname="es.uvigo.esei.dai.hybridserver.week11.XsltMultipleServersTestCase" name="testGetLocales[Hybrid Server 1]" time="0.119" />
  <testcase classname="es.uvigo.esei.dai.hybridserver.week11.XsltMultipleServersTestCase" name="testGetRemotes[Hybrid Server 1]" time="0.394" />
  <testcase classname="es.uvigo.esei.dai.hybridserver.week11.XsltMultipleServersTestCase" name="testInvalid[Hybrid Server 1]" time="0.667" />
  <testcase classname="es.uvigo.esei.dai.hybridserver.week11.XsltMultipleServersTestCase" name="testGetLocales[Hybrid Server 2]" time="0.116" />
  <testcase classname="es.uvigo.esei.dai.hybridserver.week11.XsltMultipleServersTestCase" name="testGetRemotes[Hybrid Server 2]" time="0.303" />
  <testcase classname="es.uvigo.esei.dai.hybridserver.week11.XsltMultipleServersTestCase" name="testInvalid[Hybrid Server 2]" time="0.603" />
  <testcase classname="es.uvigo.esei.dai.hybridserver.week11.XsltMultipleServersTestCase" name="testGetLocales[Hybrid Server 3]" time="0.114" />
  <testcase classname="es.uvigo.esei.dai.hybridserver.week11.XsltMultipleServersTestCase" name="testGetRemotes[Hybrid Server 3]" time="0.298" />
  <testcase classname="es.uvigo.esei.dai.hybridserver.week11.XsltMultipleServersTestCase" name="testInvalid[Hybrid Server 3]" time="0.607" />
  <testcase classname="es.uvigo.esei.dai.hybridserver.week11.XsltMultipleServersTestCase" name="testGetLocales[Hybrid Server 4]" time="0.107" />
  <testcase classname="es.uvigo.esei.dai.hybridserver.week11.XsltMultipleServersTestCase" name="testGetRemotes[Hybrid Server 4]" time="0.322" />
  <testcase classname="es.uvigo.esei.dai.hybridserver.week11.XsltMultipleServersTestCase" name="testInvalid[Hybrid Server 4]" time="0.56" />
  <testcase classname="es.uvigo.esei.dai.hybridserver.week11.TransformedMultipleServersTestCase" name="testBadXsltTransformations[Hybrid Server 1]" time="1.089" />
  <testcase classname="es.uvigo.esei.dai.hybridserver.week11.TransformedMultipleServersTestCase" name="testInvalidXsltTransformations[Hybrid Server 1]" time="0.425" />
  <testcase classname="es.uvigo.esei.dai.hybridserver.week11.TransformedMultipleServersTestCase" name="testBadXmlTransformations[Hybrid Server 1]" time="0.481" />
  <testcase classname="es.uvigo.esei.dai.hybridserver.week11.TransformedMultipleServersTestCase" name="testGetLocales[Hybrid Server 1]" time="0.126" />
  <testcase classname="es.uvigo.esei.dai.hybridserver.week11.TransformedMultipleServersTestCase" name="testCrossTransformations[Hybrid Server 1]" time="0.509" />
  <testcase classname="es.uvigo.esei.dai.hybridserver.week11.TransformedMultipleServersTestCase" name="testGetRemotes[Hybrid Server 1]" time="0.684" />
  <testcase classname="es.uvigo.esei.dai.hybridserver.week11.TransformedMultipleServersTestCase" name="testBadXsltTransformations[Hybrid Server 2]" time="1.053" />
  <testcase classname="es.uvigo.esei.dai.hybridserver.week11.TransformedMultipleServersTestCase" name="testInvalidXsltTransformations[Hybrid Server 2]" time="0.417" />
  <testcase classname="es.uvigo.esei.dai.hybridserver.week11.TransformedMultipleServersTestCase" name="testBadXmlTransformations[Hybrid Server 2]" time="0.466" />
  <testcase classname="es.uvigo.esei.dai.hybridserver.week11.TransformedMultipleServersTestCase" name="testGetLocales[Hybrid Server 2]" time="0.107" />
  <testcase classname="es.uvigo.esei.dai.hybridserver.week11.TransformedMultipleServersTestCase" name="testCrossTransformations[Hybrid Server 2]" time="0.404" />
  <testcase classname="es.uvigo.esei.dai.hybridserver.week11.TransformedMultipleServersTestCase" name="testGetRemotes[Hybrid Server 2]" time="0.816" />
  <testcase classname="es.uvigo.esei.dai.hybridserver.week11.TransformedMultipleServersTestCase" name="testBadXsltTransformations[Hybrid Server 3]" time="1.158" />
  <testcase classname="es.uvigo.esei.dai.hybridserver.week11.TransformedMultipleServersTestCase" name="testInvalidXsltTransformations[Hybrid Server 3]" time="0.403" />
  <testcase classname="es.uvigo.esei.dai.hybridserver.week11.TransformedMultipleServersTestCase" name="testBadXmlTransformations[Hybrid Server 3]" time="0.541" />
  <testcase classname="es.uvigo.esei.dai.hybridserver.week11.TransformedMultipleServersTestCase" name="testGetLocales[Hybrid Server 3]" time="0.119" />
  <testcase classname="es.uvigo.esei.dai.hybridserver.week11.TransformedMultipleServersTestCase" name="testCrossTransformations[Hybrid Server 3]" time="0.433" />
  <testcase classname="es.uvigo.esei.dai.hybridserver.week11.TransformedMultipleServersTestCase" name="testGetRemotes[Hybrid Server 3]" time="0.874" />
  <testcase classname="es.uvigo.esei.dai.hybridserver.week11.TransformedMultipleServersTestCase" name="testBadXsltTransformations[Hybrid Server 4]" time="1.254" />
  <testcase classname="es.uvigo.esei.dai.hybridserver.week11.TransformedMultipleServersTestCase" name="testInvalidXsltTransformations[Hybrid Server 4]" time="0.443" />
  <testcase classname="es.uvigo.esei.dai.hybridserver.week11.TransformedMultipleServersTestCase" name="testBadXmlTransformations[Hybrid Server 4]" time="0.521" />
  <testcase classname="es.uvigo.esei.dai.hybridserver.week11.TransformedMultipleServersTestCase" name="testGetLocales[Hybrid Server 4]" time="0.109" />
  <testcase classname="es.uvigo.esei.dai.hybridserver.week11.TransformedMultipleServersTestCase" name="testCrossTransformations[Hybrid Server 4]" time="0.404" />
  <testcase classname="es.uvigo.esei.dai.hybridserver.week11.TransformedMultipleServersTestCase" name="testGetRemotes[Hybrid Server 4]" time="0.727" />
  <system-out><![CDATA[constructor vacío
Configuration{httpPort=8888, numClients=50, webServiceURL='null', dbUser='hsdb', dbPassword='hsdbpass', dbURL='jdbc:mysql:// localhost:3306/hstestdb', servers=

8888
HybridServer.Start: 
HybridServer.WaitingConnection 1: ServerSocket[addr=0.0.0.0/0.0.0.0,localport=8888]
HybridServer.SocketAccept: Socket[addr=/127.0.0.1,port=50782,localport=8888]
HybridServer.SocketAccept.Execute
HybridServer.WaitingConnection 2: ServerSocket[addr=0.0.0.0/0.0.0.0,localport=8888]
Request ToString: GET / HTTP/1.1
Connection: close
Content-encoding: UTF-8
Host: localhost:8888
User-Agent: Apache-HttpClient/4.3.5 (java 1.5)
Accept-Encoding: gzip,deflate

Parameters :{}
ResourceName: 
Method: GET
Welcome Detected
RESPONSE TOSTRING:
HTTP/1.1 200 OK
Content-type: text/html
Content-Length: 89

<html><body><h1>Welcome To Hybrid Server</h1><h2>Ã“scar LestÃ³n Casais</h2></body></html>
HybridServer.SocketAccept: Socket[addr=/127.0.0.1,port=50783,localport=8888]
HybridServer.SocketAccept.Execute
HybridServer.WaitingConnection 3: ServerSocket[addr=0.0.0.0/0.0.0.0,localport=8888]
Request ToString: GET / HTTP/1.1
Connection: close
Content-encoding: UTF-8
Host: localhost:8888
User-Agent: Apache-HttpClient/4.3.5 (java 1.5)
Accept-Encoding: gzip,deflate

Parameters :{}
ResourceName: 
Method: GET
Welcome Detected
RESPONSE TOSTRING:
HTTP/1.1 200 OK
Content-type: text/html
Content-Length: 89

<html><body><h1>Welcome To Hybrid Server</h1><h2>Ã“scar LestÃ³n Casais</h2></body></html>
HybridServer.SocketAccept: Socket[addr=/127.0.0.1,port=50784,localport=8888]
HybridServer.SocketAccept.Execute
HybridServer.WaitingConnection 4: ServerSocket[addr=0.0.0.0/0.0.0.0,localport=8888]
Request ToString: GET / HTTP/1.1
Connection: close
Content-encoding: UTF-8
Host: localhost:8888
User-Agent: Apache-HttpClient/4.3.5 (java 1.5)
Accept-Encoding: gzip,deflate

Parameters :{}
ResourceName: 
Method: GET
Welcome Detected
RESPONSE TOSTRING:
HTTP/1.1 200 OK
Content-type: text/html
Content-Length: 89

<html><body><h1>Welcome To Hybrid Server</h1><h2>Ã“scar LestÃ³n Casais</h2></body></html>
HybridServer.SocketAccept: Socket[addr=/127.0.0.1,port=50785,localport=8888]
HybridServer.SocketAccept.Execute
HybridServer.WaitingConnection 5: ServerSocket[addr=0.0.0.0/0.0.0.0,localport=8888]
Request ToString: GET / HTTP/1.1
Connection: close
Content-encoding: UTF-8
Host: localhost:8888
User-Agent: Apache-HttpClient/4.3.5 (java 1.5)
Accept-Encoding: gzip,deflate

Parameters :{}
ResourceName: 
Method: GET
Welcome Detected
RESPONSE TOSTRING:
HTTP/1.1 200 OK
Content-type: text/html
Content-Length: 89

<html><body><h1>Welcome To Hybrid Server</h1><h2>Ã“scar LestÃ³n Casais</h2></body></html>
HybridServer.SocketAccept: Socket[addr=/127.0.0.1,port=50786,localport=8888]
HybridServer.SocketAccept.Execute
HybridServer.WaitingConnection 6: ServerSocket[addr=0.0.0.0/0.0.0.0,localport=8888]
Request ToString: GET / HTTP/1.1
Connection: close
Content-encoding: UTF-8
Host: localhost:8888
User-Agent: Apache-HttpClient/4.3.5 (java 1.5)
Accept-Encoding: gzip,deflate

Parameters :{}
ResourceName: 
Method: GET
Welcome Detected
RESPONSE TOSTRING:
HTTP/1.1 200 OK
Content-type: text/html
Content-Length: 89

<html><body><h1>Welcome To Hybrid Server</h1><h2>Ã“scar LestÃ³n Casais</h2></body></html>
HybridServer.SocketAccept: Socket[addr=/127.0.0.1,port=50787,localport=8888]
HybridServer.SocketAccept.Execute
HybridServer.WaitingConnection 7: ServerSocket[addr=0.0.0.0/0.0.0.0,localport=8888]
Request ToString: GET / HTTP/1.1
Connection: close
Content-encoding: UTF-8
Host: localhost:8888
User-Agent: Apache-HttpClient/4.3.5 (java 1.5)
Accept-Encoding: gzip,deflate

Parameters :{}
ResourceName: 
Method: GET
Welcome Detected
RESPONSE TOSTRING:
HTTP/1.1 200 OK
Content-type: text/html
Content-Length: 89

<html><body><h1>Welcome To Hybrid Server</h1><h2>Ã“scar LestÃ³n Casais</h2></body></html>
HybridServer.SocketAccept: Socket[addr=/127.0.0.1,port=50788,localport=8888]
HybridServer.SocketAccept.Execute
HybridServer.WaitingConnection 8: ServerSocket[addr=0.0.0.0/0.0.0.0,localport=8888]
Request ToString: GET / HTTP/1.1
Connection: close
Content-encoding: UTF-8
Host: localhost:8888
User-Agent: Apache-HttpClient/4.3.5 (java 1.5)
Accept-Encoding: gzip,deflate

Parameters :{}
ResourceName: 
Method: GET
Welcome Detected
RESPONSE TOSTRING:
HTTP/1.1 200 OK
Content-type: text/html
Content-Length: 89

<html><body><h1>Welcome To Hybrid Server</h1><h2>Ã“scar LestÃ³n Casais</h2></body></html>
HybridServer.SocketAccept: Socket[addr=/127.0.0.1,port=50789,localport=8888]
HybridServer.SocketAccept.Execute
HybridServer.WaitingConnection 9: ServerSocket[addr=0.0.0.0/0.0.0.0,localport=8888]
Request ToString: GET / HTTP/1.1
Connection: close
Content-encoding: UTF-8
Host: localhost:8888
User-Agent: Apache-HttpClient/4.3.5 (java 1.5)
Accept-Encoding: gzip,deflate

Parameters :{}
ResourceName: 
Method: GET
Welcome Detected
RESPONSE TOSTRING:
HTTP/1.1 200 OK
Content-type: text/html
Content-Length: 89

<html><body><h1>Welcome To Hybrid Server</h1><h2>Ã“scar LestÃ³n Casais</h2></body></html>
HybridServer.SocketAccept: Socket[addr=/127.0.0.1,port=50790,localport=8888]
HybridServer.SocketAccept.Execute
HybridServer.WaitingConnection 10: ServerSocket[addr=0.0.0.0/0.0.0.0,localport=8888]
Request ToString: GET / HTTP/1.1
Connection: close
Content-encoding: UTF-8
Host: localhost:8888
User-Agent: Apache-HttpClient/4.3.5 (java 1.5)
Accept-Encoding: gzip,deflate

Parameters :{}
ResourceName: 
Method: GET
Welcome Detected
RESPONSE TOSTRING:
HTTP/1.1 200 OK
Content-type: text/html
Content-Length: 89

<html><body><h1>Welcome To Hybrid Server</h1><h2>Ã“scar LestÃ³n Casais</h2></body></html>
HybridServer.SocketAccept: Socket[addr=/127.0.0.1,port=50791,localport=8888]
HybridServer.SocketAccept.Execute
HybridServer.WaitingConnection 11: ServerSocket[addr=0.0.0.0/0.0.0.0,localport=8888]
Request ToString: GET / HTTP/1.1
Connection: close
Content-encoding: UTF-8
Host: localhost:8888
User-Agent: Apache-HttpClient/4.3.5 (java 1.5)
Accept-Encoding: gzip,deflate

Parameters :{}
ResourceName: 
Method: GET
Welcome Detected
RESPONSE TOSTRING:
HTTP/1.1 200 OK
Content-type: text/html
Content-Length: 89

<html><body><h1>Welcome To Hybrid Server</h1><h2>Ã“scar LestÃ³n Casais</h2></body></html>
HybridServer.Stop
8888
HybridServer.SocketAccept: Socket[addr=/127.0.0.1,port=50792,localport=8888]
constructor vacío
Configuration{httpPort=8888, numClients=50, webServiceURL='null', dbUser='hsdb', dbPassword='hsdbpass', dbURL='jdbc:mysql:// localhost:3306/hstestdb', servers=

8888
HybridServer.Start: 
HybridServer.WaitingConnection 12: ServerSocket[addr=0.0.0.0/0.0.0.0,localport=8888]
HybridServer.SocketAccept: Socket[addr=/127.0.0.1,port=50793,localport=8888]
HybridServer.SocketAccept.Execute
HybridServer.WaitingConnection 13: ServerSocket[addr=0.0.0.0/0.0.0.0,localport=8888]
Request ToString: GET / HTTP/1.1
Connection: close
Content-encoding: UTF-8
Host: localhost:8888
User-Agent: Apache-HttpClient/4.3.5 (java 1.5)
Accept-Encoding: gzip,deflate

Parameters :{}
ResourceName: 
Method: GET
Welcome Detected
RESPONSE TOSTRING:
HTTP/1.1 200 OK
Content-type: text/html
Content-Length: 89

<html><body><h1>Welcome To Hybrid Server</h1><h2>Ã“scar LestÃ³n Casais</h2></body></html>
HybridServer.Stop
8888
HybridServer.SocketAccept: Socket[addr=/127.0.0.1,port=50794,localport=8888]
constructor properties
{db.password=daipassword, numClients=50, db.user=dai, port=1234, db.url=jdbc:mysql://localhost/hstestdb}
Configuration{httpPort=1234, numClients=50, webServiceURL='null', dbUser='dai', dbPassword='daipassword', dbURL='jdbc:mysql://localhost/hstestdb', servers=

HybridServer.Start: 
HybridServer.WaitingConnection 14: ServerSocket[addr=0.0.0.0/0.0.0.0,localport=1234]
HybridServer.SocketAccept: Socket[addr=/127.0.0.1,port=50795,localport=1234]
HybridServer.SocketAccept.Execute
HybridServer.WaitingConnection 15: ServerSocket[addr=0.0.0.0/0.0.0.0,localport=1234]
Request ToString: GET / HTTP/1.1
Connection: close
Content-encoding: UTF-8
Host: localhost:1234
User-Agent: Apache-HttpClient/4.3.5 (java 1.5)
Accept-Encoding: gzip,deflate

Parameters :{}
ResourceName: 
Method: GET
Welcome Detected
RESPONSE TOSTRING:
HTTP/1.1 200 OK
Content-type: text/html
Content-Length: 89

<html><body><h1>Welcome To Hybrid Server</h1><h2>Ã“scar LestÃ³n Casais</h2></body></html>
HybridServer.SocketAccept: Socket[addr=/127.0.0.1,port=50796,localport=1234]
HybridServer.SocketAccept.Execute
HybridServer.WaitingConnection 16: ServerSocket[addr=0.0.0.0/0.0.0.0,localport=1234]
Request ToString: GET / HTTP/1.1
Connection: close
Content-encoding: UTF-8
Host: localhost:1234
User-Agent: Apache-HttpClient/4.3.5 (java 1.5)
Accept-Encoding: gzip,deflate

Parameters :{}
ResourceName: 
Method: GET
Welcome Detected
RESPONSE TOSTRING:
HTTP/1.1 200 OK
Content-type: text/html
Content-Length: 89

<html><body><h1>Welcome To Hybrid Server</h1><h2>Ã“scar LestÃ³n Casais</h2></body></html>
HybridServer.SocketAccept: Socket[addr=/127.0.0.1,port=50797,localport=1234]
HybridServer.SocketAccept.Execute
HybridServer.WaitingConnection 17: ServerSocket[addr=0.0.0.0/0.0.0.0,localport=1234]
Request ToString: GET / HTTP/1.1
Connection: close
Content-encoding: UTF-8
Host: localhost:1234
User-Agent: Apache-HttpClient/4.3.5 (java 1.5)
Accept-Encoding: gzip,deflate

Parameters :{}
ResourceName: 
Method: GET
Welcome Detected
RESPONSE TOSTRING:
HTTP/1.1 200 OK
Content-type: text/html
Content-Length: 89

<html><body><h1>Welcome To Hybrid Server</h1><h2>Ã“scar LestÃ³n Casais</h2></body></html>
HybridServer.SocketAccept: Socket[addr=/127.0.0.1,port=50798,localport=1234]
HybridServer.SocketAccept.Execute
HybridServer.WaitingConnection 18: ServerSocket[addr=0.0.0.0/0.0.0.0,localport=1234]
Request ToString: GET / HTTP/1.1
Connection: close
Content-encoding: UTF-8
Host: localhost:1234
User-Agent: Apache-HttpClient/4.3.5 (java 1.5)
Accept-Encoding: gzip,deflate

Parameters :{}
ResourceName: 
Method: GET
Welcome Detected
RESPONSE TOSTRING:
HTTP/1.1 200 OK
Content-type: text/html
Content-Length: 89

<html><body><h1>Welcome To Hybrid Server</h1><h2>Ã“scar LestÃ³n Casais</h2></body></html>
HybridServer.SocketAccept: Socket[addr=/127.0.0.1,port=50799,localport=1234]
HybridServer.SocketAccept.Execute
HybridServer.WaitingConnection 19: ServerSocket[addr=0.0.0.0/0.0.0.0,localport=1234]
Request ToString: GET / HTTP/1.1
Connection: close
Content-encoding: UTF-8
Host: localhost:1234
User-Agent: Apache-HttpClient/4.3.5 (java 1.5)
Accept-Encoding: gzip,deflate

Parameters :{}
ResourceName: 
Method: GET
Welcome Detected
RESPONSE TOSTRING:
HTTP/1.1 200 OK
Content-type: text/html
Content-Length: 89

<html><body><h1>Welcome To Hybrid Server</h1><h2>Ã“scar LestÃ³n Casais</h2></body></html>
HybridServer.SocketAccept: Socket[addr=/127.0.0.1,port=50800,localport=1234]
HybridServer.SocketAccept.Execute
HybridServer.WaitingConnection 20: ServerSocket[addr=0.0.0.0/0.0.0.0,localport=1234]
Request ToString: GET / HTTP/1.1
Connection: close
Content-encoding: UTF-8
Host: localhost:1234
User-Agent: Apache-HttpClient/4.3.5 (java 1.5)
Accept-Encoding: gzip,deflate

Parameters :{}
ResourceName: 
Method: GET
Welcome Detected
RESPONSE TOSTRING:
HTTP/1.1 200 OK
Content-type: text/html
Content-Length: 89

<html><body><h1>Welcome To Hybrid Server</h1><h2>Ã“scar LestÃ³n Casais</h2></body></html>
HybridServer.SocketAccept: Socket[addr=/127.0.0.1,port=50801,localport=1234]
HybridServer.SocketAccept.Execute
HybridServer.WaitingConnection 21: ServerSocket[addr=0.0.0.0/0.0.0.0,localport=1234]
Request ToString: GET / HTTP/1.1
Connection: close
Content-encoding: UTF-8
Host: localhost:1234
User-Agent: Apache-HttpClient/4.3.5 (java 1.5)
Accept-Encoding: gzip,deflate

Parameters :{}
ResourceName: 
Method: GET
Welcome Detected
RESPONSE TOSTRING:
HTTP/1.1 200 OK
Content-type: text/html
Content-Length: 89

<html><body><h1>Welcome To Hybrid Server</h1><h2>Ã“scar LestÃ³n Casais</h2></body></html>
HybridServer.SocketAccept: Socket[addr=/127.0.0.1,port=50802,localport=1234]
HybridServer.SocketAccept.Execute
HybridServer.WaitingConnection 22: ServerSocket[addr=0.0.0.0/0.0.0.0,localport=1234]
Request ToString: GET / HTTP/1.1
Connection: close
Content-encoding: UTF-8
Host: localhost:1234
User-Agent: Apache-HttpClient/4.3.5 (java 1.5)
Accept-Encoding: gzip,deflate

Parameters :{}
ResourceName: 
Method: GET
Welcome Detected
RESPONSE TOSTRING:
HTTP/1.1 200 OK
Content-type: text/html
Content-Length: 89

<html><body><h1>Welcome To Hybrid Server</h1><h2>Ã“scar LestÃ³n Casais</h2></body></html>
HybridServer.SocketAccept: Socket[addr=/127.0.0.1,port=50803,localport=1234]
HybridServer.SocketAccept.Execute
HybridServer.WaitingConnection 23: ServerSocket[addr=0.0.0.0/0.0.0.0,localport=1234]
Request ToString: GET / HTTP/1.1
Connection: close
Content-encoding: UTF-8
Host: localhost:1234
User-Agent: Apache-HttpClient/4.3.5 (java 1.5)
Accept-Encoding: gzip,deflate

Parameters :{}
ResourceName: 
Method: GET
Welcome Detected
RESPONSE TOSTRING:
HTTP/1.1 200 OK
Content-type: text/html
Content-Length: 89

<html><body><h1>Welcome To Hybrid Server</h1><h2>Ã“scar LestÃ³n Casais</h2></body></html>
HybridServer.SocketAccept: Socket[addr=/127.0.0.1,port=50804,localport=1234]
HybridServer.SocketAccept.Execute
HybridServer.WaitingConnection 24: ServerSocket[addr=0.0.0.0/0.0.0.0,localport=1234]
Request ToString: GET / HTTP/1.1
Connection: close
Content-encoding: UTF-8
Host: localhost:1234
User-Agent: Apache-HttpClient/4.3.5 (java 1.5)
Accept-Encoding: gzip,deflate

Parameters :{}
ResourceName: 
Method: GET
Welcome Detected
RESPONSE TOSTRING:
HTTP/1.1 200 OK
Content-type: text/html
Content-Length: 89

<html><body><h1>Welcome To Hybrid Server</h1><h2>Ã“scar LestÃ³n Casais</h2></body></html>
HybridServer.Stop
1234
HybridServer.SocketAccept: Socket[addr=/127.0.0.1,port=50805,localport=1234]
constructor properties
{db.password=daipassword, numClients=50, db.user=dai, port=1234, db.url=jdbc:mysql://localhost/hstestdb}
Configuration{httpPort=1234, numClients=50, webServiceURL='null', dbUser='dai', dbPassword='daipassword', dbURL='jdbc:mysql://localhost/hstestdb', servers=

HybridServer.Start: 
HybridServer.WaitingConnection 25: ServerSocket[addr=0.0.0.0/0.0.0.0,localport=1234]
HybridServer.SocketAccept: Socket[addr=/127.0.0.1,port=50806,localport=1234]
HybridServer.SocketAccept.Execute
HybridServer.WaitingConnection 26: ServerSocket[addr=0.0.0.0/0.0.0.0,localport=1234]
Request ToString: GET / HTTP/1.1
Connection: close
Content-encoding: UTF-8
Host: localhost:1234
User-Agent: Apache-HttpClient/4.3.5 (java 1.5)
Accept-Encoding: gzip,deflate

Parameters :{}
ResourceName: 
Method: GET
Welcome Detected
RESPONSE TOSTRING:
HTTP/1.1 200 OK
Content-type: text/html
Content-Length: 89

<html><body><h1>Welcome To Hybrid Server</h1><h2>Ã“scar LestÃ³n Casais</h2></body></html>
HybridServer.Stop
1234
HybridServer.SocketAccept: Socket[addr=/127.0.0.1,port=50807,localport=1234]
constructor properties
{db.password=daipassword, numClients=50, db.user=dai, port=4242, db.url=jdbc:mysql://localhost/hstestdb}
Configuration{httpPort=4242, numClients=50, webServiceURL='null', dbUser='dai', dbPassword='daipassword', dbURL='jdbc:mysql://localhost/hstestdb', servers=

HybridServer.Start: 
HybridServer.WaitingConnection 27: ServerSocket[addr=0.0.0.0/0.0.0.0,localport=4242]
HybridServer.SocketAccept: Socket[addr=/127.0.0.1,port=50808,localport=4242]
HybridServer.SocketAccept.Execute
HybridServer.WaitingConnection 28: ServerSocket[addr=0.0.0.0/0.0.0.0,localport=4242]
Request ToString: GET / HTTP/1.1
Connection: close
Content-encoding: UTF-8
Host: localhost:4242
User-Agent: Apache-HttpClient/4.3.5 (java 1.5)
Accept-Encoding: gzip,deflate

Parameters :{}
ResourceName: 
Method: GET
Welcome Detected
RESPONSE TOSTRING:
HTTP/1.1 200 OK
Content-type: text/html
Content-Length: 89

<html><body><h1>Welcome To Hybrid Server</h1><h2>Ã“scar LestÃ³n Casais</h2></body></html>
HybridServer.SocketAccept: Socket[addr=/127.0.0.1,port=50809,localport=4242]
HybridServer.SocketAccept.Execute
HybridServer.WaitingConnection 29: ServerSocket[addr=0.0.0.0/0.0.0.0,localport=4242]
Request ToString: GET / HTTP/1.1
Connection: close
Content-encoding: UTF-8
Host: localhost:4242
User-Agent: Apache-HttpClient/4.3.5 (java 1.5)
Accept-Encoding: gzip,deflate

Parameters :{}
ResourceName: 
Method: GET
Welcome Detected
RESPONSE TOSTRING:
HTTP/1.1 200 OK
Content-type: text/html
Content-Length: 89

<html><body><h1>Welcome To Hybrid Server</h1><h2>Ã“scar LestÃ³n Casais</h2></body></html>
HybridServer.SocketAccept: Socket[addr=/127.0.0.1,port=50810,localport=4242]
HybridServer.SocketAccept.Execute
HybridServer.WaitingConnection 30: ServerSocket[addr=0.0.0.0/0.0.0.0,localport=4242]
Request ToString: GET / HTTP/1.1
Connection: close
Content-encoding: UTF-8
Host: localhost:4242
User-Agent: Apache-HttpClient/4.3.5 (java 1.5)
Accept-Encoding: gzip,deflate

Parameters :{}
ResourceName: 
Method: GET
Welcome Detected
RESPONSE TOSTRING:
HTTP/1.1 200 OK
Content-type: text/html
Content-Length: 89

<html><body><h1>Welcome To Hybrid Server</h1><h2>Ã“scar LestÃ³n Casais</h2></body></html>
HybridServer.SocketAccept: Socket[addr=/127.0.0.1,port=50811,localport=4242]
HybridServer.SocketAccept.Execute
HybridServer.WaitingConnection 31: ServerSocket[addr=0.0.0.0/0.0.0.0,localport=4242]
Request ToString: GET / HTTP/1.1
Connection: close
Content-encoding: UTF-8
Host: localhost:4242
User-Agent: Apache-HttpClient/4.3.5 (java 1.5)
Accept-Encoding: gzip,deflate

Parameters :{}
ResourceName: 
Method: GET
Welcome Detected
RESPONSE TOSTRING:
HTTP/1.1 200 OK
Content-type: text/html
Content-Length: 89

<html><body><h1>Welcome To Hybrid Server</h1><h2>Ã“scar LestÃ³n Casais</h2></body></html>
HybridServer.SocketAccept: Socket[addr=/127.0.0.1,port=50812,localport=4242]
HybridServer.SocketAccept.Execute
HybridServer.WaitingConnection 32: ServerSocket[addr=0.0.0.0/0.0.0.0,localport=4242]
Request ToString: GET / HTTP/1.1
Connection: close
Content-encoding: UTF-8
Host: localhost:4242
User-Agent: Apache-HttpClient/4.3.5 (java 1.5)
Accept-Encoding: gzip,deflate

Parameters :{}
ResourceName: 
Method: GET
Welcome Detected
RESPONSE TOSTRING:
HTTP/1.1 200 OK
Content-type: text/html
Content-Length: 89

<html><body><h1>Welcome To Hybrid Server</h1><h2>Ã“scar LestÃ³n Casais</h2></body></html>
HybridServer.SocketAccept: Socket[addr=/127.0.0.1,port=50813,localport=4242]
HybridServer.SocketAccept.Execute
HybridServer.WaitingConnection 33: ServerSocket[addr=0.0.0.0/0.0.0.0,localport=4242]
Request ToString: GET / HTTP/1.1
Connection: close
Content-encoding: UTF-8
Host: localhost:4242
User-Agent: Apache-HttpClient/4.3.5 (java 1.5)
Accept-Encoding: gzip,deflate

Parameters :{}
ResourceName: 
Method: GET
Welcome Detected
RESPONSE TOSTRING:
HTTP/1.1 200 OK
Content-type: text/html
Content-Length: 89

<html><body><h1>Welcome To Hybrid Server</h1><h2>Ã“scar LestÃ³n Casais</h2></body></html>
HybridServer.SocketAccept: Socket[addr=/127.0.0.1,port=50814,localport=4242]
HybridServer.SocketAccept.Execute
HybridServer.WaitingConnection 34: ServerSocket[addr=0.0.0.0/0.0.0.0,localport=4242]
Request ToString: GET / HTTP/1.1
Connection: close
Content-encoding: UTF-8
Host: localhost:4242
User-Agent: Apache-HttpClient/4.3.5 (java 1.5)
Accept-Encoding: gzip,deflate

Parameters :{}
ResourceName: 
Method: GET
Welcome Detected
RESPONSE TOSTRING:
HTTP/1.1 200 OK
Content-type: text/html
Content-Length: 89

<html><body><h1>Welcome To Hybrid Server</h1><h2>Ã“scar LestÃ³n Casais</h2></body></html>
HybridServer.SocketAccept: Socket[addr=/127.0.0.1,port=50815,localport=4242]
HybridServer.SocketAccept.Execute
HybridServer.WaitingConnection 35: ServerSocket[addr=0.0.0.0/0.0.0.0,localport=4242]
Request ToString: GET / HTTP/1.1
Connection: close
Content-encoding: UTF-8
Host: localhost:4242
User-Agent: Apache-HttpClient/4.3.5 (java 1.5)
Accept-Encoding: gzip,deflate

Parameters :{}
ResourceName: 
Method: GET
Welcome Detected
RESPONSE TOSTRING:
HTTP/1.1 200 OK
Content-type: text/html
Content-Length: 89

<html><body><h1>Welcome To Hybrid Server</h1><h2>Ã“scar LestÃ³n Casais</h2></body></html>
HybridServer.SocketAccept: Socket[addr=/127.0.0.1,port=50816,localport=4242]
HybridServer.SocketAccept.Execute
HybridServer.WaitingConnection 36: ServerSocket[addr=0.0.0.0/0.0.0.0,localport=4242]
Request ToString: GET / HTTP/1.1
Connection: close
Content-encoding: UTF-8
Host: localhost:4242
User-Agent: Apache-HttpClient/4.3.5 (java 1.5)
Accept-Encoding: gzip,deflate

Parameters :{}
ResourceName: 
Method: GET
Welcome Detected
RESPONSE TOSTRING:
HTTP/1.1 200 OK
Content-type: text/html
Content-Length: 89

<html><body><h1>Welcome To Hybrid Server</h1><h2>Ã“scar LestÃ³n Casais</h2></body></html>
HybridServer.SocketAccept: Socket[addr=/127.0.0.1,port=50817,localport=4242]
HybridServer.SocketAccept.Execute
HybridServer.WaitingConnection 37: ServerSocket[addr=0.0.0.0/0.0.0.0,localport=4242]
Request ToString: GET / HTTP/1.1
Connection: close
Content-encoding: UTF-8
Host: localhost:4242
User-Agent: Apache-HttpClient/4.3.5 (java 1.5)
Accept-Encoding: gzip,deflate

Parameters :{}
ResourceName: 
Method: GET
Welcome Detected
RESPONSE TOSTRING:
HTTP/1.1 200 OK
Content-type: text/html
Content-Length: 89

<html><body><h1>Welcome To Hybrid Server</h1><h2>Ã“scar LestÃ³n Casais</h2></body></html>
HybridServer.Stop
4242
HybridServer.SocketAccept: Socket[addr=/127.0.0.1,port=50818,localport=4242]
constructor properties
{db.password=daipassword, numClients=50, db.user=dai, port=4242, db.url=jdbc:mysql://localhost/hstestdb}
Configuration{httpPort=4242, numClients=50, webServiceURL='null', dbUser='dai', dbPassword='daipassword', dbURL='jdbc:mysql://localhost/hstestdb', servers=

HybridServer.Start: 
HybridServer.WaitingConnection 38: ServerSocket[addr=0.0.0.0/0.0.0.0,localport=4242]
HybridServer.SocketAccept: Socket[addr=/127.0.0.1,port=50819,localport=4242]
HybridServer.SocketAccept.Execute
HybridServer.WaitingConnection 39: ServerSocket[addr=0.0.0.0/0.0.0.0,localport=4242]
Request ToString: GET / HTTP/1.1
Connection: close
Content-encoding: UTF-8
Host: localhost:4242
User-Agent: Apache-HttpClient/4.3.5 (java 1.5)
Accept-Encoding: gzip,deflate

Parameters :{}
ResourceName: 
Method: GET
Welcome Detected
RESPONSE TOSTRING:
HTTP/1.1 200 OK
Content-type: text/html
Content-Length: 89

<html><body><h1>Welcome To Hybrid Server</h1><h2>Ã“scar LestÃ³n Casais</h2></body></html>
HybridServer.Stop
4242
HybridServer.SocketAccept: Socket[addr=/127.0.0.1,port=50820,localport=4242]
constructor properties
{db.password=daipassword, numClients=50, db.user=dai, port=7315, db.url=jdbc:mysql://localhost/hstestdb}
Configuration{httpPort=7315, numClients=50, webServiceURL='null', dbUser='dai', dbPassword='daipassword', dbURL='jdbc:mysql://localhost/hstestdb', servers=

HybridServer.Start: 
HybridServer.WaitingConnection 40: ServerSocket[addr=0.0.0.0/0.0.0.0,localport=7315]
HybridServer.SocketAccept: Socket[addr=/127.0.0.1,port=50821,localport=7315]
HybridServer.SocketAccept.Execute
HybridServer.WaitingConnection 41: ServerSocket[addr=0.0.0.0/0.0.0.0,localport=7315]
Request ToString: GET / HTTP/1.1
Connection: close
Content-encoding: UTF-8
Host: localhost:7315
User-Agent: Apache-HttpClient/4.3.5 (java 1.5)
Accept-Encoding: gzip,deflate

Parameters :{}
ResourceName: 
Method: GET
Welcome Detected
RESPONSE TOSTRING:
HTTP/1.1 200 OK
Content-type: text/html
Content-Length: 89

<html><body><h1>Welcome To Hybrid Server</h1><h2>Ã“scar LestÃ³n Casais</h2></body></html>
HybridServer.SocketAccept: Socket[addr=/127.0.0.1,port=50822,localport=7315]
HybridServer.SocketAccept.Execute
HybridServer.WaitingConnection 42: ServerSocket[addr=0.0.0.0/0.0.0.0,localport=7315]
Request ToString: GET / HTTP/1.1
Connection: close
Content-encoding: UTF-8
Host: localhost:7315
User-Agent: Apache-HttpClient/4.3.5 (java 1.5)
Accept-Encoding: gzip,deflate

Parameters :{}
ResourceName: 
Method: GET
Welcome Detected
RESPONSE TOSTRING:
HTTP/1.1 200 OK
Content-type: text/html
Content-Length: 89

<html><body><h1>Welcome To Hybrid Server</h1><h2>Ã“scar LestÃ³n Casais</h2></body></html>
HybridServer.SocketAccept: Socket[addr=/127.0.0.1,port=50823,localport=7315]
HybridServer.SocketAccept.Execute
HybridServer.WaitingConnection 43: ServerSocket[addr=0.0.0.0/0.0.0.0,localport=7315]
Request ToString: GET / HTTP/1.1
Connection: close
Content-encoding: UTF-8
Host: localhost:7315
User-Agent: Apache-HttpClient/4.3.5 (java 1.5)
Accept-Encoding: gzip,deflate

Parameters :{}
ResourceName: 
Method: GET
Welcome Detected
RESPONSE TOSTRING:
HTTP/1.1 200 OK
Content-type: text/html
Content-Length: 89

<html><body><h1>Welcome To Hybrid Server</h1><h2>Ã“scar LestÃ³n Casais</h2></body></html>
HybridServer.SocketAccept: Socket[addr=/127.0.0.1,port=50824,localport=7315]
HybridServer.SocketAccept.Execute
HybridServer.WaitingConnection 44: ServerSocket[addr=0.0.0.0/0.0.0.0,localport=7315]
Request ToString: GET / HTTP/1.1
Connection: close
Content-encoding: UTF-8
Host: localhost:7315
User-Agent: Apache-HttpClient/4.3.5 (java 1.5)
Accept-Encoding: gzip,deflate

Parameters :{}
ResourceName: 
Method: GET
Welcome Detected
RESPONSE TOSTRING:
HTTP/1.1 200 OK
Content-type: text/html
Content-Length: 89

<html><body><h1>Welcome To Hybrid Server</h1><h2>Ã“scar LestÃ³n Casais</h2></body></html>
HybridServer.SocketAccept: Socket[addr=/127.0.0.1,port=50825,localport=7315]
HybridServer.SocketAccept.Execute
HybridServer.WaitingConnection 45: ServerSocket[addr=0.0.0.0/0.0.0.0,localport=7315]
Request ToString: GET / HTTP/1.1
Connection: close
Content-encoding: UTF-8
Host: localhost:7315
User-Agent: Apache-HttpClient/4.3.5 (java 1.5)
Accept-Encoding: gzip,deflate

Parameters :{}
ResourceName: 
Method: GET
Welcome Detected
RESPONSE TOSTRING:
HTTP/1.1 200 OK
Content-type: text/html
Content-Length: 89

<html><body><h1>Welcome To Hybrid Server</h1><h2>Ã“scar LestÃ³n Casais</h2></body></html>
HybridServer.SocketAccept: Socket[addr=/127.0.0.1,port=50826,localport=7315]
HybridServer.SocketAccept.Execute
HybridServer.WaitingConnection 46: ServerSocket[addr=0.0.0.0/0.0.0.0,localport=7315]
Request ToString: GET / HTTP/1.1
Connection: close
Content-encoding: UTF-8
Host: localhost:7315
User-Agent: Apache-HttpClient/4.3.5 (java 1.5)
Accept-Encoding: gzip,deflate

Parameters :{}
ResourceName: 
Method: GET
Welcome Detected
RESPONSE TOSTRING:
HTTP/1.1 200 OK
Content-type: text/html
Content-Length: 89

<html><body><h1>Welcome To Hybrid Server</h1><h2>Ã“scar LestÃ³n Casais</h2></body></html>
HybridServer.SocketAccept: Socket[addr=/127.0.0.1,port=50827,localport=7315]
HybridServer.SocketAccept.Execute
HybridServer.WaitingConnection 47: ServerSocket[addr=0.0.0.0/0.0.0.0,localport=7315]
Request ToString: GET / HTTP/1.1
Connection: close
Content-encoding: UTF-8
Host: localhost:7315
User-Agent: Apache-HttpClient/4.3.5 (java 1.5)
Accept-Encoding: gzip,deflate

Parameters :{}
ResourceName: 
Method: GET
Welcome Detected
RESPONSE TOSTRING:
HTTP/1.1 200 OK
Content-type: text/html
Content-Length: 89

<html><body><h1>Welcome To Hybrid Server</h1><h2>Ã“scar LestÃ³n Casais</h2></body></html>
HybridServer.SocketAccept: Socket[addr=/127.0.0.1,port=50828,localport=7315]
HybridServer.SocketAccept.Execute
HybridServer.WaitingConnection 48: ServerSocket[addr=0.0.0.0/0.0.0.0,localport=7315]
Request ToString: GET / HTTP/1.1
Connection: close
Content-encoding: UTF-8
Host: localhost:7315
User-Agent: Apache-HttpClient/4.3.5 (java 1.5)
Accept-Encoding: gzip,deflate

Parameters :{}
ResourceName: 
Method: GET
Welcome Detected
RESPONSE TOSTRING:
HTTP/1.1 200 OK
Content-type: text/html
Content-Length: 89

<html><body><h1>Welcome To Hybrid Server</h1><h2>Ã“scar LestÃ³n Casais</h2></body></html>
HybridServer.SocketAccept: Socket[addr=/127.0.0.1,port=50829,localport=7315]
HybridServer.SocketAccept.Execute
HybridServer.WaitingConnection 49: ServerSocket[addr=0.0.0.0/0.0.0.0,localport=7315]
Request ToString: GET / HTTP/1.1
Connection: close
Content-encoding: UTF-8
Host: localhost:7315
User-Agent: Apache-HttpClient/4.3.5 (java 1.5)
Accept-Encoding: gzip,deflate

Parameters :{}
ResourceName: 
Method: GET
Welcome Detected
RESPONSE TOSTRING:
HTTP/1.1 200 OK
Content-type: text/html
Content-Length: 89

<html><body><h1>Welcome To Hybrid Server</h1><h2>Ã“scar LestÃ³n Casais</h2></body></html>
HybridServer.SocketAccept: Socket[addr=/127.0.0.1,port=50830,localport=7315]
HybridServer.SocketAccept.Execute
HybridServer.WaitingConnection 50: ServerSocket[addr=0.0.0.0/0.0.0.0,localport=7315]
Request ToString: GET / HTTP/1.1
Connection: close
Content-encoding: UTF-8
Host: localhost:7315
User-Agent: Apache-HttpClient/4.3.5 (java 1.5)
Accept-Encoding: gzip,deflate

Parameters :{}
ResourceName: 
Method: GET
Welcome Detected
RESPONSE TOSTRING:
HTTP/1.1 200 OK
Content-type: text/html
Content-Length: 89

<html><body><h1>Welcome To Hybrid Server</h1><h2>Ã“scar LestÃ³n Casais</h2></body></html>
HybridServer.Stop
7315
HybridServer.SocketAccept: Socket[addr=/127.0.0.1,port=50831,localport=7315]
constructor properties
{db.password=daipassword, numClients=50, db.user=dai, port=7315, db.url=jdbc:mysql://localhost/hstestdb}
Configuration{httpPort=7315, numClients=50, webServiceURL='null', dbUser='dai', dbPassword='daipassword', dbURL='jdbc:mysql://localhost/hstestdb', servers=

HybridServer.Start: 
HybridServer.WaitingConnection 51: ServerSocket[addr=0.0.0.0/0.0.0.0,localport=7315]
HybridServer.SocketAccept: Socket[addr=/127.0.0.1,port=50832,localport=7315]
HybridServer.SocketAccept.Execute
HybridServer.WaitingConnection 52: ServerSocket[addr=0.0.0.0/0.0.0.0,localport=7315]
Request ToString: GET / HTTP/1.1
Connection: close
Content-encoding: UTF-8
Host: localhost:7315
User-Agent: Apache-HttpClient/4.3.5 (java 1.5)
Accept-Encoding: gzip,deflate

Parameters :{}
ResourceName: 
Method: GET
Welcome Detected
RESPONSE TOSTRING:
HTTP/1.1 200 OK
Content-type: text/html
Content-Length: 89

<html><body><h1>Welcome To Hybrid Server</h1><h2>Ã“scar LestÃ³n Casais</h2></body></html>
HybridServer.Stop
7315
HybridServer.SocketAccept: Socket[addr=/127.0.0.1,port=50833,localport=7315]
constructor properties
{db.password=daipassword, numClients=50, db.user=dai, port=8833, db.url=jdbc:mysql://localhost/hstestdb}
Configuration{httpPort=8833, numClients=50, webServiceURL='null', dbUser='dai', dbPassword='daipassword', dbURL='jdbc:mysql://localhost/hstestdb', servers=

HybridServer.Start: 
HybridServer.WaitingConnection 53: ServerSocket[addr=0.0.0.0/0.0.0.0,localport=8833]
HybridServer.SocketAccept: Socket[addr=/127.0.0.1,port=50834,localport=8833]
HybridServer.SocketAccept.Execute
HybridServer.WaitingConnection 54: ServerSocket[addr=0.0.0.0/0.0.0.0,localport=8833]
Request ToString: GET / HTTP/1.1
Connection: close
Content-encoding: UTF-8
Host: localhost:8833
User-Agent: Apache-HttpClient/4.3.5 (java 1.5)
Accept-Encoding: gzip,deflate

Parameters :{}
ResourceName: 
Method: GET
Welcome Detected
RESPONSE TOSTRING:
HTTP/1.1 200 OK
Content-type: text/html
Content-Length: 89

<html><body><h1>Welcome To Hybrid Server</h1><h2>Ã“scar LestÃ³n Casais</h2></body></html>
HybridServer.SocketAccept: Socket[addr=/127.0.0.1,port=50835,localport=8833]
HybridServer.SocketAccept.Execute
HybridServer.WaitingConnection 55: ServerSocket[addr=0.0.0.0/0.0.0.0,localport=8833]
Request ToString: GET / HTTP/1.1
Connection: close
Content-encoding: UTF-8
Host: localhost:8833
User-Agent: Apache-HttpClient/4.3.5 (java 1.5)
Accept-Encoding: gzip,deflate

Parameters :{}
ResourceName: 
Method: GET
Welcome Detected
RESPONSE TOSTRING:
HTTP/1.1 200 OK
Content-type: text/html
Content-Length: 89

<html><body><h1>Welcome To Hybrid Server</h1><h2>Ã“scar LestÃ³n Casais</h2></body></html>
HybridServer.SocketAccept: Socket[addr=/127.0.0.1,port=50836,localport=8833]
HybridServer.SocketAccept.Execute
HybridServer.WaitingConnection 56: ServerSocket[addr=0.0.0.0/0.0.0.0,localport=8833]
Request ToString: GET / HTTP/1.1
Connection: close
Content-encoding: UTF-8
Host: localhost:8833
User-Agent: Apache-HttpClient/4.3.5 (java 1.5)
Accept-Encoding: gzip,deflate

Parameters :{}
ResourceName: 
Method: GET
Welcome Detected
RESPONSE TOSTRING:
HTTP/1.1 200 OK
Content-type: text/html
Content-Length: 89

<html><body><h1>Welcome To Hybrid Server</h1><h2>Ã“scar LestÃ³n Casais</h2></body></html>
HybridServer.SocketAccept: Socket[addr=/127.0.0.1,port=50837,localport=8833]
HybridServer.SocketAccept.Execute
HybridServer.WaitingConnection 57: ServerSocket[addr=0.0.0.0/0.0.0.0,localport=8833]
Request ToString: GET / HTTP/1.1
Connection: close
Content-encoding: UTF-8
Host: localhost:8833
User-Agent: Apache-HttpClient/4.3.5 (java 1.5)
Accept-Encoding: gzip,deflate

Parameters :{}
ResourceName: 
Method: GET
Welcome Detected
RESPONSE TOSTRING:
HTTP/1.1 200 OK
Content-type: text/html
Content-Length: 89

<html><body><h1>Welcome To Hybrid Server</h1><h2>Ã“scar LestÃ³n Casais</h2></body></html>
HybridServer.SocketAccept: Socket[addr=/127.0.0.1,port=50838,localport=8833]
HybridServer.SocketAccept.Execute
HybridServer.WaitingConnection 58: ServerSocket[addr=0.0.0.0/0.0.0.0,localport=8833]
Request ToString: GET / HTTP/1.1
Connection: close
Content-encoding: UTF-8
Host: localhost:8833
User-Agent: Apache-HttpClient/4.3.5 (java 1.5)
Accept-Encoding: gzip,deflate

Parameters :{}
ResourceName: 
Method: GET
Welcome Detected
RESPONSE TOSTRING:
HTTP/1.1 200 OK
Content-type: text/html
Content-Length: 89

<html><body><h1>Welcome To Hybrid Server</h1><h2>Ã“scar LestÃ³n Casais</h2></body></html>
HybridServer.SocketAccept: Socket[addr=/127.0.0.1,port=50839,localport=8833]
HybridServer.SocketAccept.Execute
HybridServer.WaitingConnection 59: ServerSocket[addr=0.0.0.0/0.0.0.0,localport=8833]
Request ToString: GET / HTTP/1.1
Connection: close
Content-encoding: UTF-8
Host: localhost:8833
User-Agent: Apache-HttpClient/4.3.5 (java 1.5)
Accept-Encoding: gzip,deflate

Parameters :{}
ResourceName: 
Method: GET
Welcome Detected
RESPONSE TOSTRING:
HTTP/1.1 200 OK
Content-type: text/html
Content-Length: 89

<html><body><h1>Welcome To Hybrid Server</h1><h2>Ã“scar LestÃ³n Casais</h2></body></html>
HybridServer.SocketAccept: Socket[addr=/127.0.0.1,port=50840,localport=8833]
HybridServer.SocketAccept.Execute
HybridServer.WaitingConnection 60: ServerSocket[addr=0.0.0.0/0.0.0.0,localport=8833]
Request ToString: GET / HTTP/1.1
Connection: close
Content-encoding: UTF-8
Host: localhost:8833
User-Agent: Apache-HttpClient/4.3.5 (java 1.5)
Accept-Encoding: gzip,deflate

Parameters :{}
ResourceName: 
Method: GET
Welcome Detected
RESPONSE TOSTRING:
HTTP/1.1 200 OK
Content-type: text/html
Content-Length: 89

<html><body><h1>Welcome To Hybrid Server</h1><h2>Ã“scar LestÃ³n Casais</h2></body></html>
HybridServer.SocketAccept: Socket[addr=/127.0.0.1,port=50841,localport=8833]
HybridServer.SocketAccept.Execute
HybridServer.WaitingConnection 61: ServerSocket[addr=0.0.0.0/0.0.0.0,localport=8833]
Request ToString: GET / HTTP/1.1
Connection: close
Content-encoding: UTF-8
Host: localhost:8833
User-Agent: Apache-HttpClient/4.3.5 (java 1.5)
Accept-Encoding: gzip,deflate

Parameters :{}
ResourceName: 
Method: GET
Welcome Detected
RESPONSE TOSTRING:
HTTP/1.1 200 OK
Content-type: text/html
Content-Length: 89

<html><body><h1>Welcome To Hybrid Server</h1><h2>Ã“scar LestÃ³n Casais</h2></body></html>
HybridServer.SocketAccept: Socket[addr=/127.0.0.1,port=50842,localport=8833]
HybridServer.SocketAccept.Execute
HybridServer.WaitingConnection 62: ServerSocket[addr=0.0.0.0/0.0.0.0,localport=8833]
Request ToString: GET / HTTP/1.1
Connection: close
Content-encoding: UTF-8
Host: localhost:8833
User-Agent: Apache-HttpClient/4.3.5 (java 1.5)
Accept-Encoding: gzip,deflate

Parameters :{}
ResourceName: 
Method: GET
Welcome Detected
RESPONSE TOSTRING:
HTTP/1.1 200 OK
Content-type: text/html
Content-Length: 89

<html><body><h1>Welcome To Hybrid Server</h1><h2>Ã“scar LestÃ³n Casais</h2></body></html>
HybridServer.SocketAccept: Socket[addr=/127.0.0.1,port=50843,localport=8833]
HybridServer.SocketAccept.Execute
HybridServer.WaitingConnection 63: ServerSocket[addr=0.0.0.0/0.0.0.0,localport=8833]
Request ToString: GET / HTTP/1.1
Connection: close
Content-encoding: UTF-8
Host: localhost:8833
User-Agent: Apache-HttpClient/4.3.5 (java 1.5)
Accept-Encoding: gzip,deflate

Parameters :{}
ResourceName: 
Method: GET
Welcome Detected
RESPONSE TOSTRING:
HTTP/1.1 200 OK
Content-type: text/html
Content-Length: 89

<html><body><h1>Welcome To Hybrid Server</h1><h2>Ã“scar LestÃ³n Casais</h2></body></html>
HybridServer.Stop
8833
HybridServer.SocketAccept: Socket[addr=/127.0.0.1,port=50844,localport=8833]
constructor properties
{db.password=daipassword, numClients=50, db.user=dai, port=8833, db.url=jdbc:mysql://localhost/hstestdb}
Configuration{httpPort=8833, numClients=50, webServiceURL='null', dbUser='dai', dbPassword='daipassword', dbURL='jdbc:mysql://localhost/hstestdb', servers=

HybridServer.Start: 
HybridServer.WaitingConnection 64: ServerSocket[addr=0.0.0.0/0.0.0.0,localport=8833]
HybridServer.SocketAccept: Socket[addr=/127.0.0.1,port=50845,localport=8833]
HybridServer.SocketAccept.Execute
HybridServer.WaitingConnection 65: ServerSocket[addr=0.0.0.0/0.0.0.0,localport=8833]
Request ToString: GET / HTTP/1.1
Connection: close
Content-encoding: UTF-8
Host: localhost:8833
User-Agent: Apache-HttpClient/4.3.5 (java 1.5)
Accept-Encoding: gzip,deflate

Parameters :{}
ResourceName: 
Method: GET
Welcome Detected
RESPONSE TOSTRING:
HTTP/1.1 200 OK
Content-type: text/html
Content-Length: 89

<html><body><h1>Welcome To Hybrid Server</h1><h2>Ã“scar LestÃ³n Casais</h2></body></html>
HybridServer.Stop
8833
HybridServer.SocketAccept: Socket[addr=/127.0.0.1,port=50846,localport=8833]
constructor properties
{db.password=daipassword, numClients=50, db.user=dai, port=10201, db.url=jdbc:mysql://localhost/hstestdb}
Configuration{httpPort=10201, numClients=50, webServiceURL='null', dbUser='dai', dbPassword='daipassword', dbURL='jdbc:mysql://localhost/hstestdb', servers=

HybridServer.Start: 
HybridServer.WaitingConnection 66: ServerSocket[addr=0.0.0.0/0.0.0.0,localport=10201]
HybridServer.SocketAccept: Socket[addr=/127.0.0.1,port=50847,localport=10201]
HybridServer.SocketAccept.Execute
HybridServer.WaitingConnection 67: ServerSocket[addr=0.0.0.0/0.0.0.0,localport=10201]
Request ToString: GET / HTTP/1.1
Connection: close
Content-encoding: UTF-8
Host: localhost:10201
User-Agent: Apache-HttpClient/4.3.5 (java 1.5)
Accept-Encoding: gzip,deflate

Parameters :{}
ResourceName: 
Method: GET
Welcome Detected
RESPONSE TOSTRING:
HTTP/1.1 200 OK
Content-type: text/html
Content-Length: 89

<html><body><h1>Welcome To Hybrid Server</h1><h2>Ã“scar LestÃ³n Casais</h2></body></html>
HybridServer.SocketAccept: Socket[addr=/127.0.0.1,port=50848,localport=10201]
HybridServer.SocketAccept.Execute
HybridServer.WaitingConnection 68: ServerSocket[addr=0.0.0.0/0.0.0.0,localport=10201]
Request ToString: GET / HTTP/1.1
Connection: close
Content-encoding: UTF-8
Host: localhost:10201
User-Agent: Apache-HttpClient/4.3.5 (java 1.5)
Accept-Encoding: gzip,deflate

Parameters :{}
ResourceName: 
Method: GET
Welcome Detected
RESPONSE TOSTRING:
HTTP/1.1 200 OK
Content-type: text/html
Content-Length: 89

<html><body><h1>Welcome To Hybrid Server</h1><h2>Ã“scar LestÃ³n Casais</h2></body></html>
HybridServer.SocketAccept: Socket[addr=/127.0.0.1,port=50849,localport=10201]
HybridServer.SocketAccept.Execute
HybridServer.WaitingConnection 69: ServerSocket[addr=0.0.0.0/0.0.0.0,localport=10201]
Request ToString: GET / HTTP/1.1
Connection: close
Content-encoding: UTF-8
Host: localhost:10201
User-Agent: Apache-HttpClient/4.3.5 (java 1.5)
Accept-Encoding: gzip,deflate

Parameters :{}
ResourceName: 
Method: GET
Welcome Detected
RESPONSE TOSTRING:
HTTP/1.1 200 OK
Content-type: text/html
Content-Length: 89

<html><body><h1>Welcome To Hybrid Server</h1><h2>Ã“scar LestÃ³n Casais</h2></body></html>
HybridServer.SocketAccept: Socket[addr=/127.0.0.1,port=50850,localport=10201]
HybridServer.SocketAccept.Execute
HybridServer.WaitingConnection 70: ServerSocket[addr=0.0.0.0/0.0.0.0,localport=10201]
Request ToString: GET / HTTP/1.1
Connection: close
Content-encoding: UTF-8
Host: localhost:10201
User-Agent: Apache-HttpClient/4.3.5 (java 1.5)
Accept-Encoding: gzip,deflate

Parameters :{}
ResourceName: 
Method: GET
Welcome Detected
RESPONSE TOSTRING:
HTTP/1.1 200 OK
Content-type: text/html
Content-Length: 89

<html><body><h1>Welcome To Hybrid Server</h1><h2>Ã“scar LestÃ³n Casais</h2></body></html>
HybridServer.SocketAccept: Socket[addr=/127.0.0.1,port=50851,localport=10201]
HybridServer.SocketAccept.Execute
HybridServer.WaitingConnection 71: ServerSocket[addr=0.0.0.0/0.0.0.0,localport=10201]
Request ToString: GET / HTTP/1.1
Connection: close
Content-encoding: UTF-8
Host: localhost:10201
User-Agent: Apache-HttpClient/4.3.5 (java 1.5)
Accept-Encoding: gzip,deflate

Parameters :{}
ResourceName: 
Method: GET
Welcome Detected
RESPONSE TOSTRING:
HTTP/1.1 200 OK
Content-type: text/html
Content-Length: 89

<html><body><h1>Welcome To Hybrid Server</h1><h2>Ã“scar LestÃ³n Casais</h2></body></html>
HybridServer.SocketAccept: Socket[addr=/127.0.0.1,port=50852,localport=10201]
HybridServer.SocketAccept.Execute
HybridServer.WaitingConnection 72: ServerSocket[addr=0.0.0.0/0.0.0.0,localport=10201]
Request ToString: GET / HTTP/1.1
Connection: close
Content-encoding: UTF-8
Host: localhost:10201
User-Agent: Apache-HttpClient/4.3.5 (java 1.5)
Accept-Encoding: gzip,deflate

Parameters :{}
ResourceName: 
Method: GET
Welcome Detected
RESPONSE TOSTRING:
HTTP/1.1 200 OK
Content-type: text/html
Content-Length: 89

<html><body><h1>Welcome To Hybrid Server</h1><h2>Ã“scar LestÃ³n Casais</h2></body></html>
HybridServer.SocketAccept: Socket[addr=/127.0.0.1,port=50853,localport=10201]
HybridServer.SocketAccept.Execute
HybridServer.WaitingConnection 73: ServerSocket[addr=0.0.0.0/0.0.0.0,localport=10201]
Request ToString: GET / HTTP/1.1
Connection: close
Content-encoding: UTF-8
Host: localhost:10201
User-Agent: Apache-HttpClient/4.3.5 (java 1.5)
Accept-Encoding: gzip,deflate

Parameters :{}
ResourceName: 
Method: GET
Welcome Detected
RESPONSE TOSTRING:
HTTP/1.1 200 OK
Content-type: text/html
Content-Length: 89

<html><body><h1>Welcome To Hybrid Server</h1><h2>Ã“scar LestÃ³n Casais</h2></body></html>
HybridServer.SocketAccept: Socket[addr=/127.0.0.1,port=50854,localport=10201]
HybridServer.SocketAccept.Execute
HybridServer.WaitingConnection 74: ServerSocket[addr=0.0.0.0/0.0.0.0,localport=10201]
Request ToString: GET / HTTP/1.1
Connection: close
Content-encoding: UTF-8
Host: localhost:10201
User-Agent: Apache-HttpClient/4.3.5 (java 1.5)
Accept-Encoding: gzip,deflate

Parameters :{}
ResourceName: 
Method: GET
Welcome Detected
RESPONSE TOSTRING:
HTTP/1.1 200 OK
Content-type: text/html
Content-Length: 89

<html><body><h1>Welcome To Hybrid Server</h1><h2>Ã“scar LestÃ³n Casais</h2></body></html>
HybridServer.SocketAccept: Socket[addr=/127.0.0.1,port=50855,localport=10201]
HybridServer.SocketAccept.Execute
HybridServer.WaitingConnection 75: ServerSocket[addr=0.0.0.0/0.0.0.0,localport=10201]
Request ToString: GET / HTTP/1.1
Connection: close
Content-encoding: UTF-8
Host: localhost:10201
User-Agent: Apache-HttpClient/4.3.5 (java 1.5)
Accept-Encoding: gzip,deflate

Parameters :{}
ResourceName: 
Method: GET
Welcome Detected
RESPONSE TOSTRING:
HTTP/1.1 200 OK
Content-type: text/html
Content-Length: 89

<html><body><h1>Welcome To Hybrid Server</h1><h2>Ã“scar LestÃ³n Casais</h2></body></html>
HybridServer.SocketAccept: Socket[addr=/127.0.0.1,port=50856,localport=10201]
HybridServer.SocketAccept.Execute
HybridServer.WaitingConnection 76: ServerSocket[addr=0.0.0.0/0.0.0.0,localport=10201]
Request ToString: GET / HTTP/1.1
Connection: close
Content-encoding: UTF-8
Host: localhost:10201
User-Agent: Apache-HttpClient/4.3.5 (java 1.5)
Accept-Encoding: gzip,deflate

Parameters :{}
ResourceName: 
Method: GET
Welcome Detected
RESPONSE TOSTRING:
HTTP/1.1 200 OK
Content-type: text/html
Content-Length: 89

<html><body><h1>Welcome To Hybrid Server</h1><h2>Ã“scar LestÃ³n Casais</h2></body></html>
HybridServer.Stop
10201
HybridServer.SocketAccept: Socket[addr=/127.0.0.1,port=50857,localport=10201]
constructor properties
{db.password=daipassword, numClients=50, db.user=dai, port=10201, db.url=jdbc:mysql://localhost/hstestdb}
Configuration{httpPort=10201, numClients=50, webServiceURL='null', dbUser='dai', dbPassword='daipassword', dbURL='jdbc:mysql://localhost/hstestdb', servers=

HybridServer.Start: 
HybridServer.WaitingConnection 77: ServerSocket[addr=0.0.0.0/0.0.0.0,localport=10201]
HybridServer.SocketAccept: Socket[addr=/127.0.0.1,port=50858,localport=10201]
HybridServer.SocketAccept.Execute
HybridServer.WaitingConnection 78: ServerSocket[addr=0.0.0.0/0.0.0.0,localport=10201]
Request ToString: GET / HTTP/1.1
Connection: close
Content-encoding: UTF-8
Host: localhost:10201
User-Agent: Apache-HttpClient/4.3.5 (java 1.5)
Accept-Encoding: gzip,deflate

Parameters :{}
ResourceName: 
Method: GET
Welcome Detected
RESPONSE TOSTRING:
HTTP/1.1 200 OK
Content-type: text/html
Content-Length: 89

<html><body><h1>Welcome To Hybrid Server</h1><h2>Ã“scar LestÃ³n Casais</h2></body></html>
HybridServer.Stop
10201
HybridServer.SocketAccept: Socket[addr=/127.0.0.1,port=50859,localport=10201]
constructor properties
{db.password=daipassword, numClients=50, db.user=dai, port=21386, db.url=jdbc:mysql://localhost/hstestdb}
Configuration{httpPort=21386, numClients=50, webServiceURL='null', dbUser='dai', dbPassword='daipassword', dbURL='jdbc:mysql://localhost/hstestdb', servers=

HybridServer.Start: 
HybridServer.WaitingConnection 79: ServerSocket[addr=0.0.0.0/0.0.0.0,localport=21386]
HybridServer.SocketAccept: Socket[addr=/127.0.0.1,port=50860,localport=21386]
HybridServer.SocketAccept.Execute
HybridServer.WaitingConnection 80: ServerSocket[addr=0.0.0.0/0.0.0.0,localport=21386]
Request ToString: GET / HTTP/1.1
Connection: close
Content-encoding: UTF-8
Host: localhost:21386
User-Agent: Apache-HttpClient/4.3.5 (java 1.5)
Accept-Encoding: gzip,deflate

Parameters :{}
ResourceName: 
Method: GET
Welcome Detected
RESPONSE TOSTRING:
HTTP/1.1 200 OK
Content-type: text/html
Content-Length: 89

<html><body><h1>Welcome To Hybrid Server</h1><h2>Ã“scar LestÃ³n Casais</h2></body></html>
HybridServer.SocketAccept: Socket[addr=/127.0.0.1,port=50861,localport=21386]
HybridServer.SocketAccept.Execute
HybridServer.WaitingConnection 81: ServerSocket[addr=0.0.0.0/0.0.0.0,localport=21386]
Request ToString: GET / HTTP/1.1
Connection: close
Content-encoding: UTF-8
Host: localhost:21386
User-Agent: Apache-HttpClient/4.3.5 (java 1.5)
Accept-Encoding: gzip,deflate

Parameters :{}
ResourceName: 
Method: GET
Welcome Detected
RESPONSE TOSTRING:
HTTP/1.1 200 OK
Content-type: text/html
Content-Length: 89

<html><body><h1>Welcome To Hybrid Server</h1><h2>Ã“scar LestÃ³n Casais</h2></body></html>
HybridServer.SocketAccept: Socket[addr=/127.0.0.1,port=50862,localport=21386]
HybridServer.SocketAccept.Execute
HybridServer.WaitingConnection 82: ServerSocket[addr=0.0.0.0/0.0.0.0,localport=21386]
Request ToString: GET / HTTP/1.1
Connection: close
Content-encoding: UTF-8
Host: localhost:21386
User-Agent: Apache-HttpClient/4.3.5 (java 1.5)
Accept-Encoding: gzip,deflate

Parameters :{}
ResourceName: 
Method: GET
Welcome Detected
RESPONSE TOSTRING:
HTTP/1.1 200 OK
Content-type: text/html
Content-Length: 89

[...]
<div class="artist">Artist: The Black Crowes</div>
<div class="genre">Genre: Southern Rock</div>
</div>
<hr>
<h2>Movies 4</h2>
<div class="movie4">
<h3>The Godfather(1972)</h3>
<div class="director">Director: Francis Ford Coppola</div>
<div class="genre">Genre: Drama</div>
</div>
<div class="movie4">
<h3>Interstellar()</h3>
<div class="director">Director: Christopher Nolan</div>
<div class="genre">Genre: Adventure</div>
</div>
<hr>
<h2>Books 4</h2>
<div class="book4">
<h3>Dune(1965)</h3>
<div class="author">Author: Frank Herbert</div>
<div class="genre">Genre: Science Fiction</div>
<div class="pages">Pages: 412</div>
</div>
<div class="book4">
<h3>Siddhartha(1922)</h3>
<div class="author">Author: Hermann Hesse</div>
<div class="genre">Genre: Novel</div>
<div class="pages">Pages: 152</div>
</div>
</div>
</body>
</html>

HybridServer.Stop
10001
HybridServer.SocketAccept: Socket[addr=/127.0.0.1,port=55551,localport=10001]
HybridServer.Stop
10002
HybridServer.SocketAccept: Socket[addr=/127.0.0.1,port=55552,localport=10002]
HybridServer.Stop
10003
HybridServer.SocketAccept: Socket[addr=/127.0.0.1,port=55553,localport=10003]
HybridServer.Stop
10004
HybridServer.SocketAccept: Socket[addr=/127.0.0.1,port=55554,localport=10004]
constructor configuration
Configuration{httpPort=10001, numClients=50, webServiceURL='http://localhost:20001/hs', dbUser='hsdb', dbPassword='hsdbpass', dbURL='jdbc:mysql://localhost:3306/hstestdb1', servers=

HybridServer.Start: 
constructor configuration
Configuration{httpPort=10002, numClients=50, webServiceURL='http://localhost:20002/hs', dbUser='hsdb', dbPassword='hsdbpass', dbURL='jdbc:mysql://localhost:3306/hstestdb2', servers=

HybridServer.Start: 
constructor configuration
Configuration{httpPort=10003, numClients=50, webServiceURL='http://localhost:20003/hs', dbUser='hsdb', dbPassword='hsdbpass', dbURL='jdbc:mysql://localhost:3306/hstestdb3', servers=

HybridServer.Start: 
constructor configuration
Configuration{httpPort=10004, numClients=50, webServiceURL='http://localhost:20004/hs', dbUser='hsdb', dbPassword='hsdbpass', dbURL='jdbc:mysql://localhost:3306/hstestdb4', servers=

HybridServer.Start: 
HybridServer.WaitingConnection 1073: ServerSocket[addr=0.0.0.0/0.0.0.0,localport=10001]
HybridServer.WaitingConnection 1074: ServerSocket[addr=0.0.0.0/0.0.0.0,localport=10003]
HybridServer.WaitingConnection 1075: ServerSocket[addr=0.0.0.0/0.0.0.0,localport=10002]
HybridServer.WaitingConnection 1076: ServerSocket[addr=0.0.0.0/0.0.0.0,localport=10004]
HybridServer.SocketAccept: Socket[addr=/127.0.0.1,port=55567,localport=10004]
HybridServer.SocketAccept.Execute
HybridServer.WaitingConnection 1077: ServerSocket[addr=0.0.0.0/0.0.0.0,localport=10004]
Request ToString: GET /xml?uuid=ddcab7d0-636c-1111-8db3-685b35c84fb4&xslt=f260dfee-636c-3333-1111-685b35c84fb4 HTTP/1.1
Connection: close
Content-encoding: UTF-8
Host: localhost:10004
User-Agent: Apache-HttpClient/4.3.5 (java 1.5)
Accept-Encoding: gzip,deflate

Parameters :{uuid=ddcab7d0-636c-1111-8db3-685b35c84fb4, xslt=f260dfee-636c-3333-1111-685b35c84fb4}
ResourceName: xml
Method: GET
RESPONSE TOSTRING:
HTTP/1.1 200 OK
Content-Type: text/html
Content-Length: 326

<!DOCTYPE html><html xmlns:tns="http://www.esei.uvigo.es/dai/proyecto">
<head>
<META http-equiv="Content-Type" content="text/html; charset=utf-8">
<title>People</title>
</head>
<body>
<div>
<h1>People</h1>
<div class="person1">
<h3>DNI: 11111111A</h3>
<div class="name">Pepe</div>
</div>
</div>
</body>
</html>

HybridServer.SocketAccept: Socket[addr=/127.0.0.1,port=55584,localport=10004]
HybridServer.SocketAccept.Execute
HybridServer.WaitingConnection 1078: ServerSocket[addr=0.0.0.0/0.0.0.0,localport=10004]
Request ToString: GET /xml?uuid=ddcab7d0-636c-2222-8db3-685b35c84fb4&xslt=f260dfee-636c-4444-2222-685b35c84fb4 HTTP/1.1
Connection: close
Content-encoding: UTF-8
Host: localhost:10004
User-Agent: Apache-HttpClient/4.3.5 (java 1.5)
Accept-Encoding: gzip,deflate

Parameters :{uuid=ddcab7d0-636c-2222-8db3-685b35c84fb4, xslt=f260dfee-636c-4444-2222-685b35c84fb4}
ResourceName: xml
Method: GET
RESPONSE TOSTRING:
HTTP/1.1 200 OK
Content-Type: text/html
Content-Length: 326

<!DOCTYPE html><html xmlns:tns="http://www.esei.uvigo.es/dai/proyecto">
<head>
<META http-equiv="Content-Type" content="text/html; charset=utf-8">
<title>People</title>
</head>
<body>
<div>
<h1>People</h1>
<div class="person2">
<h3>DNI: 22222222B</h3>
<div class="name">Pepe</div>
</div>
</div>
</body>
</html>

HybridServer.SocketAccept: Socket[addr=/127.0.0.1,port=55590,localport=10004]
HybridServer.SocketAccept.Execute
HybridServer.WaitingConnection 1079: ServerSocket[addr=0.0.0.0/0.0.0.0,localport=10004]
Request ToString: GET /xml?uuid=ea118888-6908-3333-9620-685b35c84fb4&xslt=1fd26c94-6909-2222-3333-685b35c84fb4 HTTP/1.1
Connection: close
Content-encoding: UTF-8
Host: localhost:10004
User-Agent: Apache-HttpClient/4.3.5 (java 1.5)
Accept-Encoding: gzip,deflate

Parameters :{uuid=ea118888-6908-3333-9620-685b35c84fb4, xslt=1fd26c94-6909-2222-3333-685b35c84fb4}
ResourceName: xml
Method: GET
RESPONSE TOSTRING:
HTTP/1.1 200 OK
Content-Type: text/html
Content-Length: 1460

<!DOCTYPE html><html xmlns:tns="http://www.esei.uvigo.es/dai/proyecto">
<head>
<META http-equiv="Content-Type" content="text/html; charset=utf-8">
<title>Collection</title>
</head>
<body>
<div>
<h1>Collection</h1>
<h2>Discs 3</h2>
<div class="disc3">
<h3>Live in Japan(1972)</h3>
<div class="artist">Artist: Deep Purple</div>
<div class="genre">Genre: Hard Rock</div>
</div>
<div class="disc3">
<h3>Led Zeppelin(1972)</h3>
<div class="artist">Artist: Led Zeppelin</div>
<div class="genre">Genre: Hard Rock</div>
</div>
<div class="disc3">
<h3>Shake Your Money Maker(1990)</h3>
<div class="artist">Artist: The Black Crowes</div>
<div class="genre">Genre: Southern Rock</div>
</div>
<hr>
<h2>Movies 3</h2>
<div class="movie3">
<h3>The Godfather(1972)</h3>
<div class="director">Director: Francis Ford Coppola</div>
<div class="genre">Genre: Drama</div>
</div>
<div class="movie3">
<h3>Interstellar()</h3>
<div class="director">Director: Christopher Nolan</div>
<div class="genre">Genre: Adventure</div>
</div>
<hr>
<h2>Books 3</h2>
<div class="book3">
<h3>Dune(1965)</h3>
<div class="author">Author: Frank Herbert</div>
<div class="genre">Genre: Science Fiction</div>
<div class="pages">Pages: 412</div>
</div>
<div class="book3">
<h3>Siddhartha(1922)</h3>
<div class="author">Author: Hermann Hesse</div>
<div class="genre">Genre: Novel</div>
<div class="pages">Pages: 152</div>
</div>
</div>
</body>
</html>

HybridServer.SocketAccept: Socket[addr=/127.0.0.1,port=55600,localport=10004]
HybridServer.SocketAccept.Execute
HybridServer.WaitingConnection 1080: ServerSocket[addr=0.0.0.0/0.0.0.0,localport=10004]
Request ToString: GET /xml?uuid=ea118888-6908-4444-9620-685b35c84fb4&xslt=1fd26c94-6909-1111-4444-685b35c84fb4 HTTP/1.1
Connection: close
Content-encoding: UTF-8
Host: localhost:10004
User-Agent: Apache-HttpClient/4.3.5 (java 1.5)
Accept-Encoding: gzip,deflate

Parameters :{uuid=ea118888-6908-4444-9620-685b35c84fb4, xslt=1fd26c94-6909-1111-4444-685b35c84fb4}
ResourceName: xml
Method: GET
RESPONSE TOSTRING:
HTTP/1.1 200 OK
Content-Type: text/html
Content-Length: 1460

<!DOCTYPE html><html xmlns:tns="http://www.esei.uvigo.es/dai/proyecto">
<head>
<META http-equiv="Content-Type" content="text/html; charset=utf-8">
<title>Collection</title>
</head>
<body>
<div>
<h1>Collection</h1>
<h2>Discs 4</h2>
<div class="disc4">
<h3>Live in Japan(1972)</h3>
<div class="artist">Artist: Deep Purple</div>
<div class="genre">Genre: Hard Rock</div>
</div>
<div class="disc4">
<h3>Led Zeppelin(1972)</h3>
<div class="artist">Artist: Led Zeppelin</div>
<div class="genre">Genre: Hard Rock</div>
</div>
<div class="disc4">
<h3>Shake Your Money Maker(1990)</h3>
<div class="artist">Artist: The Black Crowes</div>
<div class="genre">Genre: Southern Rock</div>
</div>
<hr>
<h2>Movies 4</h2>
<div class="movie4">
<h3>The Godfather(1972)</h3>
<div class="director">Director: Francis Ford Coppola</div>
<div class="genre">Genre: Drama</div>
</div>
<div class="movie4">
<h3>Interstellar()</h3>
<div class="director">Director: Christopher Nolan</div>
<div class="genre">Genre: Adventure</div>
</div>
<hr>
<h2>Books 4</h2>
<div class="book4">
<h3>Dune(1965)</h3>
<div class="author">Author: Frank Herbert</div>
<div class="genre">Genre: Science Fiction</div>
<div class="pages">Pages: 412</div>
</div>
<div class="book4">
<h3>Siddhartha(1922)</h3>
<div class="author">Author: Hermann Hesse</div>
<div class="genre">Genre: Novel</div>
<div class="pages">Pages: 152</div>
</div>
</div>
</body>
</html>

HybridServer.Stop
10001
HybridServer.SocketAccept: Socket[addr=/127.0.0.1,port=55614,localport=10001]
HybridServer.Stop
10002
HybridServer.SocketAccept: Socket[addr=/127.0.0.1,port=55615,localport=10002]
HybridServer.Stop
10003
HybridServer.SocketAccept: Socket[addr=/127.0.0.1,port=55616,localport=10003]
HybridServer.Stop
10004
HybridServer.SocketAccept: Socket[addr=/127.0.0.1,port=55617,localport=10004]
constructor configuration
Configuration{httpPort=10001, numClients=50, webServiceURL='http://localhost:20001/hs', dbUser='hsdb', dbPassword='hsdbpass', dbURL='jdbc:mysql://localhost:3306/hstestdb1', servers=

HybridServer.Start: 
constructor configuration
Configuration{httpPort=10002, numClients=50, webServiceURL='http://localhost:20002/hs', dbUser='hsdb', dbPassword='hsdbpass', dbURL='jdbc:mysql://localhost:3306/hstestdb2', servers=

HybridServer.Start: 
constructor configuration
Configuration{httpPort=10003, numClients=50, webServiceURL='http://localhost:20003/hs', dbUser='hsdb', dbPassword='hsdbpass', dbURL='jdbc:mysql://localhost:3306/hstestdb3', servers=

HybridServer.Start: 
constructor configuration
Configuration{httpPort=10004, numClients=50, webServiceURL='http://localhost:20004/hs', dbUser='hsdb', dbPassword='hsdbpass', dbURL='jdbc:mysql://localhost:3306/hstestdb4', servers=

HybridServer.Start: 
HybridServer.WaitingConnection 1081: ServerSocket[addr=0.0.0.0/0.0.0.0,localport=10003]
HybridServer.WaitingConnection 1082: ServerSocket[addr=0.0.0.0/0.0.0.0,localport=10002]
HybridServer.WaitingConnection 1083: ServerSocket[addr=0.0.0.0/0.0.0.0,localport=10001]
HybridServer.WaitingConnection 1084: ServerSocket[addr=0.0.0.0/0.0.0.0,localport=10004]
HybridServer.SocketAccept: Socket[addr=/127.0.0.1,port=55630,localport=10004]
HybridServer.SocketAccept.Execute
HybridServer.WaitingConnection 1085: ServerSocket[addr=0.0.0.0/0.0.0.0,localport=10004]
Request ToString: GET /xml?uuid=ddcab7d0-636c-1111-8db3-685b35c84fb4&xslt=f260dfee-636c-1111-bbdd-685b35c84fb4 HTTP/1.1
Connection: close
Content-encoding: UTF-8
Host: localhost:10004
User-Agent: Apache-HttpClient/4.3.5 (java 1.5)
Accept-Encoding: gzip,deflate

Parameters :{uuid=ddcab7d0-636c-1111-8db3-685b35c84fb4, xslt=f260dfee-636c-1111-bbdd-685b35c84fb4}
ResourceName: xml
Method: GET
RESPONSE TOSTRING:
HTTP/1.1 200 OK
Content-Type: text/html
Content-Length: 326

<!DOCTYPE html><html xmlns:tns="http://www.esei.uvigo.es/dai/proyecto">
<head>
<META http-equiv="Content-Type" content="text/html; charset=utf-8">
<title>People</title>
</head>
<body>
<div>
<h1>People</h1>
<div class="person1">
<h3>DNI: 11111111A</h3>
<div class="name">Pepe</div>
</div>
</div>
</body>
</html>

HybridServer.SocketAccept: Socket[addr=/127.0.0.1,port=55650,localport=10004]
HybridServer.SocketAccept.Execute
HybridServer.WaitingConnection 1086: ServerSocket[addr=0.0.0.0/0.0.0.0,localport=10004]
Request ToString: GET /xml?uuid=ea118888-6908-1111-9620-685b35c84fb4&xslt=1fd26c94-6909-1111-9a75-685b35c84fb4 HTTP/1.1
Connection: close
Content-encoding: UTF-8
Host: localhost:10004
User-Agent: Apache-HttpClient/4.3.5 (java 1.5)
Accept-Encoding: gzip,deflate

Parameters :{uuid=ea118888-6908-1111-9620-685b35c84fb4, xslt=1fd26c94-6909-1111-9a75-685b35c84fb4}
ResourceName: xml
Method: GET
RESPONSE TOSTRING:
HTTP/1.1 200 OK
Content-Type: text/html
Content-Length: 1460

<!DOCTYPE html><html xmlns:tns="http://www.esei.uvigo.es/dai/proyecto">
<head>
<META http-equiv="Content-Type" content="text/html; charset=utf-8">
<title>Collection</title>
</head>
<body>
<div>
<h1>Collection</h1>
<h2>Discs 1</h2>
<div class="disc1">
<h3>Live in Japan(1972)</h3>
<div class="artist">Artist: Deep Purple</div>
<div class="genre">Genre: Hard Rock</div>
</div>
<div class="disc1">
<h3>Led Zeppelin(1972)</h3>
<div class="artist">Artist: Led Zeppelin</div>
<div class="genre">Genre: Hard Rock</div>
</div>
<div class="disc1">
<h3>Shake Your Money Maker(1990)</h3>
<div class="artist">Artist: The Black Crowes</div>
<div class="genre">Genre: Southern Rock</div>
</div>
<hr>
<h2>Movies 1</h2>
<div class="movie1">
<h3>The Godfather(1972)</h3>
<div class="director">Director: Francis Ford Coppola</div>
<div class="genre">Genre: Drama</div>
</div>
<div class="movie1">
<h3>Interstellar()</h3>
<div class="director">Director: Christopher Nolan</div>
<div class="genre">Genre: Adventure</div>
</div>
<hr>
<h2>Books 1</h2>
<div class="book1">
<h3>Dune(1965)</h3>
<div class="author">Author: Frank Herbert</div>
<div class="genre">Genre: Science Fiction</div>
<div class="pages">Pages: 412</div>
</div>
<div class="book1">
<h3>Siddhartha(1922)</h3>
<div class="author">Author: Hermann Hesse</div>
<div class="genre">Genre: Novel</div>
<div class="pages">Pages: 152</div>
</div>
</div>
</body>
</html>

HybridServer.SocketAccept: Socket[addr=/127.0.0.1,port=55667,localport=10004]
HybridServer.SocketAccept.Execute
HybridServer.WaitingConnection 1087: ServerSocket[addr=0.0.0.0/0.0.0.0,localport=10004]
Request ToString: GET /xml?uuid=ddcab7d0-636c-2222-8db3-685b35c84fb4&xslt=f260dfee-636c-2222-bbdd-685b35c84fb4 HTTP/1.1
Connection: close
Content-encoding: UTF-8
Host: localhost:10004
User-Agent: Apache-HttpClient/4.3.5 (java 1.5)
Accept-Encoding: gzip,deflate

Parameters :{uuid=ddcab7d0-636c-2222-8db3-685b35c84fb4, xslt=f260dfee-636c-2222-bbdd-685b35c84fb4}
ResourceName: xml
Method: GET
RESPONSE TOSTRING:
HTTP/1.1 200 OK
Content-Type: text/html
Content-Length: 326

<!DOCTYPE html><html xmlns:tns="http://www.esei.uvigo.es/dai/proyecto">
<head>
<META http-equiv="Content-Type" content="text/html; charset=utf-8">
<title>People</title>
</head>
<body>
<div>
<h1>People</h1>
<div class="person2">
<h3>DNI: 22222222B</h3>
<div class="name">Pepe</div>
</div>
</div>
</body>
</html>

HybridServer.SocketAccept: Socket[addr=/127.0.0.1,port=55676,localport=10004]
HybridServer.SocketAccept.Execute
HybridServer.WaitingConnection 1088: ServerSocket[addr=0.0.0.0/0.0.0.0,localport=10004]
Request ToString: GET /xml?uuid=ea118888-6908-2222-9620-685b35c84fb4&xslt=1fd26c94-6909-2222-9a75-685b35c84fb4 HTTP/1.1
Connection: close
Content-encoding: UTF-8
Host: localhost:10004
User-Agent: Apache-HttpClient/4.3.5 (java 1.5)
Accept-Encoding: gzip,deflate

Parameters :{uuid=ea118888-6908-2222-9620-685b35c84fb4, xslt=1fd26c94-6909-2222-9a75-685b35c84fb4}
ResourceName: xml
Method: GET
RESPONSE TOSTRING:
HTTP/1.1 200 OK
Content-Type: text/html
Content-Length: 1460

<!DOCTYPE html><html xmlns:tns="http://www.esei.uvigo.es/dai/proyecto">
<head>
<META http-equiv="Content-Type" content="text/html; charset=utf-8">
<title>Collection</title>
</head>
<body>
<div>
<h1>Collection</h1>
<h2>Discs 2</h2>
<div class="disc2">
<h3>Live in Japan(1972)</h3>
<div class="artist">Artist: Deep Purple</div>
<div class="genre">Genre: Hard Rock</div>
</div>
<div class="disc2">
<h3>Led Zeppelin(1972)</h3>
<div class="artist">Artist: Led Zeppelin</div>
<div class="genre">Genre: Hard Rock</div>
</div>
<div class="disc2">
<h3>Shake Your Money Maker(1990)</h3>
<div class="artist">Artist: The Black Crowes</div>
<div class="genre">Genre: Southern Rock</div>
</div>
<hr>
<h2>Movies 2</h2>
<div class="movie2">
<h3>The Godfather(1972)</h3>
<div class="director">Director: Francis Ford Coppola</div>
<div class="genre">Genre: Drama</div>
</div>
<div class="movie2">
<h3>Interstellar()</h3>
<div class="director">Director: Christopher Nolan</div>
<div class="genre">Genre: Adventure</div>
</div>
<hr>
<h2>Books 2</h2>
<div class="book2">
<h3>Dune(1965)</h3>
<div class="author">Author: Frank Herbert</div>
<div class="genre">Genre: Science Fiction</div>
<div class="pages">Pages: 412</div>
</div>
<div class="book2">
<h3>Siddhartha(1922)</h3>
<div class="author">Author: Hermann Hesse</div>
<div class="genre">Genre: Novel</div>
<div class="pages">Pages: 152</div>
</div>
</div>
</body>
</html>

HybridServer.SocketAccept: Socket[addr=/127.0.0.1,port=55685,localport=10004]
HybridServer.SocketAccept.Execute
HybridServer.WaitingConnection 1089: ServerSocket[addr=0.0.0.0/0.0.0.0,localport=10004]
Request ToString: GET /xml?uuid=ddcab7d0-636c-3333-8db3-685b35c84fb4&xslt=f260dfee-636c-3333-bbdd-685b35c84fb4 HTTP/1.1
Connection: close
Content-encoding: UTF-8
Host: localhost:10004
User-Agent: Apache-HttpClient/4.3.5 (java 1.5)
Accept-Encoding: gzip,deflate

Parameters :{uuid=ddcab7d0-636c-3333-8db3-685b35c84fb4, xslt=f260dfee-636c-3333-bbdd-685b35c84fb4}
ResourceName: xml
Method: GET
RESPONSE TOSTRING:
HTTP/1.1 200 OK
Content-Type: text/html
Content-Length: 326

<!DOCTYPE html><html xmlns:tns="http://www.esei.uvigo.es/dai/proyecto">
<head>
<META http-equiv="Content-Type" content="text/html; charset=utf-8">
<title>People</title>
</head>
<body>
<div>
<h1>People</h1>
<div class="person3">
<h3>DNI: 33333333C</h3>
<div class="name">Pepe</div>
</div>
</div>
</body>
</html>

HybridServer.SocketAccept: Socket[addr=/127.0.0.1,port=55698,localport=10004]
HybridServer.SocketAccept.Execute
HybridServer.WaitingConnection 1090: ServerSocket[addr=0.0.0.0/0.0.0.0,localport=10004]
Request ToString: GET /xml?uuid=ea118888-6908-3333-9620-685b35c84fb4&xslt=1fd26c94-6909-3333-9a75-685b35c84fb4 HTTP/1.1
Connection: close
Content-encoding: UTF-8
Host: localhost:10004
User-Agent: Apache-HttpClient/4.3.5 (java 1.5)
Accept-Encoding: gzip,deflate

Parameters :{uuid=ea118888-6908-3333-9620-685b35c84fb4, xslt=1fd26c94-6909-3333-9a75-685b35c84fb4}
ResourceName: xml
Method: GET
RESPONSE TOSTRING:
HTTP/1.1 200 OK
Content-Type: text/html
Content-Length: 1460

<!DOCTYPE html><html xmlns:tns="http://www.esei.uvigo.es/dai/proyecto">
<head>
<META http-equiv="Content-Type" content="text/html; charset=utf-8">
<title>Collection</title>
</head>
<body>
<div>
<h1>Collection</h1>
<h2>Discs 3</h2>
<div class="disc3">
<h3>Live in Japan(1972)</h3>
<div class="artist">Artist: Deep Purple</div>
<div class="genre">Genre: Hard Rock</div>
</div>
<div class="disc3">
<h3>Led Zeppelin(1972)</h3>
<div class="artist">Artist: Led Zeppelin</div>
<div class="genre">Genre: Hard Rock</div>
</div>
<div class="disc3">
<h3>Shake Your Money Maker(1990)</h3>
<div class="artist">Artist: The Black Crowes</div>
<div class="genre">Genre: Southern Rock</div>
</div>
<hr>
<h2>Movies 3</h2>
<div class="movie3">
<h3>The Godfather(1972)</h3>
<div class="director">Director: Francis Ford Coppola</div>
<div class="genre">Genre: Drama</div>
</div>
<div class="movie3">
<h3>Interstellar()</h3>
<div class="director">Director: Christopher Nolan</div>
<div class="genre">Genre: Adventure</div>
</div>
<hr>
<h2>Books 3</h2>
<div class="book3">
<h3>Dune(1965)</h3>
<div class="author">Author: Frank Herbert</div>
<div class="genre">Genre: Science Fiction</div>
<div class="pages">Pages: 412</div>
</div>
<div class="book3">
<h3>Siddhartha(1922)</h3>
<div class="author">Author: Hermann Hesse</div>
<div class="genre">Genre: Novel</div>
<div class="pages">Pages: 152</div>
</div>
</div>
</body>
</html>

HybridServer.Stop
10001
HybridServer.SocketAccept: Socket[addr=/127.0.0.1,port=55711,localport=10001]
HybridServer.Stop
10002
HybridServer.SocketAccept: Socket[addr=/127.0.0.1,port=55712,localport=10002]
HybridServer.Stop
10003
HybridServer.SocketAccept: Socket[addr=/127.0.0.1,port=55713,localport=10003]
HybridServer.Stop
10004
HybridServer.SocketAccept: Socket[addr=/127.0.0.1,port=55714,localport=10004]
]]></system-out>
  <system-err><![CDATA[]]></system-err>
</testsuite>
